<?xml version="1.0" encoding="UTF-8"?>
<testsuites name="4" time="80.606" tests="5" failures="1" errors="0">
   <testsuite name="4" tests="5" failures="1" errors="0" time="80.606" timestamp="2020-07-16 23:27:29" hostname="WIN10 - DESKTOP-0NVCT6K" id="Test Suites/E-Lead Usecase/4">
      <properties>
         <property name="deviceName" value=""/>
         <property name="devicePlatform" value=""/>
         <property name="logFolder" value="C:\\Users\\WIN10\\git\\Best-Project\\Reports\\20200716_232726\\E-Lead Usecase\\4\\20200716_232726"/>
         <property name="logFiles" value="C:\\Users\\WIN10\\git\\Best-Project\\Reports\\20200716_232726\\E-Lead Usecase\\4\\20200716_232726\\execution0.log"/>
         <property name="attachments" value="C:\\Users\\WIN10\\git\\Best-Project\\Reports\\20200716_232726\\E-Lead Usecase\\4\\20200716_232726\\1594916928647.png"/>
         <property name="hostName" value="WIN10 - DESKTOP-0NVCT6K"/>
         <property name="os" value="Windows 10 64bit"/>
         <property name="katalonVersion" value="7.5.2.1"/>
         <property name="browser" value="Chrome 83.0.4103.116"/>
         <property name="hostAddress" value="192.168.1.2"/>
         <property name="sessionId" value="c8ce3796913c21642b5120d9b2f17931"/>
         <property name="seleniumVersion" value="3.141.59"/>
         <property name="proxyInformation" value="ProxyInformation { proxyOption=NO_PROXY, proxyServerType=HTTP, username=, password=********, proxyServerAddress=, proxyServerPort=0, executionList=\&quot;\&quot;, isApplyToDesiredCapabilities=true }"/>
         <property name="platform" value="Windows 10"/>
      </properties>
      <testcase name="Test Cases/E-Lead Test Case/1" time="17.589" classname="Test Cases/E-Lead Test Case/1" status="PASSED">
         <system-out><![CDATA[2020-07-16 23:27:29 - [TEST_CASE][PASSED] - Test Cases/E-Lead Test Case/1: Test Cases/E-Lead Test Case/1

2020-07-16 23:27:29 - [TEST_STEP][PASSED] - openBrowser("http://crmc.opencloud.digital:64216/index.php"): Browser is opened with url: 'http://crmc.opencloud.digital:64216/index.php'

2020-07-16 23:27:30 - [MESSAGE][INFO] - Starting 'Chrome' driver

2020-07-16 23:27:30 - [MESSAGE][INFO] - Action delay is set to 0 milliseconds

2020-07-16 23:27:34 - [MESSAGE][PASSED] - Browser is opened with url: 'http://crmc.opencloud.digital:64216/index.php'

2020-07-16 23:27:34 - [TEST_STEP][PASSED] - setText(findTestObject("Account repository/Login/input_User name_username"), findTestData("Calendar Test Data/D1").getValue(1, 1)): Text 'admin' is set on object 'Object Repository/Account repository/Login/input_User name_username'

2020-07-16 23:27:35 - [MESSAGE][PASSED] - Text 'admin' is set on object 'Object Repository/Account repository/Login/input_User name_username'

2020-07-16 23:27:35 - [TEST_STEP][PASSED] - setText(findTestObject("Account repository/Login/input_Password_password"), findTestData("Calendar Test Data/D1").getValue(2, 1)): Text '1qaz2WSX3edc ' is set on object 'Object Repository/Account repository/Login/input_Password_password'

2020-07-16 23:27:36 - [MESSAGE][PASSED] - Text '1qaz2WSX3edc ' is set on object 'Object Repository/Account repository/Login/input_Password_password'

2020-07-16 23:27:36 - [TEST_STEP][PASSED] - click(findTestObject("Account repository/Login/button_Sign in")): Object: 'Object Repository/Account repository/Login/button_Sign in' is clicked on

2020-07-16 23:27:38 - [MESSAGE][PASSED] - Object: 'Object Repository/Account repository/Login/button_Sign in' is clicked on

2020-07-16 23:27:38 - [TEST_STEP][PASSED] - click(findTestObject("E-Lead repository/Page_Home/a_E-Lead")): Object: 'Object Repository/E-Lead repository/Page_Home/a_E-Lead' is clicked on

2020-07-16 23:27:44 - [MESSAGE][PASSED] - Object: 'Object Repository/E-Lead repository/Page_Home/a_E-Lead' is clicked on

2020-07-16 23:27:44 - [TEST_STEP][PASSED] - delay(2): Delayed 2 second(s)

2020-07-16 23:27:46 - [MESSAGE][PASSED] - Delayed 2 second(s)]]></system-out>
         <system-err><![CDATA[]]></system-err>
      </testcase>
      <testcase name="Test Cases/E-Lead Test Case/5" time="6.914" classname="Test Cases/E-Lead Test Case/5" status="PASSED">
         <system-out><![CDATA[2020-07-16 23:27:46 - [TEST_CASE][PASSED] - Test Cases/E-Lead Test Case/5: Test Cases/E-Lead Test Case/5

2020-07-16 23:27:47 - [TEST_STEP][PASSED] - setText(findTestObject("E-Lead repository/Page_E-Lead/input_Created DateTime_eleadname"), findTestData("E-Lead Test Data/D2").getValue(1, 1)): Text 'เครื่องคอมพิวเตอร์' is set on object 'Object Repository/E-Lead repository/Page_E-Lead/input_Created DateTime_eleadname'

2020-07-16 23:27:48 - [MESSAGE][PASSED] - Text 'เครื่องคอมพิวเตอร์' is set on object 'Object Repository/E-Lead repository/Page_E-Lead/input_Created DateTime_eleadname'

2020-07-16 23:27:48 - [TEST_STEP][PASSED] - click(findTestObject("E-Lead repository/Page_E-Lead/button_Search")): Object: 'Object Repository/E-Lead repository/Page_E-Lead/button_Search' is clicked on

2020-07-16 23:27:48 - [MESSAGE][PASSED] - Object: 'Object Repository/E-Lead repository/Page_E-Lead/button_Search' is clicked on

2020-07-16 23:27:48 - [TEST_STEP][PASSED] - click(findTestObject("E-Lead repository/Page_E-Lead/a_")): Object: 'Object Repository/E-Lead repository/Page_E-Lead/a_' is clicked on

2020-07-16 23:27:51 - [MESSAGE][PASSED] - Object: 'Object Repository/E-Lead repository/Page_E-Lead/a_' is clicked on

2020-07-16 23:27:51 - [TEST_STEP][PASSED] - delay(2): Delayed 2 second(s)

2020-07-16 23:27:53 - [MESSAGE][PASSED] - Delayed 2 second(s)]]></system-out>
         <system-err><![CDATA[]]></system-err>
      </testcase>
      <testcase name="Test Cases/E-Lead Test Case/8" time="4.697" classname="Test Cases/E-Lead Test Case/8" status="PASSED">
         <system-out><![CDATA[2020-07-16 23:27:53 - [TEST_CASE][PASSED] - Test Cases/E-Lead Test Case/8: Test Cases/E-Lead Test Case/8

2020-07-16 23:27:54 - [TEST_STEP][PASSED] - click(findTestObject("E-Lead repository/Page_E-Lead/button_Convert To Opportunity")): Object: 'Object Repository/E-Lead repository/Page_E-Lead/button_Convert To Opportunity' is clicked on

2020-07-16 23:27:55 - [MESSAGE][PASSED] - Object: 'Object Repository/E-Lead repository/Page_E-Lead/button_Convert To Opportunity' is clicked on

2020-07-16 23:27:55 - [TEST_STEP][PASSED] - click(findTestObject("Opportunity repository/Page_Opportunities/button_Save opp")): Object: 'Object Repository/Opportunity repository/Page_Opportunities/button_Save opp' is clicked on

2020-07-16 23:27:56 - [MESSAGE][PASSED] - Object: 'Object Repository/Opportunity repository/Page_Opportunities/button_Save opp' is clicked on

2020-07-16 23:27:56 - [TEST_STEP][PASSED] - delay(2): Delayed 2 second(s)

2020-07-16 23:27:58 - [MESSAGE][PASSED] - Delayed 2 second(s)]]></system-out>
         <system-err><![CDATA[]]></system-err>
      </testcase>
      <testcase name="Test Cases/E-Lead Test Case/7" time="25.003" classname="Test Cases/E-Lead Test Case/7" status="PASSED">
         <system-out><![CDATA[2020-07-16 23:27:58 - [TEST_CASE][PASSED] - Test Cases/E-Lead Test Case/7: Test Cases/E-Lead Test Case/7

2020-07-16 23:27:58 - [TEST_STEP][PASSED] - click(findTestObject("Opportunity repository/Page_Opportunities NEW ADD/clear opp")): Object: 'Object Repository/Opportunity repository/Page_Opportunities NEW ADD/clear opp' is clicked on

2020-07-16 23:27:59 - [MESSAGE][PASSED] - Object: 'Object Repository/Opportunity repository/Page_Opportunities NEW ADD/clear opp' is clicked on

2020-07-16 23:27:59 - [TEST_STEP][PASSED] - delay(1): Delayed 1 second(s)

2020-07-16 23:28:00 - [MESSAGE][PASSED] - Delayed 1 second(s)

2020-07-16 23:28:00 - [TEST_STEP][PASSED] - setText(findTestObject("Opportunity repository/Page_Opportunities NEW ADD/input__opp name"), findTestData("Opportunity Test Data/D3").getValue(1, 1)): Text 'ขึ้นดอย' is set on object 'Object Repository/Opportunity repository/Page_Opportunities NEW ADD/input__opp name'

2020-07-16 23:28:01 - [MESSAGE][PASSED] - Text 'ขึ้นดอย' is set on object 'Object Repository/Opportunity repository/Page_Opportunities NEW ADD/input__opp name'

2020-07-16 23:28:01 - [TEST_STEP][PASSED] - click(findTestObject("Opportunity repository/Page_Opportunities NEW ADD/Search account name")): Object: 'Object Repository/Opportunity repository/Page_Opportunities NEW ADD/Search account name' is clicked on

2020-07-16 23:28:01 - [MESSAGE][PASSED] - Object: 'Object Repository/Opportunity repository/Page_Opportunities NEW ADD/Search account name' is clicked on

2020-07-16 23:28:01 - [TEST_STEP][PASSED] - switchToWindowTitle("Accounts"): Switched to window with title: 'Accounts'

2020-07-16 23:28:03 - [MESSAGE][PASSED] - Switched to window with title: 'Accounts'

2020-07-16 23:28:03 - [TEST_STEP][PASSED] - click(findTestObject("Opportunity repository/Page_Accounts/a_   sirirut")): Object: 'Object Repository/Opportunity repository/Page_Accounts/a_   sirirut' is clicked on

2020-07-16 23:28:03 - [MESSAGE][PASSED] - Object: 'Object Repository/Opportunity repository/Page_Accounts/a_   sirirut' is clicked on

2020-07-16 23:28:03 - [TEST_STEP][PASSED] - switchToDefaultContent(): null

2020-07-16 23:28:06 - [TEST_STEP][PASSED] - click(findTestObject("Opportunity repository/Page_Opportunities NEW ADD/Search contact name")): Object: 'Object Repository/Opportunity repository/Page_Opportunities NEW ADD/Search contact name' is clicked on

2020-07-16 23:28:06 - [MESSAGE][PASSED] - Object: 'Object Repository/Opportunity repository/Page_Opportunities NEW ADD/Search contact name' is clicked on

2020-07-16 23:28:06 - [TEST_STEP][PASSED] - switchToWindowTitle("Contacts"): Switched to window with title: 'Contacts'

2020-07-16 23:28:08 - [MESSAGE][PASSED] - Switched to window with title: 'Contacts'

2020-07-16 23:28:08 - [TEST_STEP][PASSED] - click(findTestObject("Opportunity repository/Page_Contacts/a_ act contact name")): Object: 'Object Repository/Opportunity repository/Page_Contacts/a_ act contact name' is clicked on

2020-07-16 23:28:08 - [MESSAGE][PASSED] - Object: 'Object Repository/Opportunity repository/Page_Contacts/a_ act contact name' is clicked on

2020-07-16 23:28:08 - [TEST_STEP][PASSED] - switchToDefaultContent(STOP_ON_FAILURE): null

2020-07-16 23:28:10 - [TEST_STEP][PASSED] - setText(findTestObject("Opportunity repository/Page_Opportunities NEW ADD/input__closingdate opp"), findTestData("Opportunity Test Data/D3").getValue(4, 1)): Text '01/02/2020' is set on object 'Object Repository/Opportunity repository/Page_Opportunities NEW ADD/input__closingdate opp'

2020-07-16 23:28:11 - [MESSAGE][PASSED] - Text '01/02/2020' is set on object 'Object Repository/Opportunity repository/Page_Opportunities NEW ADD/input__closingdate opp'

2020-07-16 23:28:11 - [TEST_STEP][PASSED] - click(findTestObject("Opportunity repository/Page_Opportunities NEW ADD/clear opp")): Object: 'Object Repository/Opportunity repository/Page_Opportunities NEW ADD/clear opp' is clicked on

2020-07-16 23:28:12 - [MESSAGE][PASSED] - Object: 'Object Repository/Opportunity repository/Page_Opportunities NEW ADD/clear opp' is clicked on

2020-07-16 23:28:12 - [TEST_STEP][PASSED] - click(findTestObject("Opportunity repository/Page_Opportunities NEW ADD/stage opp")): Object: 'Object Repository/Opportunity repository/Page_Opportunities NEW ADD/stage opp' is clicked on

2020-07-16 23:28:12 - [MESSAGE][PASSED] - Object: 'Object Repository/Opportunity repository/Page_Opportunities NEW ADD/stage opp' is clicked on

2020-07-16 23:28:12 - [TEST_STEP][PASSED] - setText(findTestObject("Opportunity repository/Page_Opportunities NEW ADD/input stage opp"), findTestData("Opportunity Test Data/D3").getValue(5, 1)): Text 'Prospect' is set on object 'Object Repository/Opportunity repository/Page_Opportunities NEW ADD/input stage opp'

2020-07-16 23:28:13 - [MESSAGE][PASSED] - Text 'Prospect' is set on object 'Object Repository/Opportunity repository/Page_Opportunities NEW ADD/input stage opp'

2020-07-16 23:28:13 - [TEST_STEP][PASSED] - sendKeys(findTestObject("Opportunity repository/Page_Opportunities NEW ADD/input stage opp"), Keys.chord(ENTER)): Keys 'ENTER + ' sent to object: 'Object Repository/Opportunity repository/Page_Opportunities NEW ADD/input stage opp'

2020-07-16 23:28:14 - [MESSAGE][PASSED] - Keys 'ENTER + ' sent to object: 'Object Repository/Opportunity repository/Page_Opportunities NEW ADD/input stage opp'

2020-07-16 23:28:14 - [TEST_STEP][PASSED] - click(findTestObject("Opportunity repository/Page_Opportunities NEW ADD/MC trade in opp")): Object: 'Object Repository/Opportunity repository/Page_Opportunities NEW ADD/MC trade in opp' is clicked on

2020-07-16 23:28:14 - [MESSAGE][PASSED] - Object: 'Object Repository/Opportunity repository/Page_Opportunities NEW ADD/MC trade in opp' is clicked on

2020-07-16 23:28:14 - [TEST_STEP][PASSED] - setText(findTestObject("Opportunity repository/Page_Opportunities NEW ADD/input MC trade in opp"), findTestData("Opportunity Test Data/D3").getValue(6, 1)): Text 'O to R' is set on object 'Object Repository/Opportunity repository/Page_Opportunities NEW ADD/input MC trade in opp'

2020-07-16 23:28:15 - [MESSAGE][PASSED] - Text 'O to R' is set on object 'Object Repository/Opportunity repository/Page_Opportunities NEW ADD/input MC trade in opp'

2020-07-16 23:28:15 - [TEST_STEP][PASSED] - sendKeys(findTestObject("Opportunity repository/Page_Opportunities NEW ADD/input MC trade in opp"), Keys.chord(ENTER)): Keys 'ENTER + ' sent to object: 'Object Repository/Opportunity repository/Page_Opportunities NEW ADD/input MC trade in opp'

2020-07-16 23:28:15 - [MESSAGE][PASSED] - Keys 'ENTER + ' sent to object: 'Object Repository/Opportunity repository/Page_Opportunities NEW ADD/input MC trade in opp'

2020-07-16 23:28:15 - [TEST_STEP][PASSED] - click(findTestObject("Opportunity repository/Page_Opportunities NEW ADD/sale type opp")): Object: 'Object Repository/Opportunity repository/Page_Opportunities NEW ADD/sale type opp' is clicked on

2020-07-16 23:28:16 - [MESSAGE][PASSED] - Object: 'Object Repository/Opportunity repository/Page_Opportunities NEW ADD/sale type opp' is clicked on

2020-07-16 23:28:16 - [TEST_STEP][PASSED] - setText(findTestObject("Opportunity repository/Page_Opportunities NEW ADD/input sale type opp"), findTestData("Opportunity Test Data/D3").getValue(7, 1)): Text 'Leasing' is set on object 'Object Repository/Opportunity repository/Page_Opportunities NEW ADD/input sale type opp'

2020-07-16 23:28:17 - [MESSAGE][PASSED] - Text 'Leasing' is set on object 'Object Repository/Opportunity repository/Page_Opportunities NEW ADD/input sale type opp'

2020-07-16 23:28:17 - [TEST_STEP][PASSED] - sendKeys(findTestObject("Opportunity repository/Page_Opportunities NEW ADD/input sale type opp"), Keys.chord(ENTER)): Keys 'ENTER + ' sent to object: 'Object Repository/Opportunity repository/Page_Opportunities NEW ADD/input sale type opp'

2020-07-16 23:28:18 - [MESSAGE][PASSED] - Keys 'ENTER + ' sent to object: 'Object Repository/Opportunity repository/Page_Opportunities NEW ADD/input sale type opp'

2020-07-16 23:28:18 - [TEST_STEP][PASSED] - click(findTestObject("Opportunity repository/Page_Opportunities NEW ADD/input_Lot Order_cf_1388")): Object: 'Object Repository/Opportunity repository/Page_Opportunities NEW ADD/input_Lot Order_cf_1388' is clicked on

2020-07-16 23:28:18 - [MESSAGE][PASSED] - Object: 'Object Repository/Opportunity repository/Page_Opportunities NEW ADD/input_Lot Order_cf_1388' is clicked on

2020-07-16 23:28:18 - [TEST_STEP][PASSED] - click(findTestObject("Opportunity repository/Page_Opportunities NEW ADD/input_Normal_cf_1392")): Object: 'Object Repository/Opportunity repository/Page_Opportunities NEW ADD/input_Normal_cf_1392' is clicked on

2020-07-16 23:28:19 - [MESSAGE][PASSED] - Object: 'Object Repository/Opportunity repository/Page_Opportunities NEW ADD/input_Normal_cf_1392' is clicked on

2020-07-16 23:28:19 - [TEST_STEP][PASSED] - click(findTestObject("Opportunity repository/Page_Opportunities NEW ADD/lot order remove opp")): Object: 'Object Repository/Opportunity repository/Page_Opportunities NEW ADD/lot order remove opp' is clicked on

2020-07-16 23:28:19 - [MESSAGE][PASSED] - Object: 'Object Repository/Opportunity repository/Page_Opportunities NEW ADD/lot order remove opp' is clicked on

2020-07-16 23:28:19 - [TEST_STEP][PASSED] - setText(findTestObject("Opportunity repository/Page_Opportunities NEW ADD/input lot order remove opp"), findTestData("Opportunity Test Data/D3").getValue(9, 1)): Text 'Dropped' is set on object 'Object Repository/Opportunity repository/Page_Opportunities NEW ADD/input lot order remove opp'

2020-07-16 23:28:20 - [MESSAGE][PASSED] - Text 'Dropped' is set on object 'Object Repository/Opportunity repository/Page_Opportunities NEW ADD/input lot order remove opp'

2020-07-16 23:28:20 - [TEST_STEP][PASSED] - sendKeys(findTestObject("Opportunity repository/Page_Opportunities NEW ADD/input lot order remove opp"), Keys.chord(ENTER)): Keys 'ENTER + ' sent to object: 'Object Repository/Opportunity repository/Page_Opportunities NEW ADD/input lot order remove opp'

2020-07-16 23:28:20 - [MESSAGE][PASSED] - Keys 'ENTER + ' sent to object: 'Object Repository/Opportunity repository/Page_Opportunities NEW ADD/input lot order remove opp'

2020-07-16 23:28:20 - [TEST_STEP][PASSED] - click(findTestObject("Opportunity repository/Page_Opportunities NEW ADD/button_Save opp")): Object: 'Object Repository/Opportunity repository/Page_Opportunities NEW ADD/button_Save opp' is clicked on

2020-07-16 23:28:21 - [MESSAGE][PASSED] - Object: 'Object Repository/Opportunity repository/Page_Opportunities NEW ADD/button_Save opp' is clicked on

2020-07-16 23:28:21 - [TEST_STEP][PASSED] - delay(2): Delayed 2 second(s)

2020-07-16 23:28:23 - [MESSAGE][PASSED] - Delayed 2 second(s)]]></system-out>
         <system-err><![CDATA[]]></system-err>
      </testcase>
      <testcase name="Test Cases/E-Lead Test Case/6" time="25.354" classname="Test Cases/E-Lead Test Case/6" status="FAILED">
         <failure type="FAILED" message="Test Cases/E-Lead Test Case/6 FAILED.
Reason:
com.kms.katalon.core.exception.StepFailedException: Unable to set text 'Dropped' of object 'Object Repository/Opportunity repository/Page_Opportunities NEW ADD/input lot order remove opp'
	at com.kms.katalon.core.webui.keyword.internal.WebUIKeywordMain.stepFailed(WebUIKeywordMain.groovy:64)
	at com.kms.katalon.core.webui.keyword.internal.WebUIKeywordMain.runKeyword(WebUIKeywordMain.groovy:26)
	at com.kms.katalon.core.webui.keyword.builtin.SetTextKeyword.setText(SetTextKeyword.groovy:66)
	at com.kms.katalon.core.webui.keyword.builtin.SetTextKeyword.execute(SetTextKeyword.groovy:37)
	at com.kms.katalon.core.keyword.internal.KeywordExecutor.executeKeywordForPlatform(KeywordExecutor.groovy:72)
	at com.kms.katalon.core.webui.keyword.WebUiBuiltInKeywords.setText(WebUiBuiltInKeywords.groovy:976)
	at com.kms.katalon.core.webui.keyword.WebUiBuiltInKeywords$setText$0.call(Unknown Source)
	at 6.run(6:78)
	at com.kms.katalon.core.main.ScriptEngine.run(ScriptEngine.java:194)
	at com.kms.katalon.core.main.ScriptEngine.runScriptAsRawText(ScriptEngine.java:119)
	at com.kms.katalon.core.main.TestCaseExecutor.runScript(TestCaseExecutor.java:337)
	at com.kms.katalon.core.main.TestCaseExecutor.doExecute(TestCaseExecutor.java:328)
	at com.kms.katalon.core.main.TestCaseExecutor.processExecutionPhase(TestCaseExecutor.java:307)
	at com.kms.katalon.core.main.TestCaseExecutor.accessMainPhase(TestCaseExecutor.java:299)
	at com.kms.katalon.core.main.TestCaseExecutor.execute(TestCaseExecutor.java:233)
	at com.kms.katalon.core.main.TestSuiteExecutor.accessTestCaseMainPhase(TestSuiteExecutor.java:169)
	at com.kms.katalon.core.main.TestSuiteExecutor.accessTestSuiteMainPhase(TestSuiteExecutor.java:142)
	at com.kms.katalon.core.main.TestSuiteExecutor.execute(TestSuiteExecutor.java:91)
	at com.kms.katalon.core.main.TestCaseMain.startTestSuite(TestCaseMain.java:157)
	at com.kms.katalon.core.main.TestCaseMain$startTestSuite$0.call(Unknown Source)
	at TempTestSuite1594916846866.run(TempTestSuite1594916846866.groovy:37)
Caused by: org.openqa.selenium.ElementNotInteractableException: element not interactable
  (Session info: chrome=83.0.4103.116)
Build info: version: '3.141.59', revision: 'e82be7d358', time: '2018-11-14T08:25:53'
System info: host: 'DESKTOP-0NVCT6K', ip: '192.168.1.2', os.name: 'Windows 10', os.arch: 'amd64', os.version: '10.0', java.version: '1.8.0_181'
Driver info: com.kms.katalon.selenium.driver.CChromeDriver
Capabilities {acceptInsecureCerts: false, browserName: chrome, browserVersion: 83.0.4103.116, chrome: {chromedriverVersion: 83.0.4103.39 (ccbf011cb2d2b..., userDataDir: C:\Users\WIN10\AppData\Loca...}, goog:chromeOptions: {debuggerAddress: localhost:54236}, javascriptEnabled: true, networkConnectionEnabled: false, pageLoadStrategy: normal, platform: WINDOWS, platformName: WINDOWS, proxy: Proxy(), setWindowRect: true, strictFileInteractability: false, timeouts: {implicit: 0, pageLoad: 300000, script: 30000}, unhandledPromptBehavior: dismiss and notify, webauthn:virtualAuthenticators: true}
Session ID: c8ce3796913c21642b5120d9b2f17931
	at org.openqa.selenium.remote.http.W3CHttpResponseCodec.createException(W3CHttpResponseCodec.java:187)
	at org.openqa.selenium.remote.http.W3CHttpResponseCodec.decode(W3CHttpResponseCodec.java:122)
	at org.openqa.selenium.remote.http.W3CHttpResponseCodec.decode(W3CHttpResponseCodec.java:49)
	at org.openqa.selenium.remote.HttpCommandExecutor.execute(HttpCommandExecutor.java:158)
	at org.openqa.selenium.remote.service.DriverCommandExecutor.execute(DriverCommandExecutor.java:83)
	at org.openqa.selenium.remote.RemoteWebDriver.execute(RemoteWebDriver.java:552)
	at com.kms.katalon.selenium.driver.CChromeDriver.execute(CChromeDriver.java:19)
	at org.openqa.selenium.remote.RemoteWebElement.execute(RemoteWebElement.java:285)
	at org.openqa.selenium.remote.RemoteWebElement.clear(RemoteWebElement.java:124)
	at org.openqa.selenium.support.events.EventFiringWebDriver$EventFiringWebElement.lambda$new$0(EventFiringWebDriver.java:404)
	at com.sun.proxy.$Proxy9.clear(Unknown Source)
	at org.openqa.selenium.support.events.EventFiringWebDriver$EventFiringWebElement.clear(EventFiringWebDriver.java:436)
	at com.kms.katalon.core.webui.keyword.builtin.SetTextKeyword$_setText_closure1.doCall(SetTextKeyword.groovy:53)
	at com.kms.katalon.core.webui.keyword.builtin.SetTextKeyword$_setText_closure1.call(SetTextKeyword.groovy)
	at com.kms.katalon.core.webui.keyword.internal.WebUIKeywordMain.runKeyword(WebUIKeywordMain.groovy:20)
	... 19 more
"/>
         <system-out><![CDATA[2020-07-16 23:28:23 - [TEST_CASE][FAILED] - Test Cases/E-Lead Test Case/6: Test Cases/E-Lead Test Case/6 FAILED.
Reason:
com.kms.katalon.core.exception.StepFailedException: Unable to set text 'Dropped' of object 'Object Repository/Opportunity repository/Page_Opportunities NEW ADD/input lot order remove opp'
	at com.kms.katalon.core.webui.keyword.internal.WebUIKeywordMain.stepFailed(WebUIKeywordMain.groovy:64)
	at com.kms.katalon.core.webui.keyword.internal.WebUIKeywordMain.runKeyword(WebUIKeywordMain.groovy:26)
	at com.kms.katalon.core.webui.keyword.builtin.SetTextKeyword.setText(SetTextKeyword.groovy:66)
	at com.kms.katalon.core.webui.keyword.builtin.SetTextKeyword.execute(SetTextKeyword.groovy:37)
	at com.kms.katalon.core.keyword.internal.KeywordExecutor.executeKeywordForPlatform(KeywordExecutor.groovy:72)
	at com.kms.katalon.core.webui.keyword.WebUiBuiltInKeywords.setText(WebUiBuiltInKeywords.groovy:976)
	at com.kms.katalon.core.webui.keyword.WebUiBuiltInKeywords$setText$0.call(Unknown Source)
	at 6.run(6:78)
	at com.kms.katalon.core.main.ScriptEngine.run(ScriptEngine.java:194)
	at com.kms.katalon.core.main.ScriptEngine.runScriptAsRawText(ScriptEngine.java:119)
	at com.kms.katalon.core.main.TestCaseExecutor.runScript(TestCaseExecutor.java:337)
	at com.kms.katalon.core.main.TestCaseExecutor.doExecute(TestCaseExecutor.java:328)
	at com.kms.katalon.core.main.TestCaseExecutor.processExecutionPhase(TestCaseExecutor.java:307)
	at com.kms.katalon.core.main.TestCaseExecutor.accessMainPhase(TestCaseExecutor.java:299)
	at com.kms.katalon.core.main.TestCaseExecutor.execute(TestCaseExecutor.java:233)
	at com.kms.katalon.core.main.TestSuiteExecutor.accessTestCaseMainPhase(TestSuiteExecutor.java:169)
	at com.kms.katalon.core.main.TestSuiteExecutor.accessTestSuiteMainPhase(TestSuiteExecutor.java:142)
	at com.kms.katalon.core.main.TestSuiteExecutor.execute(TestSuiteExecutor.java:91)
	at com.kms.katalon.core.main.TestCaseMain.startTestSuite(TestCaseMain.java:157)
	at com.kms.katalon.core.main.TestCaseMain$startTestSuite$0.call(Unknown Source)
	at TempTestSuite1594916846866.run(TempTestSuite1594916846866.groovy:37)
Caused by: org.openqa.selenium.ElementNotInteractableException: element not interactable
  (Session info: chrome=83.0.4103.116)
Build info: version: '3.141.59', revision: 'e82be7d358', time: '2018-11-14T08:25:53'
System info: host: 'DESKTOP-0NVCT6K', ip: '192.168.1.2', os.name: 'Windows 10', os.arch: 'amd64', os.version: '10.0', java.version: '1.8.0_181'
Driver info: com.kms.katalon.selenium.driver.CChromeDriver
Capabilities {acceptInsecureCerts: false, browserName: chrome, browserVersion: 83.0.4103.116, chrome: {chromedriverVersion: 83.0.4103.39 (ccbf011cb2d2b..., userDataDir: C:\Users\WIN10\AppData\Loca...}, goog:chromeOptions: {debuggerAddress: localhost:54236}, javascriptEnabled: true, networkConnectionEnabled: false, pageLoadStrategy: normal, platform: WINDOWS, platformName: WINDOWS, proxy: Proxy(), setWindowRect: true, strictFileInteractability: false, timeouts: {implicit: 0, pageLoad: 300000, script: 30000}, unhandledPromptBehavior: dismiss and notify, webauthn:virtualAuthenticators: true}
Session ID: c8ce3796913c21642b5120d9b2f17931
	at org.openqa.selenium.remote.http.W3CHttpResponseCodec.createException(W3CHttpResponseCodec.java:187)
	at org.openqa.selenium.remote.http.W3CHttpResponseCodec.decode(W3CHttpResponseCodec.java:122)
	at org.openqa.selenium.remote.http.W3CHttpResponseCodec.decode(W3CHttpResponseCodec.java:49)
	at org.openqa.selenium.remote.HttpCommandExecutor.execute(HttpCommandExecutor.java:158)
	at org.openqa.selenium.remote.service.DriverCommandExecutor.execute(DriverCommandExecutor.java:83)
	at org.openqa.selenium.remote.RemoteWebDriver.execute(RemoteWebDriver.java:552)
	at com.kms.katalon.selenium.driver.CChromeDriver.execute(CChromeDriver.java:19)
	at org.openqa.selenium.remote.RemoteWebElement.execute(RemoteWebElement.java:285)
	at org.openqa.selenium.remote.RemoteWebElement.clear(RemoteWebElement.java:124)
	at org.openqa.selenium.support.events.EventFiringWebDriver$EventFiringWebElement.lambda$new$0(EventFiringWebDriver.java:404)
	at com.sun.proxy.$Proxy9.clear(Unknown Source)
	at org.openqa.selenium.support.events.EventFiringWebDriver$EventFiringWebElement.clear(EventFiringWebDriver.java:436)
	at com.kms.katalon.core.webui.keyword.builtin.SetTextKeyword$_setText_closure1.doCall(SetTextKeyword.groovy:53)
	at com.kms.katalon.core.webui.keyword.builtin.SetTextKeyword$_setText_closure1.call(SetTextKeyword.groovy)
	at com.kms.katalon.core.webui.keyword.internal.WebUIKeywordMain.runKeyword(WebUIKeywordMain.groovy:20)
	... 19 more


2020-07-16 23:28:23 - [TEST_STEP][PASSED] - delay(1): Delayed 1 second(s)

2020-07-16 23:28:24 - [MESSAGE][PASSED] - Delayed 1 second(s)

2020-07-16 23:28:24 - [TEST_STEP][PASSED] - setText(findTestObject("Opportunity repository/Page_Opportunities NEW ADD/input__opp name"), findTestData("Opportunity Test Data/D3").getValue(1, 1)): Text 'ขึ้นดอย' is set on object 'Object Repository/Opportunity repository/Page_Opportunities NEW ADD/input__opp name'

2020-07-16 23:28:25 - [MESSAGE][PASSED] - Text 'ขึ้นดอย' is set on object 'Object Repository/Opportunity repository/Page_Opportunities NEW ADD/input__opp name'

2020-07-16 23:28:25 - [TEST_STEP][PASSED] - click(findTestObject("Opportunity repository/Page_Opportunities NEW ADD/Search account name")): Object: 'Object Repository/Opportunity repository/Page_Opportunities NEW ADD/Search account name' is clicked on

2020-07-16 23:28:26 - [MESSAGE][PASSED] - Object: 'Object Repository/Opportunity repository/Page_Opportunities NEW ADD/Search account name' is clicked on

2020-07-16 23:28:26 - [TEST_STEP][PASSED] - switchToWindowTitle("Accounts"): Switched to window with title: 'Accounts'

2020-07-16 23:28:28 - [MESSAGE][PASSED] - Switched to window with title: 'Accounts'

2020-07-16 23:28:28 - [TEST_STEP][PASSED] - click(findTestObject("Opportunity repository/Page_Accounts/a_   sirirut")): Object: 'Object Repository/Opportunity repository/Page_Accounts/a_   sirirut' is clicked on

2020-07-16 23:28:28 - [MESSAGE][PASSED] - Object: 'Object Repository/Opportunity repository/Page_Accounts/a_   sirirut' is clicked on

2020-07-16 23:28:28 - [TEST_STEP][PASSED] - switchToDefaultContent(): null

2020-07-16 23:28:30 - [TEST_STEP][PASSED] - click(findTestObject("Opportunity repository/Page_Opportunities NEW ADD/Search contact name")): Object: 'Object Repository/Opportunity repository/Page_Opportunities NEW ADD/Search contact name' is clicked on

2020-07-16 23:28:31 - [MESSAGE][PASSED] - Object: 'Object Repository/Opportunity repository/Page_Opportunities NEW ADD/Search contact name' is clicked on

2020-07-16 23:28:31 - [TEST_STEP][PASSED] - switchToWindowTitle("Contacts"): Switched to window with title: 'Contacts'

2020-07-16 23:28:33 - [MESSAGE][PASSED] - Switched to window with title: 'Contacts'

2020-07-16 23:28:33 - [TEST_STEP][PASSED] - click(findTestObject("Opportunity repository/Page_Contacts/a_ act contact name")): Object: 'Object Repository/Opportunity repository/Page_Contacts/a_ act contact name' is clicked on

2020-07-16 23:28:33 - [MESSAGE][PASSED] - Object: 'Object Repository/Opportunity repository/Page_Contacts/a_ act contact name' is clicked on

2020-07-16 23:28:33 - [TEST_STEP][PASSED] - switchToDefaultContent(STOP_ON_FAILURE): null

2020-07-16 23:28:35 - [TEST_STEP][PASSED] - setText(findTestObject("Opportunity repository/Page_Opportunities NEW ADD/input__closingdate opp"), "character"): Text 'character' is set on object 'Object Repository/Opportunity repository/Page_Opportunities NEW ADD/input__closingdate opp'

2020-07-16 23:28:37 - [MESSAGE][PASSED] - Text 'character' is set on object 'Object Repository/Opportunity repository/Page_Opportunities NEW ADD/input__closingdate opp'

2020-07-16 23:28:37 - [TEST_STEP][PASSED] - click(findTestObject("Opportunity repository/Page_Opportunities NEW ADD/stage opp")): Object: 'Object Repository/Opportunity repository/Page_Opportunities NEW ADD/stage opp' is clicked on

2020-07-16 23:28:37 - [MESSAGE][PASSED] - Object: 'Object Repository/Opportunity repository/Page_Opportunities NEW ADD/stage opp' is clicked on

2020-07-16 23:28:37 - [TEST_STEP][PASSED] - delay(2): Delayed 2 second(s)

2020-07-16 23:28:39 - [MESSAGE][PASSED] - Delayed 2 second(s)

2020-07-16 23:28:39 - [TEST_STEP][PASSED] - setText(findTestObject("Opportunity repository/Page_Opportunities NEW ADD/input__closingdate opp"), findTestData("Opportunity Test Data/D3").getValue(4, 1)): Text '01/02/2020' is set on object 'Object Repository/Opportunity repository/Page_Opportunities NEW ADD/input__closingdate opp'

2020-07-16 23:28:40 - [MESSAGE][PASSED] - Text '01/02/2020' is set on object 'Object Repository/Opportunity repository/Page_Opportunities NEW ADD/input__closingdate opp'

2020-07-16 23:28:40 - [TEST_STEP][PASSED] - click(findTestObject("Opportunity repository/Page_Opportunities NEW ADD/clear opp")): Object: 'Object Repository/Opportunity repository/Page_Opportunities NEW ADD/clear opp' is clicked on

2020-07-16 23:28:40 - [MESSAGE][PASSED] - Object: 'Object Repository/Opportunity repository/Page_Opportunities NEW ADD/clear opp' is clicked on

2020-07-16 23:28:40 - [TEST_STEP][PASSED] - click(findTestObject("Opportunity repository/Page_Opportunities NEW ADD/stage opp")): Object: 'Object Repository/Opportunity repository/Page_Opportunities NEW ADD/stage opp' is clicked on

2020-07-16 23:28:41 - [MESSAGE][PASSED] - Object: 'Object Repository/Opportunity repository/Page_Opportunities NEW ADD/stage opp' is clicked on

2020-07-16 23:28:41 - [TEST_STEP][PASSED] - setText(findTestObject("Opportunity repository/Page_Opportunities NEW ADD/input stage opp"), findTestData("Opportunity Test Data/D3").getValue(5, 1)): Text 'Prospect' is set on object 'Object Repository/Opportunity repository/Page_Opportunities NEW ADD/input stage opp'

2020-07-16 23:28:42 - [MESSAGE][PASSED] - Text 'Prospect' is set on object 'Object Repository/Opportunity repository/Page_Opportunities NEW ADD/input stage opp'

2020-07-16 23:28:42 - [TEST_STEP][PASSED] - sendKeys(findTestObject("Opportunity repository/Page_Opportunities NEW ADD/input stage opp"), Keys.chord(ENTER)): Keys 'ENTER + ' sent to object: 'Object Repository/Opportunity repository/Page_Opportunities NEW ADD/input stage opp'

2020-07-16 23:28:42 - [MESSAGE][PASSED] - Keys 'ENTER + ' sent to object: 'Object Repository/Opportunity repository/Page_Opportunities NEW ADD/input stage opp'

2020-07-16 23:28:42 - [TEST_STEP][PASSED] - click(findTestObject("Opportunity repository/Page_Opportunities NEW ADD/MC trade in opp")): Object: 'Object Repository/Opportunity repository/Page_Opportunities NEW ADD/MC trade in opp' is clicked on

2020-07-16 23:28:43 - [MESSAGE][PASSED] - Object: 'Object Repository/Opportunity repository/Page_Opportunities NEW ADD/MC trade in opp' is clicked on

2020-07-16 23:28:43 - [TEST_STEP][PASSED] - setText(findTestObject("Opportunity repository/Page_Opportunities NEW ADD/input MC trade in opp"), findTestData("Opportunity Test Data/D3").getValue(6, 1)): Text 'O to R' is set on object 'Object Repository/Opportunity repository/Page_Opportunities NEW ADD/input MC trade in opp'

2020-07-16 23:28:44 - [MESSAGE][PASSED] - Text 'O to R' is set on object 'Object Repository/Opportunity repository/Page_Opportunities NEW ADD/input MC trade in opp'

2020-07-16 23:28:44 - [TEST_STEP][PASSED] - sendKeys(findTestObject("Opportunity repository/Page_Opportunities NEW ADD/input MC trade in opp"), Keys.chord(ENTER)): Keys 'ENTER + ' sent to object: 'Object Repository/Opportunity repository/Page_Opportunities NEW ADD/input MC trade in opp'

2020-07-16 23:28:44 - [MESSAGE][PASSED] - Keys 'ENTER + ' sent to object: 'Object Repository/Opportunity repository/Page_Opportunities NEW ADD/input MC trade in opp'

2020-07-16 23:28:44 - [TEST_STEP][PASSED] - click(findTestObject("Opportunity repository/Page_Opportunities NEW ADD/sale type opp")): Object: 'Object Repository/Opportunity repository/Page_Opportunities NEW ADD/sale type opp' is clicked on

2020-07-16 23:28:45 - [MESSAGE][PASSED] - Object: 'Object Repository/Opportunity repository/Page_Opportunities NEW ADD/sale type opp' is clicked on

2020-07-16 23:28:45 - [TEST_STEP][PASSED] - setText(findTestObject("Opportunity repository/Page_Opportunities NEW ADD/input sale type opp"), findTestData("Opportunity Test Data/D3").getValue(7, 1)): Text 'Leasing' is set on object 'Object Repository/Opportunity repository/Page_Opportunities NEW ADD/input sale type opp'

2020-07-16 23:28:46 - [MESSAGE][PASSED] - Text 'Leasing' is set on object 'Object Repository/Opportunity repository/Page_Opportunities NEW ADD/input sale type opp'

2020-07-16 23:28:46 - [TEST_STEP][PASSED] - sendKeys(findTestObject("Opportunity repository/Page_Opportunities NEW ADD/input sale type opp"), Keys.chord(ENTER)): Keys 'ENTER + ' sent to object: 'Object Repository/Opportunity repository/Page_Opportunities NEW ADD/input sale type opp'

2020-07-16 23:28:46 - [MESSAGE][PASSED] - Keys 'ENTER + ' sent to object: 'Object Repository/Opportunity repository/Page_Opportunities NEW ADD/input sale type opp'

2020-07-16 23:28:46 - [TEST_STEP][PASSED] - click(findTestObject("Opportunity repository/Page_Opportunities NEW ADD/input_Lot Order_cf_1388")): Object: 'Object Repository/Opportunity repository/Page_Opportunities NEW ADD/input_Lot Order_cf_1388' is clicked on

2020-07-16 23:28:47 - [MESSAGE][PASSED] - Object: 'Object Repository/Opportunity repository/Page_Opportunities NEW ADD/input_Lot Order_cf_1388' is clicked on

2020-07-16 23:28:47 - [TEST_STEP][PASSED] - click(findTestObject("Opportunity repository/Page_Opportunities NEW ADD/input_Normal_cf_1392")): Object: 'Object Repository/Opportunity repository/Page_Opportunities NEW ADD/input_Normal_cf_1392' is clicked on

2020-07-16 23:28:47 - [MESSAGE][PASSED] - Object: 'Object Repository/Opportunity repository/Page_Opportunities NEW ADD/input_Normal_cf_1392' is clicked on

2020-07-16 23:28:47 - [TEST_STEP][PASSED] - click(findTestObject("Opportunity repository/Page_Opportunities NEW ADD/lot order remove opp")): Object: 'Object Repository/Opportunity repository/Page_Opportunities NEW ADD/lot order remove opp' is clicked on

2020-07-16 23:28:48 - [MESSAGE][PASSED] - Object: 'Object Repository/Opportunity repository/Page_Opportunities NEW ADD/lot order remove opp' is clicked on

2020-07-16 23:28:48 - [TEST_STEP][FAILED] - setText(findTestObject("Opportunity repository/Page_Opportunities NEW ADD/input lot order remove opp"), findTestData("Opportunity Test Data/D3").getValue(9, 1)): Unable to set text 'Dropped' of object 'Object Repository/Opportunity repository/Page_Opportunities NEW ADD/input lot order remove opp' (Root cause: com.kms.katalon.core.exception.StepFailedException: Unable to set text 'Dropped' of object 'Object Repository/Opportunity repository/Page_Opportunities NEW ADD/input lot order remove opp'
	at com.kms.katalon.core.webui.keyword.internal.WebUIKeywordMain.stepFailed(WebUIKeywordMain.groovy:64)
	at com.kms.katalon.core.webui.keyword.internal.WebUIKeywordMain.runKeyword(WebUIKeywordMain.groovy:26)
	at com.kms.katalon.core.webui.keyword.builtin.SetTextKeyword.setText(SetTextKeyword.groovy:66)
	at com.kms.katalon.core.webui.keyword.builtin.SetTextKeyword.execute(SetTextKeyword.groovy:37)
	at com.kms.katalon.core.keyword.internal.KeywordExecutor.executeKeywordForPlatform(KeywordExecutor.groovy:72)
	at com.kms.katalon.core.webui.keyword.WebUiBuiltInKeywords.setText(WebUiBuiltInKeywords.groovy:976)
	at com.kms.katalon.core.webui.keyword.WebUiBuiltInKeywords$setText$0.call(Unknown Source)
	at 6.run(6:78)
	at com.kms.katalon.core.main.ScriptEngine.run(ScriptEngine.java:194)
	at com.kms.katalon.core.main.ScriptEngine.runScriptAsRawText(ScriptEngine.java:119)
	at com.kms.katalon.core.main.TestCaseExecutor.runScript(TestCaseExecutor.java:337)
	at com.kms.katalon.core.main.TestCaseExecutor.doExecute(TestCaseExecutor.java:328)
	at com.kms.katalon.core.main.TestCaseExecutor.processExecutionPhase(TestCaseExecutor.java:307)
	at com.kms.katalon.core.main.TestCaseExecutor.accessMainPhase(TestCaseExecutor.java:299)
	at com.kms.katalon.core.main.TestCaseExecutor.execute(TestCaseExecutor.java:233)
	at com.kms.katalon.core.main.TestSuiteExecutor.accessTestCaseMainPhase(TestSuiteExecutor.java:169)
	at com.kms.katalon.core.main.TestSuiteExecutor.accessTestSuiteMainPhase(TestSuiteExecutor.java:142)
	at com.kms.katalon.core.main.TestSuiteExecutor.execute(TestSuiteExecutor.java:91)
	at com.kms.katalon.core.main.TestCaseMain.startTestSuite(TestCaseMain.java:157)
	at com.kms.katalon.core.main.TestCaseMain$startTestSuite$0.call(Unknown Source)
	at TempTestSuite1594916846866.run(TempTestSuite1594916846866.groovy:37)
Caused by: org.openqa.selenium.ElementNotInteractableException: element not interactable
  (Session info: chrome=83.0.4103.116)
Build info: version: '3.141.59', revision: 'e82be7d358', time: '2018-11-14T08:25:53'
System info: host: 'DESKTOP-0NVCT6K', ip: '192.168.1.2', os.name: 'Windows 10', os.arch: 'amd64', os.version: '10.0', java.version: '1.8.0_181'
Driver info: com.kms.katalon.selenium.driver.CChromeDriver
Capabilities {acceptInsecureCerts: false, browserName: chrome, browserVersion: 83.0.4103.116, chrome: {chromedriverVersion: 83.0.4103.39 (ccbf011cb2d2b..., userDataDir: C:\Users\WIN10\AppData\Loca...}, goog:chromeOptions: {debuggerAddress: localhost:54236}, javascriptEnabled: true, networkConnectionEnabled: false, pageLoadStrategy: normal, platform: WINDOWS, platformName: WINDOWS, proxy: Proxy(), setWindowRect: true, strictFileInteractability: false, timeouts: {implicit: 0, pageLoad: 300000, script: 30000}, unhandledPromptBehavior: dismiss and notify, webauthn:virtualAuthenticators: true}
Session ID: c8ce3796913c21642b5120d9b2f17931
	at org.openqa.selenium.remote.http.W3CHttpResponseCodec.createException(W3CHttpResponseCodec.java:187)
	at org.openqa.selenium.remote.http.W3CHttpResponseCodec.decode(W3CHttpResponseCodec.java:122)
	at org.openqa.selenium.remote.http.W3CHttpResponseCodec.decode(W3CHttpResponseCodec.java:49)
	at org.openqa.selenium.remote.HttpCommandExecutor.execute(HttpCommandExecutor.java:158)
	at org.openqa.selenium.remote.service.DriverCommandExecutor.execute(DriverCommandExecutor.java:83)
	at org.openqa.selenium.remote.RemoteWebDriver.execute(RemoteWebDriver.java:552)
	at com.kms.katalon.selenium.driver.CChromeDriver.execute(CChromeDriver.java:19)
	at org.openqa.selenium.remote.RemoteWebElement.execute(RemoteWebElement.java:285)
	at org.openqa.selenium.remote.RemoteWebElement.clear(RemoteWebElement.java:124)
	at org.openqa.selenium.support.events.EventFiringWebDriver$EventFiringWebElement.lambda$new$0(EventFiringWebDriver.java:404)
	at com.sun.proxy.$Proxy9.clear(Unknown Source)
	at org.openqa.selenium.support.events.EventFiringWebDriver$EventFiringWebElement.clear(EventFiringWebDriver.java:436)
	at com.kms.katalon.core.webui.keyword.builtin.SetTextKeyword$_setText_closure1.doCall(SetTextKeyword.groovy:53)
	at com.kms.katalon.core.webui.keyword.builtin.SetTextKeyword$_setText_closure1.call(SetTextKeyword.groovy)
	at com.kms.katalon.core.webui.keyword.internal.WebUIKeywordMain.runKeyword(WebUIKeywordMain.groovy:20)
	at com.kms.katalon.core.webui.keyword.builtin.SetTextKeyword.setText(SetTextKeyword.groovy:66)
	at com.kms.katalon.core.webui.keyword.builtin.SetTextKeyword.execute(SetTextKeyword.groovy:37)
	at com.kms.katalon.core.keyword.internal.KeywordExecutor.executeKeywordForPlatform(KeywordExecutor.groovy:72)
	at com.kms.katalon.core.webui.keyword.WebUiBuiltInKeywords.setText(WebUiBuiltInKeywords.groovy:976)
	at com.kms.katalon.core.webui.keyword.WebUiBuiltInKeywords$setText$0.call(Unknown Source)
	at Script1594916365584.run(Script1594916365584.groovy:78)
	... 13 more
)

2020-07-16 23:28:48 - [MESSAGE][FAILED] - Unable to set text 'Dropped' of object 'Object Repository/Opportunity repository/Page_Opportunities NEW ADD/input lot order remove opp' (Root cause: com.kms.katalon.core.exception.StepFailedException: Unable to set text 'Dropped' of object 'Object Repository/Opportunity repository/Page_Opportunities NEW ADD/input lot order remove opp'
	at com.kms.katalon.core.webui.keyword.internal.WebUIKeywordMain.stepFailed(WebUIKeywordMain.groovy:64)
	at com.kms.katalon.core.webui.keyword.internal.WebUIKeywordMain.runKeyword(WebUIKeywordMain.groovy:26)
	at com.kms.katalon.core.webui.keyword.builtin.SetTextKeyword.setText(SetTextKeyword.groovy:66)
	at com.kms.katalon.core.webui.keyword.builtin.SetTextKeyword.execute(SetTextKeyword.groovy:37)
	at com.kms.katalon.core.keyword.internal.KeywordExecutor.executeKeywordForPlatform(KeywordExecutor.groovy:72)
	at com.kms.katalon.core.webui.keyword.WebUiBuiltInKeywords.setText(WebUiBuiltInKeywords.groovy:976)
	at com.kms.katalon.core.webui.keyword.WebUiBuiltInKeywords$setText$0.call(Unknown Source)
	at 6.run(6:78)
	at com.kms.katalon.core.main.ScriptEngine.run(ScriptEngine.java:194)
	at com.kms.katalon.core.main.ScriptEngine.runScriptAsRawText(ScriptEngine.java:119)
	at com.kms.katalon.core.main.TestCaseExecutor.runScript(TestCaseExecutor.java:337)
	at com.kms.katalon.core.main.TestCaseExecutor.doExecute(TestCaseExecutor.java:328)
	at com.kms.katalon.core.main.TestCaseExecutor.processExecutionPhase(TestCaseExecutor.java:307)
	at com.kms.katalon.core.main.TestCaseExecutor.accessMainPhase(TestCaseExecutor.java:299)
	at com.kms.katalon.core.main.TestCaseExecutor.execute(TestCaseExecutor.java:233)
	at com.kms.katalon.core.main.TestSuiteExecutor.accessTestCaseMainPhase(TestSuiteExecutor.java:169)
	at com.kms.katalon.core.main.TestSuiteExecutor.accessTestSuiteMainPhase(TestSuiteExecutor.java:142)
	at com.kms.katalon.core.main.TestSuiteExecutor.execute(TestSuiteExecutor.java:91)
	at com.kms.katalon.core.main.TestCaseMain.startTestSuite(TestCaseMain.java:157)
	at com.kms.katalon.core.main.TestCaseMain$startTestSuite$0.call(Unknown Source)
	at TempTestSuite1594916846866.run(TempTestSuite1594916846866.groovy:37)
Caused by: org.openqa.selenium.ElementNotInteractableException: element not interactable
  (Session info: chrome=83.0.4103.116)
Build info: version: '3.141.59', revision: 'e82be7d358', time: '2018-11-14T08:25:53'
System info: host: 'DESKTOP-0NVCT6K', ip: '192.168.1.2', os.name: 'Windows 10', os.arch: 'amd64', os.version: '10.0', java.version: '1.8.0_181'
Driver info: com.kms.katalon.selenium.driver.CChromeDriver
Capabilities {acceptInsecureCerts: false, browserName: chrome, browserVersion: 83.0.4103.116, chrome: {chromedriverVersion: 83.0.4103.39 (ccbf011cb2d2b..., userDataDir: C:\Users\WIN10\AppData\Loca...}, goog:chromeOptions: {debuggerAddress: localhost:54236}, javascriptEnabled: true, networkConnectionEnabled: false, pageLoadStrategy: normal, platform: WINDOWS, platformName: WINDOWS, proxy: Proxy(), setWindowRect: true, strictFileInteractability: false, timeouts: {implicit: 0, pageLoad: 300000, script: 30000}, unhandledPromptBehavior: dismiss and notify, webauthn:virtualAuthenticators: true}
Session ID: c8ce3796913c21642b5120d9b2f17931
	at org.openqa.selenium.remote.http.W3CHttpResponseCodec.createException(W3CHttpResponseCodec.java:187)
	at org.openqa.selenium.remote.http.W3CHttpResponseCodec.decode(W3CHttpResponseCodec.java:122)
	at org.openqa.selenium.remote.http.W3CHttpResponseCodec.decode(W3CHttpResponseCodec.java:49)
	at org.openqa.selenium.remote.HttpCommandExecutor.execute(HttpCommandExecutor.java:158)
	at org.openqa.selenium.remote.service.DriverCommandExecutor.execute(DriverCommandExecutor.java:83)
	at org.openqa.selenium.remote.RemoteWebDriver.execute(RemoteWebDriver.java:552)
	at com.kms.katalon.selenium.driver.CChromeDriver.execute(CChromeDriver.java:19)
	at org.openqa.selenium.remote.RemoteWebElement.execute(RemoteWebElement.java:285)
	at org.openqa.selenium.remote.RemoteWebElement.clear(RemoteWebElement.java:124)
	at org.openqa.selenium.support.events.EventFiringWebDriver$EventFiringWebElement.lambda$new$0(EventFiringWebDriver.java:404)
	at com.sun.proxy.$Proxy9.clear(Unknown Source)
	at org.openqa.selenium.support.events.EventFiringWebDriver$EventFiringWebElement.clear(EventFiringWebDriver.java:436)
	at com.kms.katalon.core.webui.keyword.builtin.SetTextKeyword$_setText_closure1.doCall(SetTextKeyword.groovy:53)
	at com.kms.katalon.core.webui.keyword.builtin.SetTextKeyword$_setText_closure1.call(SetTextKeyword.groovy)
	at com.kms.katalon.core.webui.keyword.internal.WebUIKeywordMain.runKeyword(WebUIKeywordMain.groovy:20)
	at com.kms.katalon.core.webui.keyword.builtin.SetTextKeyword.setText(SetTextKeyword.groovy:66)
	at com.kms.katalon.core.webui.keyword.builtin.SetTextKeyword.execute(SetTextKeyword.groovy:37)
	at com.kms.katalon.core.keyword.internal.KeywordExecutor.executeKeywordForPlatform(KeywordExecutor.groovy:72)
	at com.kms.katalon.core.webui.keyword.WebUiBuiltInKeywords.setText(WebUiBuiltInKeywords.groovy:976)
	at com.kms.katalon.core.webui.keyword.WebUiBuiltInKeywords$setText$0.call(Unknown Source)
	at Script1594916365584.run(Script1594916365584.groovy:78)
	... 13 more
)
[[ATTACHMENT|C:\\Users\\WIN10\\git\\Best-Project\\Reports\\20200716_232726\\E-Lead Usecase\\4\\20200716_232726\\1594916928647.png]]]]></system-out>
         <system-err><![CDATA[2020-07-16 23:28:23 - [TEST_CASE][FAILED] - Test Cases/E-Lead Test Case/6: Test Cases/E-Lead Test Case/6 FAILED.
Reason:
com.kms.katalon.core.exception.StepFailedException: Unable to set text 'Dropped' of object 'Object Repository/Opportunity repository/Page_Opportunities NEW ADD/input lot order remove opp'
	at com.kms.katalon.core.webui.keyword.internal.WebUIKeywordMain.stepFailed(WebUIKeywordMain.groovy:64)
	at com.kms.katalon.core.webui.keyword.internal.WebUIKeywordMain.runKeyword(WebUIKeywordMain.groovy:26)
	at com.kms.katalon.core.webui.keyword.builtin.SetTextKeyword.setText(SetTextKeyword.groovy:66)
	at com.kms.katalon.core.webui.keyword.builtin.SetTextKeyword.execute(SetTextKeyword.groovy:37)
	at com.kms.katalon.core.keyword.internal.KeywordExecutor.executeKeywordForPlatform(KeywordExecutor.groovy:72)
	at com.kms.katalon.core.webui.keyword.WebUiBuiltInKeywords.setText(WebUiBuiltInKeywords.groovy:976)
	at com.kms.katalon.core.webui.keyword.WebUiBuiltInKeywords$setText$0.call(Unknown Source)
	at 6.run(6:78)
	at com.kms.katalon.core.main.ScriptEngine.run(ScriptEngine.java:194)
	at com.kms.katalon.core.main.ScriptEngine.runScriptAsRawText(ScriptEngine.java:119)
	at com.kms.katalon.core.main.TestCaseExecutor.runScript(TestCaseExecutor.java:337)
	at com.kms.katalon.core.main.TestCaseExecutor.doExecute(TestCaseExecutor.java:328)
	at com.kms.katalon.core.main.TestCaseExecutor.processExecutionPhase(TestCaseExecutor.java:307)
	at com.kms.katalon.core.main.TestCaseExecutor.accessMainPhase(TestCaseExecutor.java:299)
	at com.kms.katalon.core.main.TestCaseExecutor.execute(TestCaseExecutor.java:233)
	at com.kms.katalon.core.main.TestSuiteExecutor.accessTestCaseMainPhase(TestSuiteExecutor.java:169)
	at com.kms.katalon.core.main.TestSuiteExecutor.accessTestSuiteMainPhase(TestSuiteExecutor.java:142)
	at com.kms.katalon.core.main.TestSuiteExecutor.execute(TestSuiteExecutor.java:91)
	at com.kms.katalon.core.main.TestCaseMain.startTestSuite(TestCaseMain.java:157)
	at com.kms.katalon.core.main.TestCaseMain$startTestSuite$0.call(Unknown Source)
	at TempTestSuite1594916846866.run(TempTestSuite1594916846866.groovy:37)
Caused by: org.openqa.selenium.ElementNotInteractableException: element not interactable
  (Session info: chrome=83.0.4103.116)
Build info: version: '3.141.59', revision: 'e82be7d358', time: '2018-11-14T08:25:53'
System info: host: 'DESKTOP-0NVCT6K', ip: '192.168.1.2', os.name: 'Windows 10', os.arch: 'amd64', os.version: '10.0', java.version: '1.8.0_181'
Driver info: com.kms.katalon.selenium.driver.CChromeDriver
Capabilities {acceptInsecureCerts: false, browserName: chrome, browserVersion: 83.0.4103.116, chrome: {chromedriverVersion: 83.0.4103.39 (ccbf011cb2d2b..., userDataDir: C:\Users\WIN10\AppData\Loca...}, goog:chromeOptions: {debuggerAddress: localhost:54236}, javascriptEnabled: true, networkConnectionEnabled: false, pageLoadStrategy: normal, platform: WINDOWS, platformName: WINDOWS, proxy: Proxy(), setWindowRect: true, strictFileInteractability: false, timeouts: {implicit: 0, pageLoad: 300000, script: 30000}, unhandledPromptBehavior: dismiss and notify, webauthn:virtualAuthenticators: true}
Session ID: c8ce3796913c21642b5120d9b2f17931
	at org.openqa.selenium.remote.http.W3CHttpResponseCodec.createException(W3CHttpResponseCodec.java:187)
	at org.openqa.selenium.remote.http.W3CHttpResponseCodec.decode(W3CHttpResponseCodec.java:122)
	at org.openqa.selenium.remote.http.W3CHttpResponseCodec.decode(W3CHttpResponseCodec.java:49)
	at org.openqa.selenium.remote.HttpCommandExecutor.execute(HttpCommandExecutor.java:158)
	at org.openqa.selenium.remote.service.DriverCommandExecutor.execute(DriverCommandExecutor.java:83)
	at org.openqa.selenium.remote.RemoteWebDriver.execute(RemoteWebDriver.java:552)
	at com.kms.katalon.selenium.driver.CChromeDriver.execute(CChromeDriver.java:19)
	at org.openqa.selenium.remote.RemoteWebElement.execute(RemoteWebElement.java:285)
	at org.openqa.selenium.remote.RemoteWebElement.clear(RemoteWebElement.java:124)
	at org.openqa.selenium.support.events.EventFiringWebDriver$EventFiringWebElement.lambda$new$0(EventFiringWebDriver.java:404)
	at com.sun.proxy.$Proxy9.clear(Unknown Source)
	at org.openqa.selenium.support.events.EventFiringWebDriver$EventFiringWebElement.clear(EventFiringWebDriver.java:436)
	at com.kms.katalon.core.webui.keyword.builtin.SetTextKeyword$_setText_closure1.doCall(SetTextKeyword.groovy:53)
	at com.kms.katalon.core.webui.keyword.builtin.SetTextKeyword$_setText_closure1.call(SetTextKeyword.groovy)
	at com.kms.katalon.core.webui.keyword.internal.WebUIKeywordMain.runKeyword(WebUIKeywordMain.groovy:20)
	... 19 more]]></system-err>
      </testcase>
      <system-out><![CDATA[2020-07-16 23:27:29 - [TEST_SUITE][FAILED] - 4: Test Cases/E-Lead Test Case/6 FAILED.
Reason:
com.kms.katalon.core.exception.StepFailedException: Unable to set text 'Dropped' of object 'Object Repository/Opportunity repository/Page_Opportunities NEW ADD/input lot order remove opp'
	at com.kms.katalon.core.webui.keyword.internal.WebUIKeywordMain.stepFailed(WebUIKeywordMain.groovy:64)
	at com.kms.katalon.core.webui.keyword.internal.WebUIKeywordMain.runKeyword(WebUIKeywordMain.groovy:26)
	at com.kms.katalon.core.webui.keyword.builtin.SetTextKeyword.setText(SetTextKeyword.groovy:66)
	at com.kms.katalon.core.webui.keyword.builtin.SetTextKeyword.execute(SetTextKeyword.groovy:37)
	at com.kms.katalon.core.keyword.internal.KeywordExecutor.executeKeywordForPlatform(KeywordExecutor.groovy:72)
	at com.kms.katalon.core.webui.keyword.WebUiBuiltInKeywords.setText(WebUiBuiltInKeywords.groovy:976)
	at com.kms.katalon.core.webui.keyword.WebUiBuiltInKeywords$setText$0.call(Unknown Source)
	at 6.run(6:78)
	at com.kms.katalon.core.main.ScriptEngine.run(ScriptEngine.java:194)
	at com.kms.katalon.core.main.ScriptEngine.runScriptAsRawText(ScriptEngine.java:119)
	at com.kms.katalon.core.main.TestCaseExecutor.runScript(TestCaseExecutor.java:337)
	at com.kms.katalon.core.main.TestCaseExecutor.doExecute(TestCaseExecutor.java:328)
	at com.kms.katalon.core.main.TestCaseExecutor.processExecutionPhase(TestCaseExecutor.java:307)
	at com.kms.katalon.core.main.TestCaseExecutor.accessMainPhase(TestCaseExecutor.java:299)
	at com.kms.katalon.core.main.TestCaseExecutor.execute(TestCaseExecutor.java:233)
	at com.kms.katalon.core.main.TestSuiteExecutor.accessTestCaseMainPhase(TestSuiteExecutor.java:169)
	at com.kms.katalon.core.main.TestSuiteExecutor.accessTestSuiteMainPhase(TestSuiteExecutor.java:142)
	at com.kms.katalon.core.main.TestSuiteExecutor.execute(TestSuiteExecutor.java:91)
	at com.kms.katalon.core.main.TestCaseMain.startTestSuite(TestCaseMain.java:157)
	at com.kms.katalon.core.main.TestCaseMain$startTestSuite$0.call(Unknown Source)
	at TempTestSuite1594916846866.run(TempTestSuite1594916846866.groovy:37)
Caused by: org.openqa.selenium.ElementNotInteractableException: element not interactable
  (Session info: chrome=83.0.4103.116)
Build info: version: '3.141.59', revision: 'e82be7d358', time: '2018-11-14T08:25:53'
System info: host: 'DESKTOP-0NVCT6K', ip: '192.168.1.2', os.name: 'Windows 10', os.arch: 'amd64', os.version: '10.0', java.version: '1.8.0_181'
Driver info: com.kms.katalon.selenium.driver.CChromeDriver
Capabilities {acceptInsecureCerts: false, browserName: chrome, browserVersion: 83.0.4103.116, chrome: {chromedriverVersion: 83.0.4103.39 (ccbf011cb2d2b..., userDataDir: C:\Users\WIN10\AppData\Loca...}, goog:chromeOptions: {debuggerAddress: localhost:54236}, javascriptEnabled: true, networkConnectionEnabled: false, pageLoadStrategy: normal, platform: WINDOWS, platformName: WINDOWS, proxy: Proxy(), setWindowRect: true, strictFileInteractability: false, timeouts: {implicit: 0, pageLoad: 300000, script: 30000}, unhandledPromptBehavior: dismiss and notify, webauthn:virtualAuthenticators: true}
Session ID: c8ce3796913c21642b5120d9b2f17931
	at org.openqa.selenium.remote.http.W3CHttpResponseCodec.createException(W3CHttpResponseCodec.java:187)
	at org.openqa.selenium.remote.http.W3CHttpResponseCodec.decode(W3CHttpResponseCodec.java:122)
	at org.openqa.selenium.remote.http.W3CHttpResponseCodec.decode(W3CHttpResponseCodec.java:49)
	at org.openqa.selenium.remote.HttpCommandExecutor.execute(HttpCommandExecutor.java:158)
	at org.openqa.selenium.remote.service.DriverCommandExecutor.execute(DriverCommandExecutor.java:83)
	at org.openqa.selenium.remote.RemoteWebDriver.execute(RemoteWebDriver.java:552)
	at com.kms.katalon.selenium.driver.CChromeDriver.execute(CChromeDriver.java:19)
	at org.openqa.selenium.remote.RemoteWebElement.execute(RemoteWebElement.java:285)
	at org.openqa.selenium.remote.RemoteWebElement.clear(RemoteWebElement.java:124)
	at org.openqa.selenium.support.events.EventFiringWebDriver$EventFiringWebElement.lambda$new$0(EventFiringWebDriver.java:404)
	at com.sun.proxy.$Proxy9.clear(Unknown Source)
	at org.openqa.selenium.support.events.EventFiringWebDriver$EventFiringWebElement.clear(EventFiringWebDriver.java:436)
	at com.kms.katalon.core.webui.keyword.builtin.SetTextKeyword$_setText_closure1.doCall(SetTextKeyword.groovy:53)
	at com.kms.katalon.core.webui.keyword.builtin.SetTextKeyword$_setText_closure1.call(SetTextKeyword.groovy)
	at com.kms.katalon.core.webui.keyword.internal.WebUIKeywordMain.runKeyword(WebUIKeywordMain.groovy:20)
	... 19 more]]></system-out>
      <system-err><![CDATA[2020-07-16 23:27:29 - [TEST_SUITE][FAILED] - 4: Test Cases/E-Lead Test Case/6 FAILED.
Reason:
com.kms.katalon.core.exception.StepFailedException: Unable to set text 'Dropped' of object 'Object Repository/Opportunity repository/Page_Opportunities NEW ADD/input lot order remove opp'
	at com.kms.katalon.core.webui.keyword.internal.WebUIKeywordMain.stepFailed(WebUIKeywordMain.groovy:64)
	at com.kms.katalon.core.webui.keyword.internal.WebUIKeywordMain.runKeyword(WebUIKeywordMain.groovy:26)
	at com.kms.katalon.core.webui.keyword.builtin.SetTextKeyword.setText(SetTextKeyword.groovy:66)
	at com.kms.katalon.core.webui.keyword.builtin.SetTextKeyword.execute(SetTextKeyword.groovy:37)
	at com.kms.katalon.core.keyword.internal.KeywordExecutor.executeKeywordForPlatform(KeywordExecutor.groovy:72)
	at com.kms.katalon.core.webui.keyword.WebUiBuiltInKeywords.setText(WebUiBuiltInKeywords.groovy:976)
	at com.kms.katalon.core.webui.keyword.WebUiBuiltInKeywords$setText$0.call(Unknown Source)
	at 6.run(6:78)
	at com.kms.katalon.core.main.ScriptEngine.run(ScriptEngine.java:194)
	at com.kms.katalon.core.main.ScriptEngine.runScriptAsRawText(ScriptEngine.java:119)
	at com.kms.katalon.core.main.TestCaseExecutor.runScript(TestCaseExecutor.java:337)
	at com.kms.katalon.core.main.TestCaseExecutor.doExecute(TestCaseExecutor.java:328)
	at com.kms.katalon.core.main.TestCaseExecutor.processExecutionPhase(TestCaseExecutor.java:307)
	at com.kms.katalon.core.main.TestCaseExecutor.accessMainPhase(TestCaseExecutor.java:299)
	at com.kms.katalon.core.main.TestCaseExecutor.execute(TestCaseExecutor.java:233)
	at com.kms.katalon.core.main.TestSuiteExecutor.accessTestCaseMainPhase(TestSuiteExecutor.java:169)
	at com.kms.katalon.core.main.TestSuiteExecutor.accessTestSuiteMainPhase(TestSuiteExecutor.java:142)
	at com.kms.katalon.core.main.TestSuiteExecutor.execute(TestSuiteExecutor.java:91)
	at com.kms.katalon.core.main.TestCaseMain.startTestSuite(TestCaseMain.java:157)
	at com.kms.katalon.core.main.TestCaseMain$startTestSuite$0.call(Unknown Source)
	at TempTestSuite1594916846866.run(TempTestSuite1594916846866.groovy:37)
Caused by: org.openqa.selenium.ElementNotInteractableException: element not interactable
  (Session info: chrome=83.0.4103.116)
Build info: version: '3.141.59', revision: 'e82be7d358', time: '2018-11-14T08:25:53'
System info: host: 'DESKTOP-0NVCT6K', ip: '192.168.1.2', os.name: 'Windows 10', os.arch: 'amd64', os.version: '10.0', java.version: '1.8.0_181'
Driver info: com.kms.katalon.selenium.driver.CChromeDriver
Capabilities {acceptInsecureCerts: false, browserName: chrome, browserVersion: 83.0.4103.116, chrome: {chromedriverVersion: 83.0.4103.39 (ccbf011cb2d2b..., userDataDir: C:\Users\WIN10\AppData\Loca...}, goog:chromeOptions: {debuggerAddress: localhost:54236}, javascriptEnabled: true, networkConnectionEnabled: false, pageLoadStrategy: normal, platform: WINDOWS, platformName: WINDOWS, proxy: Proxy(), setWindowRect: true, strictFileInteractability: false, timeouts: {implicit: 0, pageLoad: 300000, script: 30000}, unhandledPromptBehavior: dismiss and notify, webauthn:virtualAuthenticators: true}
Session ID: c8ce3796913c21642b5120d9b2f17931
	at org.openqa.selenium.remote.http.W3CHttpResponseCodec.createException(W3CHttpResponseCodec.java:187)
	at org.openqa.selenium.remote.http.W3CHttpResponseCodec.decode(W3CHttpResponseCodec.java:122)
	at org.openqa.selenium.remote.http.W3CHttpResponseCodec.decode(W3CHttpResponseCodec.java:49)
	at org.openqa.selenium.remote.HttpCommandExecutor.execute(HttpCommandExecutor.java:158)
	at org.openqa.selenium.remote.service.DriverCommandExecutor.execute(DriverCommandExecutor.java:83)
	at org.openqa.selenium.remote.RemoteWebDriver.execute(RemoteWebDriver.java:552)
	at com.kms.katalon.selenium.driver.CChromeDriver.execute(CChromeDriver.java:19)
	at org.openqa.selenium.remote.RemoteWebElement.execute(RemoteWebElement.java:285)
	at org.openqa.selenium.remote.RemoteWebElement.clear(RemoteWebElement.java:124)
	at org.openqa.selenium.support.events.EventFiringWebDriver$EventFiringWebElement.lambda$new$0(EventFiringWebDriver.java:404)
	at com.sun.proxy.$Proxy9.clear(Unknown Source)
	at org.openqa.selenium.support.events.EventFiringWebDriver$EventFiringWebElement.clear(EventFiringWebDriver.java:436)
	at com.kms.katalon.core.webui.keyword.builtin.SetTextKeyword$_setText_closure1.doCall(SetTextKeyword.groovy:53)
	at com.kms.katalon.core.webui.keyword.builtin.SetTextKeyword$_setText_closure1.call(SetTextKeyword.groovy)
	at com.kms.katalon.core.webui.keyword.internal.WebUIKeywordMain.runKeyword(WebUIKeywordMain.groovy:20)
	... 19 more]]></system-err>
   </testsuite>
</testsuites>
