<?xml version="1.0" encoding="UTF-8"?>
<testsuites name="Usecase10" time="38.972" tests="5" failures="0" errors="2">
   <testsuite name="Usecase10" tests="5" failures="0" errors="2" time="38.972" timestamp="2020-06-18 17:40:17" hostname="WIN10 - DESKTOP-0NVCT6K" id="Test Suites/DBD Usecase/Usecase10">
      <properties>
         <property name="deviceName" value=""/>
         <property name="devicePlatform" value=""/>
         <property name="logFolder" value="C:\\Users\\WIN10\\git\\Best-Project\\Reports\\20200618_174016\\DBD Usecase\\Usecase10\\20200618_174016"/>
         <property name="logFiles" value="C:\\Users\\WIN10\\git\\Best-Project\\Reports\\20200618_174016\\DBD Usecase\\Usecase10\\20200618_174016\\execution0.log"/>
         <property name="attachments" value=""/>
         <property name="hostName" value="WIN10 - DESKTOP-0NVCT6K"/>
         <property name="os" value="Windows 10 64bit"/>
         <property name="katalonVersion" value="7.5.2.1"/>
         <property name="browser" value="Chrome 83.0.4103.106"/>
         <property name="hostAddress" value="192.168.1.2"/>
         <property name="sessionId" value="3c3cfb58f8db234fa165eb4772cdd942"/>
         <property name="seleniumVersion" value="3.141.59"/>
         <property name="proxyInformation" value="ProxyInformation { proxyOption=NO_PROXY, proxyServerType=HTTP, username=, password=********, proxyServerAddress=, proxyServerPort=0, executionList=\&quot;\&quot;, isApplyToDesiredCapabilities=true }"/>
         <property name="platform" value="Windows 10"/>
      </properties>
      <testcase name="Test Cases/DBD Test Case/1-View the layout information in the List View" time="8.049" classname="Test Cases/DBD Test Case/1-View the layout information in the List View" status="PASSED">
         <system-out><![CDATA[2020-06-18 17:40:17 - [TEST_CASE][PASSED] - Test Cases/DBD Test Case/1-View the layout information in the List View: Test Cases/DBD Test Case/1-View the layout information in the List View

2020-06-18 17:40:18 - [TEST_STEP][PASSED] - openBrowser("http://crmc.opencloud.digital:64216/index.php"): Browser is opened with url: 'http://crmc.opencloud.digital:64216/index.php'

2020-06-18 17:40:18 - [MESSAGE][INFO] - Starting 'Chrome' driver

2020-06-18 17:40:18 - [MESSAGE][INFO] - Action delay is set to 0 milliseconds

2020-06-18 17:40:22 - [MESSAGE][PASSED] - Browser is opened with url: 'http://crmc.opencloud.digital:64216/index.php'

2020-06-18 17:40:22 - [TEST_STEP][PASSED] - setText(findTestObject("DBD repository/login/input_User name_username"), findTestData("DBD Test Data/D1").getValue(1, 1)): Text 'admin' is set on object 'Object Repository/DBD repository/login/input_User name_username'

2020-06-18 17:40:23 - [MESSAGE][PASSED] - Text 'admin' is set on object 'Object Repository/DBD repository/login/input_User name_username'

2020-06-18 17:40:23 - [TEST_STEP][PASSED] - setText(findTestObject("DBD repository/login/input_Password_password"), findTestData("DBD Test Data/D1").getValue(2, 1)): Text '1qaz2WSX3edc ' is set on object 'Object Repository/DBD repository/login/input_Password_password'

2020-06-18 17:40:24 - [MESSAGE][PASSED] - Text '1qaz2WSX3edc ' is set on object 'Object Repository/DBD repository/login/input_Password_password'

2020-06-18 17:40:24 - [TEST_STEP][PASSED] - click(findTestObject("DBD repository/login/button_Sign in")): Object: 'Object Repository/DBD repository/login/button_Sign in' is clicked on

2020-06-18 17:40:25 - [MESSAGE][PASSED] - Object: 'Object Repository/DBD repository/login/button_Sign in' is clicked on]]></system-out>
         <system-err><![CDATA[]]></system-err>
      </testcase>
      <testcase name="Test Cases/DBD Test Case/8-View the Detail View information" time="18.265" classname="Test Cases/DBD Test Case/8-View the Detail View information" status="PASSED">
         <system-out><![CDATA[2020-06-18 17:40:25 - [TEST_CASE][PASSED] - Test Cases/DBD Test Case/8-View the Detail View information: Test Cases/DBD Test Case/8-View the Detail View information

2020-06-18 17:40:26 - [TEST_STEP][PASSED] - click(findTestObject("DBD repository/Page_Home/a_DBD Companies")): Object: 'Object Repository/DBD repository/Page_Home/a_DBD Companies' is clicked on

2020-06-18 17:40:32 - [MESSAGE][PASSED] - Object: 'Object Repository/DBD repository/Page_Home/a_DBD Companies' is clicked on

2020-06-18 17:40:32 - [TEST_STEP][PASSED] - setText(findTestObject("DBD repository/Page_DBDCompanies/input_object compay name"), findTestData("DBD Test Data/D6").getValue(1, 1)): Text 'Sunjido Co. Ltd. ' is set on object 'Object Repository/DBD repository/Page_DBDCompanies/input_object compay name'

2020-06-18 17:40:33 - [MESSAGE][PASSED] - Text 'Sunjido Co. Ltd. ' is set on object 'Object Repository/DBD repository/Page_DBDCompanies/input_object compay name'

2020-06-18 17:40:33 - [TEST_STEP][PASSED] - click(findTestObject("DBD repository/Page_DBDCompanies/button_Search company")): Object: 'Object Repository/DBD repository/Page_DBDCompanies/button_Search company' is clicked on

2020-06-18 17:40:34 - [MESSAGE][PASSED] - Object: 'Object Repository/DBD repository/Page_DBDCompanies/button_Search company' is clicked on

2020-06-18 17:40:34 - [TEST_STEP][PASSED] - delay(3): Delayed 3 second(s)

2020-06-18 17:40:37 - [MESSAGE][PASSED] - Delayed 3 second(s)

2020-06-18 17:40:37 - [TEST_STEP][PASSED] - click(findTestObject("DBD repository/Page_DBDCompanies/a_Sunjido Co Ltd")): Object: 'Object Repository/DBD repository/Page_DBDCompanies/a_Sunjido Co Ltd' is clicked on

2020-06-18 17:40:44 - [MESSAGE][PASSED] - Object: 'Object Repository/DBD repository/Page_DBDCompanies/a_Sunjido Co Ltd' is clicked on]]></system-out>
         <system-err><![CDATA[]]></system-err>
      </testcase>
      <testcase name="Test Cases/DBD Test Case/18-Add the Activity information in DBD Company with non information" time="3.522" classname="Test Cases/DBD Test Case/18-Add the Activity information in DBD Company with non information" status="PASSED">
         <system-out><![CDATA[2020-06-18 17:40:44 - [TEST_CASE][PASSED] - Test Cases/DBD Test Case/18-Add the Activity information in DBD Company with non information: Test Cases/DBD Test Case/18-Add the Activity information in DBD Company with non information

2020-06-18 17:40:44 - [TEST_STEP][PASSED] - click(findTestObject("DBD repository/Page_DBDCompanies/a_Activities  DBD")): Object: 'Object Repository/DBD repository/Page_DBDCompanies/a_Activities  DBD' is clicked on

2020-06-18 17:40:44 - [MESSAGE][PASSED] - Object: 'Object Repository/DBD repository/Page_DBDCompanies/a_Activities  DBD' is clicked on

2020-06-18 17:40:44 - [TEST_STEP][PASSED] - click(findTestObject("DBD repository/Page_DBDCompanies/button_Add Activity DBD")): Object: 'Object Repository/DBD repository/Page_DBDCompanies/button_Add Activity DBD' is clicked on

2020-06-18 17:40:46 - [MESSAGE][PASSED] - Object: 'Object Repository/DBD repository/Page_DBDCompanies/button_Add Activity DBD' is clicked on

2020-06-18 17:40:46 - [TEST_STEP][PASSED] - click(findTestObject("DBD repository/Page_Calendar/button_Save acti")): Object: 'Object Repository/DBD repository/Page_Calendar/button_Save acti' is clicked on

2020-06-18 17:40:47 - [MESSAGE][PASSED] - Object: 'Object Repository/DBD repository/Page_Calendar/button_Save acti' is clicked on]]></system-out>
         <system-err><![CDATA[]]></system-err>
      </testcase>
      <testcase name="Test Cases/DBD Test Case/17-Add the Activity information in DBD Company with invalid information" time="2.847" classname="Test Cases/DBD Test Case/17-Add the Activity information in DBD Company with invalid information" status="ERROR">
         <error type="ERROR" message="Test Cases/DBD Test Case/17-Add the Activity information in DBD Company with invalid information FAILED.
Reason:
java.lang.IllegalArgumentException: Cannot find test data with id 'Data Files/D8' because (of) 'java.lang.IllegalArgumentException: Test data with id 'Data Files/D8' does not exist'
	at com.kms.katalon.core.testdata.TestDataFactory.findTestData(TestDataFactory.java:131)
	at com.kms.katalon.core.testdata.TestDataFactory$findTestData.callStatic(Unknown Source)
	at 17-Add the Activity information in DBD Company with invalid information.run(17-Add the Activity information in DBD Company with invalid information:25)
	at com.kms.katalon.core.main.ScriptEngine.run(ScriptEngine.java:194)
	at com.kms.katalon.core.main.ScriptEngine.runScriptAsRawText(ScriptEngine.java:119)
	at com.kms.katalon.core.main.TestCaseExecutor.runScript(TestCaseExecutor.java:337)
	at com.kms.katalon.core.main.TestCaseExecutor.doExecute(TestCaseExecutor.java:328)
	at com.kms.katalon.core.main.TestCaseExecutor.processExecutionPhase(TestCaseExecutor.java:307)
	at com.kms.katalon.core.main.TestCaseExecutor.accessMainPhase(TestCaseExecutor.java:299)
	at com.kms.katalon.core.main.TestCaseExecutor.execute(TestCaseExecutor.java:233)
	at com.kms.katalon.core.main.TestSuiteExecutor.accessTestCaseMainPhase(TestSuiteExecutor.java:169)
	at com.kms.katalon.core.main.TestSuiteExecutor.accessTestSuiteMainPhase(TestSuiteExecutor.java:142)
	at com.kms.katalon.core.main.TestSuiteExecutor.execute(TestSuiteExecutor.java:91)
	at com.kms.katalon.core.main.TestCaseMain.startTestSuite(TestCaseMain.java:157)
	at com.kms.katalon.core.main.TestCaseMain$startTestSuite$0.call(Unknown Source)
	at TempTestSuite1592476816052.run(TempTestSuite1592476816052.groovy:37)
"/>
         <system-out><![CDATA[2020-06-18 17:40:47 - [TEST_CASE][ERROR] - Test Cases/DBD Test Case/17-Add the Activity information in DBD Company with invalid information: Test Cases/DBD Test Case/17-Add the Activity information in DBD Company with invalid information FAILED.
Reason:
java.lang.IllegalArgumentException: Cannot find test data with id 'Data Files/D8' because (of) 'java.lang.IllegalArgumentException: Test data with id 'Data Files/D8' does not exist'
	at com.kms.katalon.core.testdata.TestDataFactory.findTestData(TestDataFactory.java:131)
	at com.kms.katalon.core.testdata.TestDataFactory$findTestData.callStatic(Unknown Source)
	at 17-Add the Activity information in DBD Company with invalid information.run(17-Add the Activity information in DBD Company with invalid information:25)
	at com.kms.katalon.core.main.ScriptEngine.run(ScriptEngine.java:194)
	at com.kms.katalon.core.main.ScriptEngine.runScriptAsRawText(ScriptEngine.java:119)
	at com.kms.katalon.core.main.TestCaseExecutor.runScript(TestCaseExecutor.java:337)
	at com.kms.katalon.core.main.TestCaseExecutor.doExecute(TestCaseExecutor.java:328)
	at com.kms.katalon.core.main.TestCaseExecutor.processExecutionPhase(TestCaseExecutor.java:307)
	at com.kms.katalon.core.main.TestCaseExecutor.accessMainPhase(TestCaseExecutor.java:299)
	at com.kms.katalon.core.main.TestCaseExecutor.execute(TestCaseExecutor.java:233)
	at com.kms.katalon.core.main.TestSuiteExecutor.accessTestCaseMainPhase(TestSuiteExecutor.java:169)
	at com.kms.katalon.core.main.TestSuiteExecutor.accessTestSuiteMainPhase(TestSuiteExecutor.java:142)
	at com.kms.katalon.core.main.TestSuiteExecutor.execute(TestSuiteExecutor.java:91)
	at com.kms.katalon.core.main.TestCaseMain.startTestSuite(TestCaseMain.java:157)
	at com.kms.katalon.core.main.TestCaseMain$startTestSuite$0.call(Unknown Source)
	at TempTestSuite1592476816052.run(TempTestSuite1592476816052.groovy:37)


2020-06-18 17:40:47 - [TEST_STEP][PASSED] - delay(1): Delayed 1 second(s)

2020-06-18 17:40:48 - [MESSAGE][PASSED] - Delayed 1 second(s)

2020-06-18 17:40:48 - [TEST_STEP][PASSED] - click(findTestObject("DBD repository/Page_Calendar/Clear acti")): Object: 'Object Repository/DBD repository/Page_Calendar/Clear acti' is clicked on

2020-06-18 17:40:49 - [MESSAGE][PASSED] - Object: 'Object Repository/DBD repository/Page_Calendar/Clear acti' is clicked on

2020-06-18 17:40:49 - [TEST_STEP][PASSED] - click(findTestObject("DBD repository/Page_Calendar/assign to")): Object: 'Object Repository/DBD repository/Page_Calendar/assign to' is clicked on

2020-06-18 17:40:50 - [MESSAGE][PASSED] - Object: 'Object Repository/DBD repository/Page_Calendar/assign to' is clicked on

2020-06-18 17:40:50 - [TEST_STEP][PASSED] - setText(findTestObject("DBD repository/Page_Calendar/input assign to"), findTestData("D8").getValue(3, 1)): null]]></system-out>
         <system-err><![CDATA[2020-06-18 17:40:47 - [TEST_CASE][ERROR] - Test Cases/DBD Test Case/17-Add the Activity information in DBD Company with invalid information: Test Cases/DBD Test Case/17-Add the Activity information in DBD Company with invalid information FAILED.
Reason:
java.lang.IllegalArgumentException: Cannot find test data with id 'Data Files/D8' because (of) 'java.lang.IllegalArgumentException: Test data with id 'Data Files/D8' does not exist'
	at com.kms.katalon.core.testdata.TestDataFactory.findTestData(TestDataFactory.java:131)
	at com.kms.katalon.core.testdata.TestDataFactory$findTestData.callStatic(Unknown Source)
	at 17-Add the Activity information in DBD Company with invalid information.run(17-Add the Activity information in DBD Company with invalid information:25)
	at com.kms.katalon.core.main.ScriptEngine.run(ScriptEngine.java:194)
	at com.kms.katalon.core.main.ScriptEngine.runScriptAsRawText(ScriptEngine.java:119)
	at com.kms.katalon.core.main.TestCaseExecutor.runScript(TestCaseExecutor.java:337)
	at com.kms.katalon.core.main.TestCaseExecutor.doExecute(TestCaseExecutor.java:328)
	at com.kms.katalon.core.main.TestCaseExecutor.processExecutionPhase(TestCaseExecutor.java:307)
	at com.kms.katalon.core.main.TestCaseExecutor.accessMainPhase(TestCaseExecutor.java:299)
	at com.kms.katalon.core.main.TestCaseExecutor.execute(TestCaseExecutor.java:233)
	at com.kms.katalon.core.main.TestSuiteExecutor.accessTestCaseMainPhase(TestSuiteExecutor.java:169)
	at com.kms.katalon.core.main.TestSuiteExecutor.accessTestSuiteMainPhase(TestSuiteExecutor.java:142)
	at com.kms.katalon.core.main.TestSuiteExecutor.execute(TestSuiteExecutor.java:91)
	at com.kms.katalon.core.main.TestCaseMain.startTestSuite(TestCaseMain.java:157)
	at com.kms.katalon.core.main.TestCaseMain$startTestSuite$0.call(Unknown Source)
	at TempTestSuite1592476816052.run(TempTestSuite1592476816052.groovy:37)]]></system-err>
      </testcase>
      <testcase name="Test Cases/DBD Test Case/16-Add the Activity information in DBD Company with valid information" time="5.397" classname="Test Cases/DBD Test Case/16-Add the Activity information in DBD Company with valid information" status="ERROR">
         <error type="ERROR" message="Test Cases/DBD Test Case/16-Add the Activity information in DBD Company with valid information FAILED.
Reason:
java.lang.IllegalArgumentException: Cannot find test data with id 'Data Files/D8' because (of) 'java.lang.IllegalArgumentException: Test data with id 'Data Files/D8' does not exist'
	at com.kms.katalon.core.testdata.TestDataFactory.findTestData(TestDataFactory.java:131)
	at com.kms.katalon.core.testdata.TestDataFactory$findTestData.callStatic(Unknown Source)
	at 16-Add the Activity information in DBD Company with valid information.run(16-Add the Activity information in DBD Company with valid information:35)
	at com.kms.katalon.core.main.ScriptEngine.run(ScriptEngine.java:194)
	at com.kms.katalon.core.main.ScriptEngine.runScriptAsRawText(ScriptEngine.java:119)
	at com.kms.katalon.core.main.TestCaseExecutor.runScript(TestCaseExecutor.java:337)
	at com.kms.katalon.core.main.TestCaseExecutor.doExecute(TestCaseExecutor.java:328)
	at com.kms.katalon.core.main.TestCaseExecutor.processExecutionPhase(TestCaseExecutor.java:307)
	at com.kms.katalon.core.main.TestCaseExecutor.accessMainPhase(TestCaseExecutor.java:299)
	at com.kms.katalon.core.main.TestCaseExecutor.execute(TestCaseExecutor.java:233)
	at com.kms.katalon.core.main.TestSuiteExecutor.accessTestCaseMainPhase(TestSuiteExecutor.java:169)
	at com.kms.katalon.core.main.TestSuiteExecutor.accessTestSuiteMainPhase(TestSuiteExecutor.java:142)
	at com.kms.katalon.core.main.TestSuiteExecutor.execute(TestSuiteExecutor.java:91)
	at com.kms.katalon.core.main.TestCaseMain.startTestSuite(TestCaseMain.java:157)
	at com.kms.katalon.core.main.TestCaseMain$startTestSuite$0.call(Unknown Source)
	at TempTestSuite1592476816052.run(TempTestSuite1592476816052.groovy:37)
"/>
         <system-out><![CDATA[2020-06-18 17:40:50 - [TEST_CASE][ERROR] - Test Cases/DBD Test Case/16-Add the Activity information in DBD Company with valid information: Test Cases/DBD Test Case/16-Add the Activity information in DBD Company with valid information FAILED.
Reason:
java.lang.IllegalArgumentException: Cannot find test data with id 'Data Files/D8' because (of) 'java.lang.IllegalArgumentException: Test data with id 'Data Files/D8' does not exist'
	at com.kms.katalon.core.testdata.TestDataFactory.findTestData(TestDataFactory.java:131)
	at com.kms.katalon.core.testdata.TestDataFactory$findTestData.callStatic(Unknown Source)
	at 16-Add the Activity information in DBD Company with valid information.run(16-Add the Activity information in DBD Company with valid information:35)
	at com.kms.katalon.core.main.ScriptEngine.run(ScriptEngine.java:194)
	at com.kms.katalon.core.main.ScriptEngine.runScriptAsRawText(ScriptEngine.java:119)
	at com.kms.katalon.core.main.TestCaseExecutor.runScript(TestCaseExecutor.java:337)
	at com.kms.katalon.core.main.TestCaseExecutor.doExecute(TestCaseExecutor.java:328)
	at com.kms.katalon.core.main.TestCaseExecutor.processExecutionPhase(TestCaseExecutor.java:307)
	at com.kms.katalon.core.main.TestCaseExecutor.accessMainPhase(TestCaseExecutor.java:299)
	at com.kms.katalon.core.main.TestCaseExecutor.execute(TestCaseExecutor.java:233)
	at com.kms.katalon.core.main.TestSuiteExecutor.accessTestCaseMainPhase(TestSuiteExecutor.java:169)
	at com.kms.katalon.core.main.TestSuiteExecutor.accessTestSuiteMainPhase(TestSuiteExecutor.java:142)
	at com.kms.katalon.core.main.TestSuiteExecutor.execute(TestSuiteExecutor.java:91)
	at com.kms.katalon.core.main.TestCaseMain.startTestSuite(TestCaseMain.java:157)
	at com.kms.katalon.core.main.TestCaseMain$startTestSuite$0.call(Unknown Source)
	at TempTestSuite1592476816052.run(TempTestSuite1592476816052.groovy:37)


2020-06-18 17:40:50 - [TEST_STEP][PASSED] - delay(1): Delayed 1 second(s)

2020-06-18 17:40:51 - [MESSAGE][PASSED] - Delayed 1 second(s)

2020-06-18 17:40:51 - [TEST_STEP][PASSED] - click(findTestObject("DBD repository/Page_Calendar/Clear acti")): Object: 'Object Repository/DBD repository/Page_Calendar/Clear acti' is clicked on

2020-06-18 17:40:52 - [MESSAGE][PASSED] - Object: 'Object Repository/DBD repository/Page_Calendar/Clear acti' is clicked on

2020-06-18 17:40:52 - [TEST_STEP][PASSED] - setText(findTestObject("DBD repository/Page_Calendar/input__subject acti"), findTestData("DBD Test Data/D8").getValue(1, 1)): Text 'Anatomy' is set on object 'Object Repository/DBD repository/Page_Calendar/input__subject acti'

2020-06-18 17:40:53 - [MESSAGE][PASSED] - Text 'Anatomy' is set on object 'Object Repository/DBD repository/Page_Calendar/input__subject acti'

2020-06-18 17:40:53 - [TEST_STEP][PASSED] - click(findTestObject("DBD repository/Page_Calendar/activity type")): Object: 'Object Repository/DBD repository/Page_Calendar/activity type' is clicked on

2020-06-18 17:40:53 - [MESSAGE][PASSED] - Object: 'Object Repository/DBD repository/Page_Calendar/activity type' is clicked on

2020-06-18 17:40:53 - [TEST_STEP][PASSED] - setText(findTestObject("DBD repository/Page_Calendar/input activity type"), findTestData("DBD Test Data/D8").getValue(2, 1)): Text 'Call' is set on object 'Object Repository/DBD repository/Page_Calendar/input activity type'

2020-06-18 17:40:54 - [MESSAGE][PASSED] - Text 'Call' is set on object 'Object Repository/DBD repository/Page_Calendar/input activity type'

2020-06-18 17:40:54 - [TEST_STEP][PASSED] - setText(findTestObject("DBD repository/Page_Calendar/input activity type"), Keys.chord(ENTER)): Text 'ENTER + ' is set on object 'Object Repository/DBD repository/Page_Calendar/input activity type'

2020-06-18 17:40:55 - [MESSAGE][PASSED] - Text 'ENTER + ' is set on object 'Object Repository/DBD repository/Page_Calendar/input activity type'

2020-06-18 17:40:55 - [TEST_STEP][PASSED] - click(findTestObject("DBD repository/Page_Calendar/assign to")): Object: 'Object Repository/DBD repository/Page_Calendar/assign to' is clicked on

2020-06-18 17:40:55 - [MESSAGE][PASSED] - Object: 'Object Repository/DBD repository/Page_Calendar/assign to' is clicked on

2020-06-18 17:40:55 - [TEST_STEP][PASSED] - setText(findTestObject("DBD repository/Page_Calendar/input assign to"), findTestData("D8").getValue(3, 1)): null]]></system-out>
         <system-err><![CDATA[2020-06-18 17:40:50 - [TEST_CASE][ERROR] - Test Cases/DBD Test Case/16-Add the Activity information in DBD Company with valid information: Test Cases/DBD Test Case/16-Add the Activity information in DBD Company with valid information FAILED.
Reason:
java.lang.IllegalArgumentException: Cannot find test data with id 'Data Files/D8' because (of) 'java.lang.IllegalArgumentException: Test data with id 'Data Files/D8' does not exist'
	at com.kms.katalon.core.testdata.TestDataFactory.findTestData(TestDataFactory.java:131)
	at com.kms.katalon.core.testdata.TestDataFactory$findTestData.callStatic(Unknown Source)
	at 16-Add the Activity information in DBD Company with valid information.run(16-Add the Activity information in DBD Company with valid information:35)
	at com.kms.katalon.core.main.ScriptEngine.run(ScriptEngine.java:194)
	at com.kms.katalon.core.main.ScriptEngine.runScriptAsRawText(ScriptEngine.java:119)
	at com.kms.katalon.core.main.TestCaseExecutor.runScript(TestCaseExecutor.java:337)
	at com.kms.katalon.core.main.TestCaseExecutor.doExecute(TestCaseExecutor.java:328)
	at com.kms.katalon.core.main.TestCaseExecutor.processExecutionPhase(TestCaseExecutor.java:307)
	at com.kms.katalon.core.main.TestCaseExecutor.accessMainPhase(TestCaseExecutor.java:299)
	at com.kms.katalon.core.main.TestCaseExecutor.execute(TestCaseExecutor.java:233)
	at com.kms.katalon.core.main.TestSuiteExecutor.accessTestCaseMainPhase(TestSuiteExecutor.java:169)
	at com.kms.katalon.core.main.TestSuiteExecutor.accessTestSuiteMainPhase(TestSuiteExecutor.java:142)
	at com.kms.katalon.core.main.TestSuiteExecutor.execute(TestSuiteExecutor.java:91)
	at com.kms.katalon.core.main.TestCaseMain.startTestSuite(TestCaseMain.java:157)
	at com.kms.katalon.core.main.TestCaseMain$startTestSuite$0.call(Unknown Source)
	at TempTestSuite1592476816052.run(TempTestSuite1592476816052.groovy:37)]]></system-err>
      </testcase>
      <system-out><![CDATA[2020-06-18 17:40:17 - [TEST_SUITE][ERROR] - Usecase10: Test Cases/DBD Test Case/17-Add the Activity information in DBD Company with invalid information FAILED.
Reason:
java.lang.IllegalArgumentException: Cannot find test data with id 'Data Files/D8' because (of) 'java.lang.IllegalArgumentException: Test data with id 'Data Files/D8' does not exist'
	at com.kms.katalon.core.testdata.TestDataFactory.findTestData(TestDataFactory.java:131)
	at com.kms.katalon.core.testdata.TestDataFactory$findTestData.callStatic(Unknown Source)
	at 17-Add the Activity information in DBD Company with invalid information.run(17-Add the Activity information in DBD Company with invalid information:25)
	at com.kms.katalon.core.main.ScriptEngine.run(ScriptEngine.java:194)
	at com.kms.katalon.core.main.ScriptEngine.runScriptAsRawText(ScriptEngine.java:119)
	at com.kms.katalon.core.main.TestCaseExecutor.runScript(TestCaseExecutor.java:337)
	at com.kms.katalon.core.main.TestCaseExecutor.doExecute(TestCaseExecutor.java:328)
	at com.kms.katalon.core.main.TestCaseExecutor.processExecutionPhase(TestCaseExecutor.java:307)
	at com.kms.katalon.core.main.TestCaseExecutor.accessMainPhase(TestCaseExecutor.java:299)
	at com.kms.katalon.core.main.TestCaseExecutor.execute(TestCaseExecutor.java:233)
	at com.kms.katalon.core.main.TestSuiteExecutor.accessTestCaseMainPhase(TestSuiteExecutor.java:169)
	at com.kms.katalon.core.main.TestSuiteExecutor.accessTestSuiteMainPhase(TestSuiteExecutor.java:142)
	at com.kms.katalon.core.main.TestSuiteExecutor.execute(TestSuiteExecutor.java:91)
	at com.kms.katalon.core.main.TestCaseMain.startTestSuite(TestCaseMain.java:157)
	at com.kms.katalon.core.main.TestCaseMain$startTestSuite$0.call(Unknown Source)
	at TempTestSuite1592476816052.run(TempTestSuite1592476816052.groovy:37)]]></system-out>
      <system-err><![CDATA[2020-06-18 17:40:17 - [TEST_SUITE][ERROR] - Usecase10: Test Cases/DBD Test Case/17-Add the Activity information in DBD Company with invalid information FAILED.
Reason:
java.lang.IllegalArgumentException: Cannot find test data with id 'Data Files/D8' because (of) 'java.lang.IllegalArgumentException: Test data with id 'Data Files/D8' does not exist'
	at com.kms.katalon.core.testdata.TestDataFactory.findTestData(TestDataFactory.java:131)
	at com.kms.katalon.core.testdata.TestDataFactory$findTestData.callStatic(Unknown Source)
	at 17-Add the Activity information in DBD Company with invalid information.run(17-Add the Activity information in DBD Company with invalid information:25)
	at com.kms.katalon.core.main.ScriptEngine.run(ScriptEngine.java:194)
	at com.kms.katalon.core.main.ScriptEngine.runScriptAsRawText(ScriptEngine.java:119)
	at com.kms.katalon.core.main.TestCaseExecutor.runScript(TestCaseExecutor.java:337)
	at com.kms.katalon.core.main.TestCaseExecutor.doExecute(TestCaseExecutor.java:328)
	at com.kms.katalon.core.main.TestCaseExecutor.processExecutionPhase(TestCaseExecutor.java:307)
	at com.kms.katalon.core.main.TestCaseExecutor.accessMainPhase(TestCaseExecutor.java:299)
	at com.kms.katalon.core.main.TestCaseExecutor.execute(TestCaseExecutor.java:233)
	at com.kms.katalon.core.main.TestSuiteExecutor.accessTestCaseMainPhase(TestSuiteExecutor.java:169)
	at com.kms.katalon.core.main.TestSuiteExecutor.accessTestSuiteMainPhase(TestSuiteExecutor.java:142)
	at com.kms.katalon.core.main.TestSuiteExecutor.execute(TestSuiteExecutor.java:91)
	at com.kms.katalon.core.main.TestCaseMain.startTestSuite(TestCaseMain.java:157)
	at com.kms.katalon.core.main.TestCaseMain$startTestSuite$0.call(Unknown Source)
	at TempTestSuite1592476816052.run(TempTestSuite1592476816052.groovy:37)]]></system-err>
   </testsuite>
</testsuites>
