<?xml version="1.0" encoding="UTF-8"?>
<testsuites name="2.Add new the Opportunity information" time="84.199" tests="4" failures="1" errors="0">
   <testsuite name="2.Add new the Opportunity information" tests="4" failures="1" errors="0" time="84.199" timestamp="2020-07-13 12:37:05" hostname="WIN10 - DESKTOP-0NVCT6K" id="Test Suites/Opportunity Usecase/2.Add new the Opportunity information">
      <properties>
         <property name="deviceName" value=""/>
         <property name="devicePlatform" value=""/>
         <property name="logFolder" value="C:\\Users\\WIN10\\git\\Best-Project\\Reports\\20200713_123704\\Opportunity Usecase\\2.Add new the Opportunity information\\20200713_123704"/>
         <property name="logFiles" value="C:\\Users\\WIN10\\git\\Best-Project\\Reports\\20200713_123704\\Opportunity Usecase\\2.Add new the Opportunity information\\20200713_123704\\execution0.log"/>
         <property name="attachments" value=""/>
         <property name="hostName" value="WIN10 - DESKTOP-0NVCT6K"/>
         <property name="os" value="Windows 10 64bit"/>
         <property name="katalonVersion" value="7.5.2.1"/>
         <property name="browser" value="Chrome 83.0.4103.116"/>
         <property name="hostAddress" value="192.168.1.2"/>
         <property name="sessionId" value="7be79a66ee3b4f988061431d677f4023"/>
         <property name="seleniumVersion" value="3.141.59"/>
         <property name="proxyInformation" value="ProxyInformation { proxyOption=NO_PROXY, proxyServerType=HTTP, username=, password=********, proxyServerAddress=, proxyServerPort=0, executionList=\&quot;\&quot;, isApplyToDesiredCapabilities=true }"/>
         <property name="platform" value="Windows 10"/>
      </properties>
      <testcase name="Test Cases/Opportunity Test Case/1.View the layout information in the List View" time="14.048" classname="Test Cases/Opportunity Test Case/1.View the layout information in the List View" status="PASSED">
         <system-out><![CDATA[2020-07-13 12:37:06 - [TEST_CASE][PASSED] - Test Cases/Opportunity Test Case/1.View the layout information in the List View: Test Cases/Opportunity Test Case/1.View the layout information in the List View

2020-07-13 12:37:06 - [TEST_STEP][PASSED] - openBrowser("http://crmc.opencloud.digital:64216/index.php"): Browser is opened with url: 'http://crmc.opencloud.digital:64216/index.php'

2020-07-13 12:37:06 - [MESSAGE][INFO] - Starting 'Chrome' driver

2020-07-13 12:37:06 - [MESSAGE][INFO] - Action delay is set to 0 milliseconds

2020-07-13 12:37:11 - [MESSAGE][PASSED] - Browser is opened with url: 'http://crmc.opencloud.digital:64216/index.php'

2020-07-13 12:37:11 - [TEST_STEP][PASSED] - setText(findTestObject("Account repository/Login/input_User name_username"), findTestData("Opportunity Test Data/D1").getValue(1, 1)): Text 'Admin' is set on object 'Object Repository/Account repository/Login/input_User name_username'

2020-07-13 12:37:12 - [MESSAGE][PASSED] - Text 'Admin' is set on object 'Object Repository/Account repository/Login/input_User name_username'

2020-07-13 12:37:12 - [TEST_STEP][PASSED] - setText(findTestObject("Account repository/Login/input_Password_password"), findTestData("Opportunity Test Data/D1").getValue(2, 1)): Text '1qaz2WSX3edc ' is set on object 'Object Repository/Account repository/Login/input_Password_password'

2020-07-13 12:37:12 - [MESSAGE][PASSED] - Text '1qaz2WSX3edc ' is set on object 'Object Repository/Account repository/Login/input_Password_password'

2020-07-13 12:37:12 - [TEST_STEP][PASSED] - click(findTestObject("Account repository/Login/button_Sign in")): Object: 'Object Repository/Account repository/Login/button_Sign in' is clicked on

2020-07-13 12:37:14 - [MESSAGE][PASSED] - Object: 'Object Repository/Account repository/Login/button_Sign in' is clicked on

2020-07-13 12:37:14 - [TEST_STEP][PASSED] - click(findTestObject("Opportunity repository/Page_Home/a_Opportunities")): Object: 'Object Repository/Opportunity repository/Page_Home/a_Opportunities' is clicked on

2020-07-13 12:37:18 - [MESSAGE][PASSED] - Object: 'Object Repository/Opportunity repository/Page_Home/a_Opportunities' is clicked on

2020-07-13 12:37:18 - [TEST_STEP][PASSED] - delay(2): Delayed 2 second(s)

2020-07-13 12:37:20 - [MESSAGE][PASSED] - Delayed 2 second(s)]]></system-out>
         <system-err><![CDATA[]]></system-err>
      </testcase>
      <testcase name="Test Cases/Opportunity Test Case/4.Add new the Opportunity information with non information" time="4.286" classname="Test Cases/Opportunity Test Case/4.Add new the Opportunity information with non information" status="PASSED">
         <system-out><![CDATA[2020-07-13 12:37:20 - [TEST_CASE][PASSED] - Test Cases/Opportunity Test Case/4.Add new the Opportunity information with non information: Test Cases/Opportunity Test Case/4.Add new the Opportunity information with non information

2020-07-13 12:37:20 - [TEST_STEP][PASSED] - click(findTestObject("Opportunity repository/Page_Opportunities/button_Add New Opportunity")): Object: 'Object Repository/Opportunity repository/Page_Opportunities/button_Add New Opportunity' is clicked on

2020-07-13 12:37:21 - [MESSAGE][PASSED] - Object: 'Object Repository/Opportunity repository/Page_Opportunities/button_Add New Opportunity' is clicked on

2020-07-13 12:37:21 - [TEST_STEP][PASSED] - click(findTestObject("Account repository/Page_Opportunities (1)/button_Save opportunity")): Object: 'Object Repository/Account repository/Page_Opportunities (1)/button_Save opportunity' is clicked on

2020-07-13 12:37:22 - [MESSAGE][PASSED] - Object: 'Object Repository/Account repository/Page_Opportunities (1)/button_Save opportunity' is clicked on

2020-07-13 12:37:22 - [TEST_STEP][PASSED] - delay(2): Delayed 2 second(s)

2020-07-13 12:37:24 - [MESSAGE][PASSED] - Delayed 2 second(s)]]></system-out>
         <system-err><![CDATA[]]></system-err>
      </testcase>
      <testcase name="Test Cases/Opportunity Test Case/3.Add new the Opportunity information with invalid information" time="24.014" classname="Test Cases/Opportunity Test Case/3.Add new the Opportunity information with invalid information" status="PASSED">
         <system-out><![CDATA[2020-07-13 12:37:24 - [TEST_CASE][PASSED] - Test Cases/Opportunity Test Case/3.Add new the Opportunity information with invalid information: Test Cases/Opportunity Test Case/3.Add new the Opportunity information with invalid information

2020-07-13 12:37:24 - [TEST_STEP][PASSED] - click(findTestObject("Opportunity repository/Page_Opportunities NEW ADD/clear opp")): Object: 'Object Repository/Opportunity repository/Page_Opportunities NEW ADD/clear opp' is clicked on

2020-07-13 12:37:25 - [MESSAGE][PASSED] - Object: 'Object Repository/Opportunity repository/Page_Opportunities NEW ADD/clear opp' is clicked on

2020-07-13 12:37:25 - [TEST_STEP][PASSED] - delay(1): Delayed 1 second(s)

2020-07-13 12:37:26 - [MESSAGE][PASSED] - Delayed 1 second(s)

2020-07-13 12:37:26 - [TEST_STEP][PASSED] - setText(findTestObject("Opportunity repository/Page_Opportunities NEW ADD/input__opp name"), findTestData("Opportunity Test Data/D3").getValue(1, 1)): Text 'ขึ้นดอย' is set on object 'Object Repository/Opportunity repository/Page_Opportunities NEW ADD/input__opp name'

2020-07-13 12:37:26 - [MESSAGE][PASSED] - Text 'ขึ้นดอย' is set on object 'Object Repository/Opportunity repository/Page_Opportunities NEW ADD/input__opp name'

2020-07-13 12:37:26 - [TEST_STEP][PASSED] - click(findTestObject("Opportunity repository/Page_Opportunities NEW ADD/Search account name")): Object: 'Object Repository/Opportunity repository/Page_Opportunities NEW ADD/Search account name' is clicked on

2020-07-13 12:37:27 - [MESSAGE][PASSED] - Object: 'Object Repository/Opportunity repository/Page_Opportunities NEW ADD/Search account name' is clicked on

2020-07-13 12:37:27 - [TEST_STEP][PASSED] - switchToWindowTitle("Accounts"): Switched to window with title: 'Accounts'

2020-07-13 12:37:29 - [MESSAGE][PASSED] - Switched to window with title: 'Accounts'

2020-07-13 12:37:29 - [TEST_STEP][PASSED] - click(findTestObject("Opportunity repository/Page_Accounts/a_   sirirut")): Object: 'Object Repository/Opportunity repository/Page_Accounts/a_   sirirut' is clicked on

2020-07-13 12:37:29 - [MESSAGE][PASSED] - Object: 'Object Repository/Opportunity repository/Page_Accounts/a_   sirirut' is clicked on

2020-07-13 12:37:29 - [TEST_STEP][PASSED] - switchToDefaultContent(): null

2020-07-13 12:37:31 - [TEST_STEP][PASSED] - click(findTestObject("Opportunity repository/Page_Opportunities NEW ADD/Search contact name")): Object: 'Object Repository/Opportunity repository/Page_Opportunities NEW ADD/Search contact name' is clicked on

2020-07-13 12:37:32 - [MESSAGE][PASSED] - Object: 'Object Repository/Opportunity repository/Page_Opportunities NEW ADD/Search contact name' is clicked on

2020-07-13 12:37:32 - [TEST_STEP][PASSED] - switchToWindowTitle("Contacts"): Switched to window with title: 'Contacts'

2020-07-13 12:37:34 - [MESSAGE][PASSED] - Switched to window with title: 'Contacts'

2020-07-13 12:37:34 - [TEST_STEP][PASSED] - click(findTestObject("Opportunity repository/Page_Contacts/a_ act contact name")): Object: 'Object Repository/Opportunity repository/Page_Contacts/a_ act contact name' is clicked on

2020-07-13 12:37:34 - [MESSAGE][PASSED] - Object: 'Object Repository/Opportunity repository/Page_Contacts/a_ act contact name' is clicked on

2020-07-13 12:37:34 - [TEST_STEP][PASSED] - switchToDefaultContent(STOP_ON_FAILURE): null

2020-07-13 12:37:36 - [TEST_STEP][PASSED] - setText(findTestObject("Opportunity repository/Page_Opportunities NEW ADD/input__closingdate opp"), findTestData("Opportunity Test Data/D3").getValue(4, 1)): Text '01/02/2020' is set on object 'Object Repository/Opportunity repository/Page_Opportunities NEW ADD/input__closingdate opp'

2020-07-13 12:37:37 - [MESSAGE][PASSED] - Text '01/02/2020' is set on object 'Object Repository/Opportunity repository/Page_Opportunities NEW ADD/input__closingdate opp'

2020-07-13 12:37:37 - [TEST_STEP][PASSED] - click(findTestObject("Opportunity repository/Page_Opportunities NEW ADD/clear opp")): Object: 'Object Repository/Opportunity repository/Page_Opportunities NEW ADD/clear opp' is clicked on

2020-07-13 12:37:37 - [MESSAGE][PASSED] - Object: 'Object Repository/Opportunity repository/Page_Opportunities NEW ADD/clear opp' is clicked on

2020-07-13 12:37:37 - [TEST_STEP][PASSED] - click(findTestObject("Opportunity repository/Page_Opportunities NEW ADD/stage opp")): Object: 'Object Repository/Opportunity repository/Page_Opportunities NEW ADD/stage opp' is clicked on

2020-07-13 12:37:37 - [MESSAGE][PASSED] - Object: 'Object Repository/Opportunity repository/Page_Opportunities NEW ADD/stage opp' is clicked on

2020-07-13 12:37:37 - [TEST_STEP][PASSED] - setText(findTestObject("Opportunity repository/Page_Opportunities NEW ADD/input stage opp"), findTestData("Opportunity Test Data/D3").getValue(5, 1)): Text 'Prospect' is set on object 'Object Repository/Opportunity repository/Page_Opportunities NEW ADD/input stage opp'

2020-07-13 12:37:38 - [MESSAGE][PASSED] - Text 'Prospect' is set on object 'Object Repository/Opportunity repository/Page_Opportunities NEW ADD/input stage opp'

2020-07-13 12:37:38 - [TEST_STEP][PASSED] - sendKeys(findTestObject("Opportunity repository/Page_Opportunities NEW ADD/input stage opp"), Keys.chord(ENTER)): Keys 'ENTER + ' sent to object: 'Object Repository/Opportunity repository/Page_Opportunities NEW ADD/input stage opp'

2020-07-13 12:37:39 - [MESSAGE][PASSED] - Keys 'ENTER + ' sent to object: 'Object Repository/Opportunity repository/Page_Opportunities NEW ADD/input stage opp'

2020-07-13 12:37:39 - [TEST_STEP][PASSED] - click(findTestObject("Opportunity repository/Page_Opportunities NEW ADD/MC trade in opp")): Object: 'Object Repository/Opportunity repository/Page_Opportunities NEW ADD/MC trade in opp' is clicked on

2020-07-13 12:37:39 - [MESSAGE][PASSED] - Object: 'Object Repository/Opportunity repository/Page_Opportunities NEW ADD/MC trade in opp' is clicked on

2020-07-13 12:37:39 - [TEST_STEP][PASSED] - setText(findTestObject("Opportunity repository/Page_Opportunities NEW ADD/input MC trade in opp"), findTestData("Opportunity Test Data/D3").getValue(6, 1)): Text 'O to R' is set on object 'Object Repository/Opportunity repository/Page_Opportunities NEW ADD/input MC trade in opp'

2020-07-13 12:37:40 - [MESSAGE][PASSED] - Text 'O to R' is set on object 'Object Repository/Opportunity repository/Page_Opportunities NEW ADD/input MC trade in opp'

2020-07-13 12:37:40 - [TEST_STEP][PASSED] - sendKeys(findTestObject("Opportunity repository/Page_Opportunities NEW ADD/input MC trade in opp"), Keys.chord(ENTER)): Keys 'ENTER + ' sent to object: 'Object Repository/Opportunity repository/Page_Opportunities NEW ADD/input MC trade in opp'

2020-07-13 12:37:41 - [MESSAGE][PASSED] - Keys 'ENTER + ' sent to object: 'Object Repository/Opportunity repository/Page_Opportunities NEW ADD/input MC trade in opp'

2020-07-13 12:37:41 - [TEST_STEP][PASSED] - click(findTestObject("Opportunity repository/Page_Opportunities NEW ADD/sale type opp")): Object: 'Object Repository/Opportunity repository/Page_Opportunities NEW ADD/sale type opp' is clicked on

2020-07-13 12:37:41 - [MESSAGE][PASSED] - Object: 'Object Repository/Opportunity repository/Page_Opportunities NEW ADD/sale type opp' is clicked on

2020-07-13 12:37:41 - [TEST_STEP][PASSED] - setText(findTestObject("Opportunity repository/Page_Opportunities NEW ADD/input sale type opp"), findTestData("Opportunity Test Data/D3").getValue(7, 1)): Text 'Leasing' is set on object 'Object Repository/Opportunity repository/Page_Opportunities NEW ADD/input sale type opp'

2020-07-13 12:37:42 - [MESSAGE][PASSED] - Text 'Leasing' is set on object 'Object Repository/Opportunity repository/Page_Opportunities NEW ADD/input sale type opp'

2020-07-13 12:37:42 - [TEST_STEP][PASSED] - sendKeys(findTestObject("Opportunity repository/Page_Opportunities NEW ADD/input sale type opp"), Keys.chord(ENTER)): Keys 'ENTER + ' sent to object: 'Object Repository/Opportunity repository/Page_Opportunities NEW ADD/input sale type opp'

2020-07-13 12:37:43 - [MESSAGE][PASSED] - Keys 'ENTER + ' sent to object: 'Object Repository/Opportunity repository/Page_Opportunities NEW ADD/input sale type opp'

2020-07-13 12:37:43 - [TEST_STEP][PASSED] - click(findTestObject("Opportunity repository/Page_Opportunities NEW ADD/input_Lot Order_cf_1388")): Object: 'Object Repository/Opportunity repository/Page_Opportunities NEW ADD/input_Lot Order_cf_1388' is clicked on

2020-07-13 12:37:43 - [MESSAGE][PASSED] - Object: 'Object Repository/Opportunity repository/Page_Opportunities NEW ADD/input_Lot Order_cf_1388' is clicked on

2020-07-13 12:37:43 - [TEST_STEP][PASSED] - click(findTestObject("Opportunity repository/Page_Opportunities NEW ADD/input_Normal_cf_1392")): Object: 'Object Repository/Opportunity repository/Page_Opportunities NEW ADD/input_Normal_cf_1392' is clicked on

2020-07-13 12:37:44 - [MESSAGE][PASSED] - Object: 'Object Repository/Opportunity repository/Page_Opportunities NEW ADD/input_Normal_cf_1392' is clicked on

2020-07-13 12:37:44 - [TEST_STEP][PASSED] - click(findTestObject("Opportunity repository/Page_Opportunities NEW ADD/lot order remove opp")): Object: 'Object Repository/Opportunity repository/Page_Opportunities NEW ADD/lot order remove opp' is clicked on

2020-07-13 12:37:44 - [MESSAGE][PASSED] - Object: 'Object Repository/Opportunity repository/Page_Opportunities NEW ADD/lot order remove opp' is clicked on

2020-07-13 12:37:44 - [TEST_STEP][PASSED] - setText(findTestObject("Opportunity repository/Page_Opportunities NEW ADD/input lot order remove opp"), findTestData("Opportunity Test Data/D3").getValue(9, 1)): Text 'Dropped' is set on object 'Object Repository/Opportunity repository/Page_Opportunities NEW ADD/input lot order remove opp'

2020-07-13 12:37:45 - [MESSAGE][PASSED] - Text 'Dropped' is set on object 'Object Repository/Opportunity repository/Page_Opportunities NEW ADD/input lot order remove opp'

2020-07-13 12:37:45 - [TEST_STEP][PASSED] - sendKeys(findTestObject("Opportunity repository/Page_Opportunities NEW ADD/input lot order remove opp"), Keys.chord(ENTER)): Keys 'ENTER + ' sent to object: 'Object Repository/Opportunity repository/Page_Opportunities NEW ADD/input lot order remove opp'

2020-07-13 12:37:45 - [MESSAGE][PASSED] - Keys 'ENTER + ' sent to object: 'Object Repository/Opportunity repository/Page_Opportunities NEW ADD/input lot order remove opp'

2020-07-13 12:37:45 - [TEST_STEP][PASSED] - click(findTestObject("Opportunity repository/Page_Opportunities NEW ADD/button_Save opp")): Object: 'Object Repository/Opportunity repository/Page_Opportunities NEW ADD/button_Save opp' is clicked on

2020-07-13 12:37:46 - [MESSAGE][PASSED] - Object: 'Object Repository/Opportunity repository/Page_Opportunities NEW ADD/button_Save opp' is clicked on

2020-07-13 12:37:46 - [TEST_STEP][PASSED] - delay(2): Delayed 2 second(s)

2020-07-13 12:37:48 - [MESSAGE][PASSED] - Delayed 2 second(s)]]></system-out>
         <system-err><![CDATA[]]></system-err>
      </testcase>
      <testcase name="Test Cases/Opportunity Test Case/2.Add new the Opportunity information with valid information" time="41.033" classname="Test Cases/Opportunity Test Case/2.Add new the Opportunity information with valid information" status="FAILED">
         <failure type="FAILED" message="Test Cases/Opportunity Test Case/2.Add new the Opportunity information with valid information FAILED.
Reason:
com.kms.katalon.core.exception.StepFailedException: Unable to switch to window with title: 'Inventory'
	at com.kms.katalon.core.webui.keyword.internal.WebUIKeywordMain.stepFailed(WebUIKeywordMain.groovy:64)
	at com.kms.katalon.core.webui.keyword.internal.WebUIKeywordMain.runKeyword(WebUIKeywordMain.groovy:26)
	at com.kms.katalon.core.webui.keyword.builtin.SwitchToWindowTitleKeyword.switchToWindowTitle(SwitchToWindowTitleKeyword.groovy:84)
	at com.kms.katalon.core.webui.keyword.builtin.SwitchToWindowTitleKeyword.execute(SwitchToWindowTitleKeyword.groovy:67)
	at com.kms.katalon.core.keyword.internal.KeywordExecutor.executeKeywordForPlatform(KeywordExecutor.groovy:72)
	at com.kms.katalon.core.webui.keyword.WebUiBuiltInKeywords.switchToWindowTitle(WebUiBuiltInKeywords.groovy:1779)
	at com.kms.katalon.core.webui.keyword.WebUiBuiltInKeywords$switchToWindowTitle$2.call(Unknown Source)
	at 2.Add new the Opportunity information with valid information.run(2.Add new the Opportunity information with valid information:82)
	at com.kms.katalon.core.main.ScriptEngine.run(ScriptEngine.java:194)
	at com.kms.katalon.core.main.ScriptEngine.runScriptAsRawText(ScriptEngine.java:119)
	at com.kms.katalon.core.main.TestCaseExecutor.runScript(TestCaseExecutor.java:337)
	at com.kms.katalon.core.main.TestCaseExecutor.doExecute(TestCaseExecutor.java:328)
	at com.kms.katalon.core.main.TestCaseExecutor.processExecutionPhase(TestCaseExecutor.java:307)
	at com.kms.katalon.core.main.TestCaseExecutor.accessMainPhase(TestCaseExecutor.java:299)
	at com.kms.katalon.core.main.TestCaseExecutor.execute(TestCaseExecutor.java:233)
	at com.kms.katalon.core.main.TestSuiteExecutor.accessTestCaseMainPhase(TestSuiteExecutor.java:169)
	at com.kms.katalon.core.main.TestSuiteExecutor.accessTestSuiteMainPhase(TestSuiteExecutor.java:142)
	at com.kms.katalon.core.main.TestSuiteExecutor.execute(TestSuiteExecutor.java:91)
	at com.kms.katalon.core.main.TestCaseMain.startTestSuite(TestCaseMain.java:157)
	at com.kms.katalon.core.main.TestCaseMain$startTestSuite$0.call(Unknown Source)
	at TempTestSuite1594618624327.run(TempTestSuite1594618624327.groovy:37)
Caused by: org.openqa.selenium.WebDriverException: chrome not reachable
  (Session info: chrome=83.0.4103.116)
Build info: version: '3.141.59', revision: 'e82be7d358', time: '2018-11-14T08:25:53'
System info: host: 'DESKTOP-0NVCT6K', ip: '192.168.1.2', os.name: 'Windows 10', os.arch: 'amd64', os.version: '10.0', java.version: '1.8.0_181'
Driver info: com.kms.katalon.selenium.driver.CChromeDriver
Capabilities {acceptInsecureCerts: false, browserName: chrome, browserVersion: 83.0.4103.116, chrome: {chromedriverVersion: 83.0.4103.39 (ccbf011cb2d2b..., userDataDir: C:\Users\WIN10\AppData\Loca...}, goog:chromeOptions: {debuggerAddress: localhost:52782}, javascriptEnabled: true, networkConnectionEnabled: false, pageLoadStrategy: normal, platform: WINDOWS, platformName: WINDOWS, proxy: Proxy(), setWindowRect: true, strictFileInteractability: false, timeouts: {implicit: 0, pageLoad: 300000, script: 30000}, unhandledPromptBehavior: dismiss and notify, webauthn:virtualAuthenticators: true}
Session ID: 7be79a66ee3b4f988061431d677f4023
	at org.openqa.selenium.remote.http.W3CHttpResponseCodec.createException(W3CHttpResponseCodec.java:187)
	at org.openqa.selenium.remote.http.W3CHttpResponseCodec.decode(W3CHttpResponseCodec.java:122)
	at org.openqa.selenium.remote.http.W3CHttpResponseCodec.decode(W3CHttpResponseCodec.java:49)
	at org.openqa.selenium.remote.HttpCommandExecutor.execute(HttpCommandExecutor.java:158)
	at org.openqa.selenium.remote.service.DriverCommandExecutor.execute(DriverCommandExecutor.java:83)
	at org.openqa.selenium.remote.RemoteWebDriver.execute(RemoteWebDriver.java:552)
	at com.kms.katalon.selenium.driver.CChromeDriver.execute(CChromeDriver.java:19)
	at org.openqa.selenium.remote.RemoteWebDriver.execute(RemoteWebDriver.java:609)
	at org.openqa.selenium.remote.RemoteWebDriver.getWindowHandles(RemoteWebDriver.java:460)
	at com.kms.katalon.core.webui.common.WebUiCommonHelper.switchToWindowUsingTitle(WebUiCommonHelper.java:110)
	at com.kms.katalon.core.webui.keyword.builtin.SwitchToWindowTitleKeyword$_switchToWindowTitle_closure1.doCall(SwitchToWindowTitleKeyword.groovy:78)
	at com.kms.katalon.core.webui.keyword.builtin.SwitchToWindowTitleKeyword$_switchToWindowTitle_closure1.call(SwitchToWindowTitleKeyword.groovy)
	at com.kms.katalon.core.webui.keyword.internal.WebUIKeywordMain.runKeyword(WebUIKeywordMain.groovy:20)
	... 19 more
"/>
         <system-out><![CDATA[2020-07-13 12:37:48 - [TEST_CASE][FAILED] - Test Cases/Opportunity Test Case/2.Add new the Opportunity information with valid information: Test Cases/Opportunity Test Case/2.Add new the Opportunity information with valid information FAILED.
Reason:
com.kms.katalon.core.exception.StepFailedException: Unable to switch to window with title: 'Inventory'
	at com.kms.katalon.core.webui.keyword.internal.WebUIKeywordMain.stepFailed(WebUIKeywordMain.groovy:64)
	at com.kms.katalon.core.webui.keyword.internal.WebUIKeywordMain.runKeyword(WebUIKeywordMain.groovy:26)
	at com.kms.katalon.core.webui.keyword.builtin.SwitchToWindowTitleKeyword.switchToWindowTitle(SwitchToWindowTitleKeyword.groovy:84)
	at com.kms.katalon.core.webui.keyword.builtin.SwitchToWindowTitleKeyword.execute(SwitchToWindowTitleKeyword.groovy:67)
	at com.kms.katalon.core.keyword.internal.KeywordExecutor.executeKeywordForPlatform(KeywordExecutor.groovy:72)
	at com.kms.katalon.core.webui.keyword.WebUiBuiltInKeywords.switchToWindowTitle(WebUiBuiltInKeywords.groovy:1779)
	at com.kms.katalon.core.webui.keyword.WebUiBuiltInKeywords$switchToWindowTitle$2.call(Unknown Source)
	at 2.Add new the Opportunity information with valid information.run(2.Add new the Opportunity information with valid information:82)
	at com.kms.katalon.core.main.ScriptEngine.run(ScriptEngine.java:194)
	at com.kms.katalon.core.main.ScriptEngine.runScriptAsRawText(ScriptEngine.java:119)
	at com.kms.katalon.core.main.TestCaseExecutor.runScript(TestCaseExecutor.java:337)
	at com.kms.katalon.core.main.TestCaseExecutor.doExecute(TestCaseExecutor.java:328)
	at com.kms.katalon.core.main.TestCaseExecutor.processExecutionPhase(TestCaseExecutor.java:307)
	at com.kms.katalon.core.main.TestCaseExecutor.accessMainPhase(TestCaseExecutor.java:299)
	at com.kms.katalon.core.main.TestCaseExecutor.execute(TestCaseExecutor.java:233)
	at com.kms.katalon.core.main.TestSuiteExecutor.accessTestCaseMainPhase(TestSuiteExecutor.java:169)
	at com.kms.katalon.core.main.TestSuiteExecutor.accessTestSuiteMainPhase(TestSuiteExecutor.java:142)
	at com.kms.katalon.core.main.TestSuiteExecutor.execute(TestSuiteExecutor.java:91)
	at com.kms.katalon.core.main.TestCaseMain.startTestSuite(TestCaseMain.java:157)
	at com.kms.katalon.core.main.TestCaseMain$startTestSuite$0.call(Unknown Source)
	at TempTestSuite1594618624327.run(TempTestSuite1594618624327.groovy:37)
Caused by: org.openqa.selenium.WebDriverException: chrome not reachable
  (Session info: chrome=83.0.4103.116)
Build info: version: '3.141.59', revision: 'e82be7d358', time: '2018-11-14T08:25:53'
System info: host: 'DESKTOP-0NVCT6K', ip: '192.168.1.2', os.name: 'Windows 10', os.arch: 'amd64', os.version: '10.0', java.version: '1.8.0_181'
Driver info: com.kms.katalon.selenium.driver.CChromeDriver
Capabilities {acceptInsecureCerts: false, browserName: chrome, browserVersion: 83.0.4103.116, chrome: {chromedriverVersion: 83.0.4103.39 (ccbf011cb2d2b..., userDataDir: C:\Users\WIN10\AppData\Loca...}, goog:chromeOptions: {debuggerAddress: localhost:52782}, javascriptEnabled: true, networkConnectionEnabled: false, pageLoadStrategy: normal, platform: WINDOWS, platformName: WINDOWS, proxy: Proxy(), setWindowRect: true, strictFileInteractability: false, timeouts: {implicit: 0, pageLoad: 300000, script: 30000}, unhandledPromptBehavior: dismiss and notify, webauthn:virtualAuthenticators: true}
Session ID: 7be79a66ee3b4f988061431d677f4023
	at org.openqa.selenium.remote.http.W3CHttpResponseCodec.createException(W3CHttpResponseCodec.java:187)
	at org.openqa.selenium.remote.http.W3CHttpResponseCodec.decode(W3CHttpResponseCodec.java:122)
	at org.openqa.selenium.remote.http.W3CHttpResponseCodec.decode(W3CHttpResponseCodec.java:49)
	at org.openqa.selenium.remote.HttpCommandExecutor.execute(HttpCommandExecutor.java:158)
	at org.openqa.selenium.remote.service.DriverCommandExecutor.execute(DriverCommandExecutor.java:83)
	at org.openqa.selenium.remote.RemoteWebDriver.execute(RemoteWebDriver.java:552)
	at com.kms.katalon.selenium.driver.CChromeDriver.execute(CChromeDriver.java:19)
	at org.openqa.selenium.remote.RemoteWebDriver.execute(RemoteWebDriver.java:609)
	at org.openqa.selenium.remote.RemoteWebDriver.getWindowHandles(RemoteWebDriver.java:460)
	at com.kms.katalon.core.webui.common.WebUiCommonHelper.switchToWindowUsingTitle(WebUiCommonHelper.java:110)
	at com.kms.katalon.core.webui.keyword.builtin.SwitchToWindowTitleKeyword$_switchToWindowTitle_closure1.doCall(SwitchToWindowTitleKeyword.groovy:78)
	at com.kms.katalon.core.webui.keyword.builtin.SwitchToWindowTitleKeyword$_switchToWindowTitle_closure1.call(SwitchToWindowTitleKeyword.groovy)
	at com.kms.katalon.core.webui.keyword.internal.WebUIKeywordMain.runKeyword(WebUIKeywordMain.groovy:20)
	... 19 more


2020-07-13 12:37:48 - [TEST_STEP][PASSED] - click(findTestObject("Opportunity repository/Page_Opportunities NEW ADD/clear opp")): Object: 'Object Repository/Opportunity repository/Page_Opportunities NEW ADD/clear opp' is clicked on

2020-07-13 12:37:49 - [MESSAGE][PASSED] - Object: 'Object Repository/Opportunity repository/Page_Opportunities NEW ADD/clear opp' is clicked on

2020-07-13 12:37:49 - [TEST_STEP][PASSED] - delay(1): Delayed 1 second(s)

2020-07-13 12:37:50 - [MESSAGE][PASSED] - Delayed 1 second(s)

2020-07-13 12:37:50 - [TEST_STEP][PASSED] - setText(findTestObject("Opportunity repository/Page_Opportunities NEW ADD/input__opp name"), findTestData("Opportunity Test Data/D3").getValue(1, 1)): Text 'ขึ้นดอย' is set on object 'Object Repository/Opportunity repository/Page_Opportunities NEW ADD/input__opp name'

2020-07-13 12:37:50 - [MESSAGE][PASSED] - Text 'ขึ้นดอย' is set on object 'Object Repository/Opportunity repository/Page_Opportunities NEW ADD/input__opp name'

2020-07-13 12:37:50 - [TEST_STEP][PASSED] - click(findTestObject("Opportunity repository/Page_Opportunities NEW ADD/Search account name")): Object: 'Object Repository/Opportunity repository/Page_Opportunities NEW ADD/Search account name' is clicked on

2020-07-13 12:37:51 - [MESSAGE][PASSED] - Object: 'Object Repository/Opportunity repository/Page_Opportunities NEW ADD/Search account name' is clicked on

2020-07-13 12:37:51 - [TEST_STEP][PASSED] - switchToWindowTitle("Accounts"): Switched to window with title: 'Accounts'

2020-07-13 12:37:53 - [MESSAGE][PASSED] - Switched to window with title: 'Accounts'

2020-07-13 12:37:53 - [TEST_STEP][PASSED] - click(findTestObject("Opportunity repository/Page_Accounts/a_   sirirut")): Object: 'Object Repository/Opportunity repository/Page_Accounts/a_   sirirut' is clicked on

2020-07-13 12:37:53 - [MESSAGE][PASSED] - Object: 'Object Repository/Opportunity repository/Page_Accounts/a_   sirirut' is clicked on

2020-07-13 12:37:53 - [TEST_STEP][PASSED] - switchToDefaultContent(): null

2020-07-13 12:37:55 - [TEST_STEP][PASSED] - click(findTestObject("Opportunity repository/Page_Opportunities NEW ADD/Search contact name")): Object: 'Object Repository/Opportunity repository/Page_Opportunities NEW ADD/Search contact name' is clicked on

2020-07-13 12:37:56 - [MESSAGE][PASSED] - Object: 'Object Repository/Opportunity repository/Page_Opportunities NEW ADD/Search contact name' is clicked on

2020-07-13 12:37:56 - [TEST_STEP][PASSED] - switchToWindowTitle("Contacts"): Switched to window with title: 'Contacts'

2020-07-13 12:37:58 - [MESSAGE][PASSED] - Switched to window with title: 'Contacts'

2020-07-13 12:37:58 - [TEST_STEP][PASSED] - click(findTestObject("Opportunity repository/Page_Contacts/a_ act contact name")): Object: 'Object Repository/Opportunity repository/Page_Contacts/a_ act contact name' is clicked on

2020-07-13 12:37:58 - [MESSAGE][PASSED] - Object: 'Object Repository/Opportunity repository/Page_Contacts/a_ act contact name' is clicked on

2020-07-13 12:37:58 - [TEST_STEP][PASSED] - switchToDefaultContent(STOP_ON_FAILURE): null

2020-07-13 12:38:00 - [TEST_STEP][PASSED] - setText(findTestObject("Opportunity repository/Page_Opportunities NEW ADD/input__closingdate opp"), findTestData("Opportunity Test Data/D3").getValue(4, 1)): Text '01/02/2020' is set on object 'Object Repository/Opportunity repository/Page_Opportunities NEW ADD/input__closingdate opp'

2020-07-13 12:38:01 - [MESSAGE][PASSED] - Text '01/02/2020' is set on object 'Object Repository/Opportunity repository/Page_Opportunities NEW ADD/input__closingdate opp'

2020-07-13 12:38:01 - [TEST_STEP][PASSED] - click(findTestObject("Opportunity repository/Page_Opportunities NEW ADD/clear opp")): Object: 'Object Repository/Opportunity repository/Page_Opportunities NEW ADD/clear opp' is clicked on

2020-07-13 12:38:01 - [MESSAGE][PASSED] - Object: 'Object Repository/Opportunity repository/Page_Opportunities NEW ADD/clear opp' is clicked on

2020-07-13 12:38:01 - [TEST_STEP][PASSED] - click(findTestObject("Opportunity repository/Page_Opportunities NEW ADD/stage opp")): Object: 'Object Repository/Opportunity repository/Page_Opportunities NEW ADD/stage opp' is clicked on

2020-07-13 12:38:02 - [MESSAGE][PASSED] - Object: 'Object Repository/Opportunity repository/Page_Opportunities NEW ADD/stage opp' is clicked on

2020-07-13 12:38:02 - [TEST_STEP][PASSED] - setText(findTestObject("Opportunity repository/Page_Opportunities NEW ADD/input stage opp"), findTestData("Opportunity Test Data/D3").getValue(5, 1)): Text 'Prospect' is set on object 'Object Repository/Opportunity repository/Page_Opportunities NEW ADD/input stage opp'

2020-07-13 12:38:03 - [MESSAGE][PASSED] - Text 'Prospect' is set on object 'Object Repository/Opportunity repository/Page_Opportunities NEW ADD/input stage opp'

2020-07-13 12:38:03 - [TEST_STEP][PASSED] - sendKeys(findTestObject("Opportunity repository/Page_Opportunities NEW ADD/input stage opp"), Keys.chord(ENTER)): Keys 'ENTER + ' sent to object: 'Object Repository/Opportunity repository/Page_Opportunities NEW ADD/input stage opp'

2020-07-13 12:38:03 - [MESSAGE][PASSED] - Keys 'ENTER + ' sent to object: 'Object Repository/Opportunity repository/Page_Opportunities NEW ADD/input stage opp'

2020-07-13 12:38:03 - [TEST_STEP][PASSED] - click(findTestObject("Opportunity repository/Page_Opportunities NEW ADD/MC trade in opp")): Object: 'Object Repository/Opportunity repository/Page_Opportunities NEW ADD/MC trade in opp' is clicked on

2020-07-13 12:38:04 - [MESSAGE][PASSED] - Object: 'Object Repository/Opportunity repository/Page_Opportunities NEW ADD/MC trade in opp' is clicked on

2020-07-13 12:38:04 - [TEST_STEP][PASSED] - setText(findTestObject("Opportunity repository/Page_Opportunities NEW ADD/input MC trade in opp"), findTestData("Opportunity Test Data/D3").getValue(6, 1)): Text 'O to R' is set on object 'Object Repository/Opportunity repository/Page_Opportunities NEW ADD/input MC trade in opp'

2020-07-13 12:38:05 - [MESSAGE][PASSED] - Text 'O to R' is set on object 'Object Repository/Opportunity repository/Page_Opportunities NEW ADD/input MC trade in opp'

2020-07-13 12:38:05 - [TEST_STEP][PASSED] - sendKeys(findTestObject("Opportunity repository/Page_Opportunities NEW ADD/input MC trade in opp"), Keys.chord(ENTER)): Keys 'ENTER + ' sent to object: 'Object Repository/Opportunity repository/Page_Opportunities NEW ADD/input MC trade in opp'

2020-07-13 12:38:05 - [MESSAGE][PASSED] - Keys 'ENTER + ' sent to object: 'Object Repository/Opportunity repository/Page_Opportunities NEW ADD/input MC trade in opp'

2020-07-13 12:38:05 - [TEST_STEP][PASSED] - click(findTestObject("Opportunity repository/Page_Opportunities NEW ADD/sale type opp")): Object: 'Object Repository/Opportunity repository/Page_Opportunities NEW ADD/sale type opp' is clicked on

2020-07-13 12:38:06 - [MESSAGE][PASSED] - Object: 'Object Repository/Opportunity repository/Page_Opportunities NEW ADD/sale type opp' is clicked on

2020-07-13 12:38:06 - [TEST_STEP][PASSED] - setText(findTestObject("Opportunity repository/Page_Opportunities NEW ADD/input sale type opp"), findTestData("Opportunity Test Data/D3").getValue(7, 1)): Text 'Leasing' is set on object 'Object Repository/Opportunity repository/Page_Opportunities NEW ADD/input sale type opp'

2020-07-13 12:38:07 - [MESSAGE][PASSED] - Text 'Leasing' is set on object 'Object Repository/Opportunity repository/Page_Opportunities NEW ADD/input sale type opp'

2020-07-13 12:38:07 - [TEST_STEP][PASSED] - sendKeys(findTestObject("Opportunity repository/Page_Opportunities NEW ADD/input sale type opp"), Keys.chord(ENTER)): Keys 'ENTER + ' sent to object: 'Object Repository/Opportunity repository/Page_Opportunities NEW ADD/input sale type opp'

2020-07-13 12:38:07 - [MESSAGE][PASSED] - Keys 'ENTER + ' sent to object: 'Object Repository/Opportunity repository/Page_Opportunities NEW ADD/input sale type opp'

2020-07-13 12:38:07 - [TEST_STEP][PASSED] - click(findTestObject("Opportunity repository/Page_Opportunities NEW ADD/input_Lot Order_cf_1388")): Object: 'Object Repository/Opportunity repository/Page_Opportunities NEW ADD/input_Lot Order_cf_1388' is clicked on

2020-07-13 12:38:08 - [MESSAGE][PASSED] - Object: 'Object Repository/Opportunity repository/Page_Opportunities NEW ADD/input_Lot Order_cf_1388' is clicked on

2020-07-13 12:38:08 - [TEST_STEP][PASSED] - click(findTestObject("Opportunity repository/Page_Opportunities NEW ADD/input_Normal_cf_1392")): Object: 'Object Repository/Opportunity repository/Page_Opportunities NEW ADD/input_Normal_cf_1392' is clicked on

2020-07-13 12:38:08 - [MESSAGE][PASSED] - Object: 'Object Repository/Opportunity repository/Page_Opportunities NEW ADD/input_Normal_cf_1392' is clicked on

2020-07-13 12:38:08 - [TEST_STEP][PASSED] - click(findTestObject("Opportunity repository/Page_Opportunities NEW ADD/lot order remove opp")): Object: 'Object Repository/Opportunity repository/Page_Opportunities NEW ADD/lot order remove opp' is clicked on

2020-07-13 12:38:08 - [MESSAGE][PASSED] - Object: 'Object Repository/Opportunity repository/Page_Opportunities NEW ADD/lot order remove opp' is clicked on

2020-07-13 12:38:08 - [TEST_STEP][PASSED] - setText(findTestObject("Opportunity repository/Page_Opportunities NEW ADD/input lot order remove opp"), findTestData("Opportunity Test Data/D3").getValue(9, 1)): Text 'Dropped' is set on object 'Object Repository/Opportunity repository/Page_Opportunities NEW ADD/input lot order remove opp'

2020-07-13 12:38:09 - [MESSAGE][PASSED] - Text 'Dropped' is set on object 'Object Repository/Opportunity repository/Page_Opportunities NEW ADD/input lot order remove opp'

2020-07-13 12:38:09 - [TEST_STEP][PASSED] - sendKeys(findTestObject("Opportunity repository/Page_Opportunities NEW ADD/input lot order remove opp"), Keys.chord(ENTER)): Keys 'ENTER + ' sent to object: 'Object Repository/Opportunity repository/Page_Opportunities NEW ADD/input lot order remove opp'

2020-07-13 12:38:10 - [MESSAGE][PASSED] - Keys 'ENTER + ' sent to object: 'Object Repository/Opportunity repository/Page_Opportunities NEW ADD/input lot order remove opp'

2020-07-13 12:38:10 - [TEST_STEP][PASSED] - click(findTestObject("Opportunity repository/Page_Opportunities NEW ADD/img_E_lineItemPopup cursorPointer alignMiddle")): Object: 'Object Repository/Opportunity repository/Page_Opportunities NEW ADD/img_E_lineItemPopup cursorPointer alignMiddle' is clicked on

2020-07-13 12:38:10 - [MESSAGE][PASSED] - Object: 'Object Repository/Opportunity repository/Page_Opportunities NEW ADD/img_E_lineItemPopup cursorPointer alignMiddle' is clicked on

2020-07-13 12:38:10 - [TEST_STEP][FAILED] - switchToWindowTitle("Inventory"): Unable to switch to window with title: 'Inventory' (Root cause: com.kms.katalon.core.exception.StepFailedException: Unable to switch to window with title: 'Inventory'
	at com.kms.katalon.core.webui.keyword.internal.WebUIKeywordMain.stepFailed(WebUIKeywordMain.groovy:64)
	at com.kms.katalon.core.webui.keyword.internal.WebUIKeywordMain.runKeyword(WebUIKeywordMain.groovy:26)
	at com.kms.katalon.core.webui.keyword.builtin.SwitchToWindowTitleKeyword.switchToWindowTitle(SwitchToWindowTitleKeyword.groovy:84)
	at com.kms.katalon.core.webui.keyword.builtin.SwitchToWindowTitleKeyword.execute(SwitchToWindowTitleKeyword.groovy:67)
	at com.kms.katalon.core.keyword.internal.KeywordExecutor.executeKeywordForPlatform(KeywordExecutor.groovy:72)
	at com.kms.katalon.core.webui.keyword.WebUiBuiltInKeywords.switchToWindowTitle(WebUiBuiltInKeywords.groovy:1779)
	at com.kms.katalon.core.webui.keyword.WebUiBuiltInKeywords$switchToWindowTitle$2.call(Unknown Source)
	at 2.Add new the Opportunity information with valid information.run(2.Add new the Opportunity information with valid information:82)
	at com.kms.katalon.core.main.ScriptEngine.run(ScriptEngine.java:194)
	at com.kms.katalon.core.main.ScriptEngine.runScriptAsRawText(ScriptEngine.java:119)
	at com.kms.katalon.core.main.TestCaseExecutor.runScript(TestCaseExecutor.java:337)
	at com.kms.katalon.core.main.TestCaseExecutor.doExecute(TestCaseExecutor.java:328)
	at com.kms.katalon.core.main.TestCaseExecutor.processExecutionPhase(TestCaseExecutor.java:307)
	at com.kms.katalon.core.main.TestCaseExecutor.accessMainPhase(TestCaseExecutor.java:299)
	at com.kms.katalon.core.main.TestCaseExecutor.execute(TestCaseExecutor.java:233)
	at com.kms.katalon.core.main.TestSuiteExecutor.accessTestCaseMainPhase(TestSuiteExecutor.java:169)
	at com.kms.katalon.core.main.TestSuiteExecutor.accessTestSuiteMainPhase(TestSuiteExecutor.java:142)
	at com.kms.katalon.core.main.TestSuiteExecutor.execute(TestSuiteExecutor.java:91)
	at com.kms.katalon.core.main.TestCaseMain.startTestSuite(TestCaseMain.java:157)
	at com.kms.katalon.core.main.TestCaseMain$startTestSuite$0.call(Unknown Source)
	at TempTestSuite1594618624327.run(TempTestSuite1594618624327.groovy:37)
Caused by: org.openqa.selenium.WebDriverException: chrome not reachable
  (Session info: chrome=83.0.4103.116)
Build info: version: '3.141.59', revision: 'e82be7d358', time: '2018-11-14T08:25:53'
System info: host: 'DESKTOP-0NVCT6K', ip: '192.168.1.2', os.name: 'Windows 10', os.arch: 'amd64', os.version: '10.0', java.version: '1.8.0_181'
Driver info: com.kms.katalon.selenium.driver.CChromeDriver
Capabilities {acceptInsecureCerts: false, browserName: chrome, browserVersion: 83.0.4103.116, chrome: {chromedriverVersion: 83.0.4103.39 (ccbf011cb2d2b..., userDataDir: C:\Users\WIN10\AppData\Loca...}, goog:chromeOptions: {debuggerAddress: localhost:52782}, javascriptEnabled: true, networkConnectionEnabled: false, pageLoadStrategy: normal, platform: WINDOWS, platformName: WINDOWS, proxy: Proxy(), setWindowRect: true, strictFileInteractability: false, timeouts: {implicit: 0, pageLoad: 300000, script: 30000}, unhandledPromptBehavior: dismiss and notify, webauthn:virtualAuthenticators: true}
Session ID: 7be79a66ee3b4f988061431d677f4023
	at org.openqa.selenium.remote.http.W3CHttpResponseCodec.createException(W3CHttpResponseCodec.java:187)
	at org.openqa.selenium.remote.http.W3CHttpResponseCodec.decode(W3CHttpResponseCodec.java:122)
	at org.openqa.selenium.remote.http.W3CHttpResponseCodec.decode(W3CHttpResponseCodec.java:49)
	at org.openqa.selenium.remote.HttpCommandExecutor.execute(HttpCommandExecutor.java:158)
	at org.openqa.selenium.remote.service.DriverCommandExecutor.execute(DriverCommandExecutor.java:83)
	at org.openqa.selenium.remote.RemoteWebDriver.execute(RemoteWebDriver.java:552)
	at com.kms.katalon.selenium.driver.CChromeDriver.execute(CChromeDriver.java:19)
	at org.openqa.selenium.remote.RemoteWebDriver.execute(RemoteWebDriver.java:609)
	at org.openqa.selenium.remote.RemoteWebDriver.getWindowHandles(RemoteWebDriver.java:460)
	at com.kms.katalon.core.webui.common.WebUiCommonHelper.switchToWindowUsingTitle(WebUiCommonHelper.java:110)
	at com.kms.katalon.core.webui.keyword.builtin.SwitchToWindowTitleKeyword$_switchToWindowTitle_closure1.doCall(SwitchToWindowTitleKeyword.groovy:78)
	at com.kms.katalon.core.webui.keyword.builtin.SwitchToWindowTitleKeyword$_switchToWindowTitle_closure1.call(SwitchToWindowTitleKeyword.groovy)
	at com.kms.katalon.core.webui.keyword.internal.WebUIKeywordMain.runKeyword(WebUIKeywordMain.groovy:20)
	at com.kms.katalon.core.webui.keyword.builtin.SwitchToWindowTitleKeyword.switchToWindowTitle(SwitchToWindowTitleKeyword.groovy:84)
	at com.kms.katalon.core.webui.keyword.builtin.SwitchToWindowTitleKeyword.execute(SwitchToWindowTitleKeyword.groovy:67)
	at com.kms.katalon.core.keyword.internal.KeywordExecutor.executeKeywordForPlatform(KeywordExecutor.groovy:72)
	at com.kms.katalon.core.webui.keyword.WebUiBuiltInKeywords.switchToWindowTitle(WebUiBuiltInKeywords.groovy:1779)
	at com.kms.katalon.core.webui.keyword.WebUiBuiltInKeywords$switchToWindowTitle$2.call(Unknown Source)
	at Script1594573337013.run(Script1594573337013.groovy:82)
	... 13 more
)

2020-07-13 12:38:29 - [MESSAGE][WARNING] - Cannot take screenshot

2020-07-13 12:38:29 - [MESSAGE][FAILED] - Unable to switch to window with title: 'Inventory' (Root cause: com.kms.katalon.core.exception.StepFailedException: Unable to switch to window with title: 'Inventory'
	at com.kms.katalon.core.webui.keyword.internal.WebUIKeywordMain.stepFailed(WebUIKeywordMain.groovy:64)
	at com.kms.katalon.core.webui.keyword.internal.WebUIKeywordMain.runKeyword(WebUIKeywordMain.groovy:26)
	at com.kms.katalon.core.webui.keyword.builtin.SwitchToWindowTitleKeyword.switchToWindowTitle(SwitchToWindowTitleKeyword.groovy:84)
	at com.kms.katalon.core.webui.keyword.builtin.SwitchToWindowTitleKeyword.execute(SwitchToWindowTitleKeyword.groovy:67)
	at com.kms.katalon.core.keyword.internal.KeywordExecutor.executeKeywordForPlatform(KeywordExecutor.groovy:72)
	at com.kms.katalon.core.webui.keyword.WebUiBuiltInKeywords.switchToWindowTitle(WebUiBuiltInKeywords.groovy:1779)
	at com.kms.katalon.core.webui.keyword.WebUiBuiltInKeywords$switchToWindowTitle$2.call(Unknown Source)
	at 2.Add new the Opportunity information with valid information.run(2.Add new the Opportunity information with valid information:82)
	at com.kms.katalon.core.main.ScriptEngine.run(ScriptEngine.java:194)
	at com.kms.katalon.core.main.ScriptEngine.runScriptAsRawText(ScriptEngine.java:119)
	at com.kms.katalon.core.main.TestCaseExecutor.runScript(TestCaseExecutor.java:337)
	at com.kms.katalon.core.main.TestCaseExecutor.doExecute(TestCaseExecutor.java:328)
	at com.kms.katalon.core.main.TestCaseExecutor.processExecutionPhase(TestCaseExecutor.java:307)
	at com.kms.katalon.core.main.TestCaseExecutor.accessMainPhase(TestCaseExecutor.java:299)
	at com.kms.katalon.core.main.TestCaseExecutor.execute(TestCaseExecutor.java:233)
	at com.kms.katalon.core.main.TestSuiteExecutor.accessTestCaseMainPhase(TestSuiteExecutor.java:169)
	at com.kms.katalon.core.main.TestSuiteExecutor.accessTestSuiteMainPhase(TestSuiteExecutor.java:142)
	at com.kms.katalon.core.main.TestSuiteExecutor.execute(TestSuiteExecutor.java:91)
	at com.kms.katalon.core.main.TestCaseMain.startTestSuite(TestCaseMain.java:157)
	at com.kms.katalon.core.main.TestCaseMain$startTestSuite$0.call(Unknown Source)
	at TempTestSuite1594618624327.run(TempTestSuite1594618624327.groovy:37)
Caused by: org.openqa.selenium.WebDriverException: chrome not reachable
  (Session info: chrome=83.0.4103.116)
Build info: version: '3.141.59', revision: 'e82be7d358', time: '2018-11-14T08:25:53'
System info: host: 'DESKTOP-0NVCT6K', ip: '192.168.1.2', os.name: 'Windows 10', os.arch: 'amd64', os.version: '10.0', java.version: '1.8.0_181'
Driver info: com.kms.katalon.selenium.driver.CChromeDriver
Capabilities {acceptInsecureCerts: false, browserName: chrome, browserVersion: 83.0.4103.116, chrome: {chromedriverVersion: 83.0.4103.39 (ccbf011cb2d2b..., userDataDir: C:\Users\WIN10\AppData\Loca...}, goog:chromeOptions: {debuggerAddress: localhost:52782}, javascriptEnabled: true, networkConnectionEnabled: false, pageLoadStrategy: normal, platform: WINDOWS, platformName: WINDOWS, proxy: Proxy(), setWindowRect: true, strictFileInteractability: false, timeouts: {implicit: 0, pageLoad: 300000, script: 30000}, unhandledPromptBehavior: dismiss and notify, webauthn:virtualAuthenticators: true}
Session ID: 7be79a66ee3b4f988061431d677f4023
	at org.openqa.selenium.remote.http.W3CHttpResponseCodec.createException(W3CHttpResponseCodec.java:187)
	at org.openqa.selenium.remote.http.W3CHttpResponseCodec.decode(W3CHttpResponseCodec.java:122)
	at org.openqa.selenium.remote.http.W3CHttpResponseCodec.decode(W3CHttpResponseCodec.java:49)
	at org.openqa.selenium.remote.HttpCommandExecutor.execute(HttpCommandExecutor.java:158)
	at org.openqa.selenium.remote.service.DriverCommandExecutor.execute(DriverCommandExecutor.java:83)
	at org.openqa.selenium.remote.RemoteWebDriver.execute(RemoteWebDriver.java:552)
	at com.kms.katalon.selenium.driver.CChromeDriver.execute(CChromeDriver.java:19)
	at org.openqa.selenium.remote.RemoteWebDriver.execute(RemoteWebDriver.java:609)
	at org.openqa.selenium.remote.RemoteWebDriver.getWindowHandles(RemoteWebDriver.java:460)
	at com.kms.katalon.core.webui.common.WebUiCommonHelper.switchToWindowUsingTitle(WebUiCommonHelper.java:110)
	at com.kms.katalon.core.webui.keyword.builtin.SwitchToWindowTitleKeyword$_switchToWindowTitle_closure1.doCall(SwitchToWindowTitleKeyword.groovy:78)
	at com.kms.katalon.core.webui.keyword.builtin.SwitchToWindowTitleKeyword$_switchToWindowTitle_closure1.call(SwitchToWindowTitleKeyword.groovy)
	at com.kms.katalon.core.webui.keyword.internal.WebUIKeywordMain.runKeyword(WebUIKeywordMain.groovy:20)
	at com.kms.katalon.core.webui.keyword.builtin.SwitchToWindowTitleKeyword.switchToWindowTitle(SwitchToWindowTitleKeyword.groovy:84)
	at com.kms.katalon.core.webui.keyword.builtin.SwitchToWindowTitleKeyword.execute(SwitchToWindowTitleKeyword.groovy:67)
	at com.kms.katalon.core.keyword.internal.KeywordExecutor.executeKeywordForPlatform(KeywordExecutor.groovy:72)
	at com.kms.katalon.core.webui.keyword.WebUiBuiltInKeywords.switchToWindowTitle(WebUiBuiltInKeywords.groovy:1779)
	at com.kms.katalon.core.webui.keyword.WebUiBuiltInKeywords$switchToWindowTitle$2.call(Unknown Source)
	at Script1594573337013.run(Script1594573337013.groovy:82)
	... 13 more
)]]></system-out>
         <system-err><![CDATA[2020-07-13 12:37:48 - [TEST_CASE][FAILED] - Test Cases/Opportunity Test Case/2.Add new the Opportunity information with valid information: Test Cases/Opportunity Test Case/2.Add new the Opportunity information with valid information FAILED.
Reason:
com.kms.katalon.core.exception.StepFailedException: Unable to switch to window with title: 'Inventory'
	at com.kms.katalon.core.webui.keyword.internal.WebUIKeywordMain.stepFailed(WebUIKeywordMain.groovy:64)
	at com.kms.katalon.core.webui.keyword.internal.WebUIKeywordMain.runKeyword(WebUIKeywordMain.groovy:26)
	at com.kms.katalon.core.webui.keyword.builtin.SwitchToWindowTitleKeyword.switchToWindowTitle(SwitchToWindowTitleKeyword.groovy:84)
	at com.kms.katalon.core.webui.keyword.builtin.SwitchToWindowTitleKeyword.execute(SwitchToWindowTitleKeyword.groovy:67)
	at com.kms.katalon.core.keyword.internal.KeywordExecutor.executeKeywordForPlatform(KeywordExecutor.groovy:72)
	at com.kms.katalon.core.webui.keyword.WebUiBuiltInKeywords.switchToWindowTitle(WebUiBuiltInKeywords.groovy:1779)
	at com.kms.katalon.core.webui.keyword.WebUiBuiltInKeywords$switchToWindowTitle$2.call(Unknown Source)
	at 2.Add new the Opportunity information with valid information.run(2.Add new the Opportunity information with valid information:82)
	at com.kms.katalon.core.main.ScriptEngine.run(ScriptEngine.java:194)
	at com.kms.katalon.core.main.ScriptEngine.runScriptAsRawText(ScriptEngine.java:119)
	at com.kms.katalon.core.main.TestCaseExecutor.runScript(TestCaseExecutor.java:337)
	at com.kms.katalon.core.main.TestCaseExecutor.doExecute(TestCaseExecutor.java:328)
	at com.kms.katalon.core.main.TestCaseExecutor.processExecutionPhase(TestCaseExecutor.java:307)
	at com.kms.katalon.core.main.TestCaseExecutor.accessMainPhase(TestCaseExecutor.java:299)
	at com.kms.katalon.core.main.TestCaseExecutor.execute(TestCaseExecutor.java:233)
	at com.kms.katalon.core.main.TestSuiteExecutor.accessTestCaseMainPhase(TestSuiteExecutor.java:169)
	at com.kms.katalon.core.main.TestSuiteExecutor.accessTestSuiteMainPhase(TestSuiteExecutor.java:142)
	at com.kms.katalon.core.main.TestSuiteExecutor.execute(TestSuiteExecutor.java:91)
	at com.kms.katalon.core.main.TestCaseMain.startTestSuite(TestCaseMain.java:157)
	at com.kms.katalon.core.main.TestCaseMain$startTestSuite$0.call(Unknown Source)
	at TempTestSuite1594618624327.run(TempTestSuite1594618624327.groovy:37)
Caused by: org.openqa.selenium.WebDriverException: chrome not reachable
  (Session info: chrome=83.0.4103.116)
Build info: version: '3.141.59', revision: 'e82be7d358', time: '2018-11-14T08:25:53'
System info: host: 'DESKTOP-0NVCT6K', ip: '192.168.1.2', os.name: 'Windows 10', os.arch: 'amd64', os.version: '10.0', java.version: '1.8.0_181'
Driver info: com.kms.katalon.selenium.driver.CChromeDriver
Capabilities {acceptInsecureCerts: false, browserName: chrome, browserVersion: 83.0.4103.116, chrome: {chromedriverVersion: 83.0.4103.39 (ccbf011cb2d2b..., userDataDir: C:\Users\WIN10\AppData\Loca...}, goog:chromeOptions: {debuggerAddress: localhost:52782}, javascriptEnabled: true, networkConnectionEnabled: false, pageLoadStrategy: normal, platform: WINDOWS, platformName: WINDOWS, proxy: Proxy(), setWindowRect: true, strictFileInteractability: false, timeouts: {implicit: 0, pageLoad: 300000, script: 30000}, unhandledPromptBehavior: dismiss and notify, webauthn:virtualAuthenticators: true}
Session ID: 7be79a66ee3b4f988061431d677f4023
	at org.openqa.selenium.remote.http.W3CHttpResponseCodec.createException(W3CHttpResponseCodec.java:187)
	at org.openqa.selenium.remote.http.W3CHttpResponseCodec.decode(W3CHttpResponseCodec.java:122)
	at org.openqa.selenium.remote.http.W3CHttpResponseCodec.decode(W3CHttpResponseCodec.java:49)
	at org.openqa.selenium.remote.HttpCommandExecutor.execute(HttpCommandExecutor.java:158)
	at org.openqa.selenium.remote.service.DriverCommandExecutor.execute(DriverCommandExecutor.java:83)
	at org.openqa.selenium.remote.RemoteWebDriver.execute(RemoteWebDriver.java:552)
	at com.kms.katalon.selenium.driver.CChromeDriver.execute(CChromeDriver.java:19)
	at org.openqa.selenium.remote.RemoteWebDriver.execute(RemoteWebDriver.java:609)
	at org.openqa.selenium.remote.RemoteWebDriver.getWindowHandles(RemoteWebDriver.java:460)
	at com.kms.katalon.core.webui.common.WebUiCommonHelper.switchToWindowUsingTitle(WebUiCommonHelper.java:110)
	at com.kms.katalon.core.webui.keyword.builtin.SwitchToWindowTitleKeyword$_switchToWindowTitle_closure1.doCall(SwitchToWindowTitleKeyword.groovy:78)
	at com.kms.katalon.core.webui.keyword.builtin.SwitchToWindowTitleKeyword$_switchToWindowTitle_closure1.call(SwitchToWindowTitleKeyword.groovy)
	at com.kms.katalon.core.webui.keyword.internal.WebUIKeywordMain.runKeyword(WebUIKeywordMain.groovy:20)
	... 19 more]]></system-err>
      </testcase>
      <system-out><![CDATA[2020-07-13 12:37:05 - [TEST_SUITE][FAILED] - 2.Add new the Opportunity information: Test Cases/Opportunity Test Case/2.Add new the Opportunity information with valid information FAILED.
Reason:
com.kms.katalon.core.exception.StepFailedException: Unable to switch to window with title: 'Inventory'
	at com.kms.katalon.core.webui.keyword.internal.WebUIKeywordMain.stepFailed(WebUIKeywordMain.groovy:64)
	at com.kms.katalon.core.webui.keyword.internal.WebUIKeywordMain.runKeyword(WebUIKeywordMain.groovy:26)
	at com.kms.katalon.core.webui.keyword.builtin.SwitchToWindowTitleKeyword.switchToWindowTitle(SwitchToWindowTitleKeyword.groovy:84)
	at com.kms.katalon.core.webui.keyword.builtin.SwitchToWindowTitleKeyword.execute(SwitchToWindowTitleKeyword.groovy:67)
	at com.kms.katalon.core.keyword.internal.KeywordExecutor.executeKeywordForPlatform(KeywordExecutor.groovy:72)
	at com.kms.katalon.core.webui.keyword.WebUiBuiltInKeywords.switchToWindowTitle(WebUiBuiltInKeywords.groovy:1779)
	at com.kms.katalon.core.webui.keyword.WebUiBuiltInKeywords$switchToWindowTitle$2.call(Unknown Source)
	at 2.Add new the Opportunity information with valid information.run(2.Add new the Opportunity information with valid information:82)
	at com.kms.katalon.core.main.ScriptEngine.run(ScriptEngine.java:194)
	at com.kms.katalon.core.main.ScriptEngine.runScriptAsRawText(ScriptEngine.java:119)
	at com.kms.katalon.core.main.TestCaseExecutor.runScript(TestCaseExecutor.java:337)
	at com.kms.katalon.core.main.TestCaseExecutor.doExecute(TestCaseExecutor.java:328)
	at com.kms.katalon.core.main.TestCaseExecutor.processExecutionPhase(TestCaseExecutor.java:307)
	at com.kms.katalon.core.main.TestCaseExecutor.accessMainPhase(TestCaseExecutor.java:299)
	at com.kms.katalon.core.main.TestCaseExecutor.execute(TestCaseExecutor.java:233)
	at com.kms.katalon.core.main.TestSuiteExecutor.accessTestCaseMainPhase(TestSuiteExecutor.java:169)
	at com.kms.katalon.core.main.TestSuiteExecutor.accessTestSuiteMainPhase(TestSuiteExecutor.java:142)
	at com.kms.katalon.core.main.TestSuiteExecutor.execute(TestSuiteExecutor.java:91)
	at com.kms.katalon.core.main.TestCaseMain.startTestSuite(TestCaseMain.java:157)
	at com.kms.katalon.core.main.TestCaseMain$startTestSuite$0.call(Unknown Source)
	at TempTestSuite1594618624327.run(TempTestSuite1594618624327.groovy:37)
Caused by: org.openqa.selenium.WebDriverException: chrome not reachable
  (Session info: chrome=83.0.4103.116)
Build info: version: '3.141.59', revision: 'e82be7d358', time: '2018-11-14T08:25:53'
System info: host: 'DESKTOP-0NVCT6K', ip: '192.168.1.2', os.name: 'Windows 10', os.arch: 'amd64', os.version: '10.0', java.version: '1.8.0_181'
Driver info: com.kms.katalon.selenium.driver.CChromeDriver
Capabilities {acceptInsecureCerts: false, browserName: chrome, browserVersion: 83.0.4103.116, chrome: {chromedriverVersion: 83.0.4103.39 (ccbf011cb2d2b..., userDataDir: C:\Users\WIN10\AppData\Loca...}, goog:chromeOptions: {debuggerAddress: localhost:52782}, javascriptEnabled: true, networkConnectionEnabled: false, pageLoadStrategy: normal, platform: WINDOWS, platformName: WINDOWS, proxy: Proxy(), setWindowRect: true, strictFileInteractability: false, timeouts: {implicit: 0, pageLoad: 300000, script: 30000}, unhandledPromptBehavior: dismiss and notify, webauthn:virtualAuthenticators: true}
Session ID: 7be79a66ee3b4f988061431d677f4023
	at org.openqa.selenium.remote.http.W3CHttpResponseCodec.createException(W3CHttpResponseCodec.java:187)
	at org.openqa.selenium.remote.http.W3CHttpResponseCodec.decode(W3CHttpResponseCodec.java:122)
	at org.openqa.selenium.remote.http.W3CHttpResponseCodec.decode(W3CHttpResponseCodec.java:49)
	at org.openqa.selenium.remote.HttpCommandExecutor.execute(HttpCommandExecutor.java:158)
	at org.openqa.selenium.remote.service.DriverCommandExecutor.execute(DriverCommandExecutor.java:83)
	at org.openqa.selenium.remote.RemoteWebDriver.execute(RemoteWebDriver.java:552)
	at com.kms.katalon.selenium.driver.CChromeDriver.execute(CChromeDriver.java:19)
	at org.openqa.selenium.remote.RemoteWebDriver.execute(RemoteWebDriver.java:609)
	at org.openqa.selenium.remote.RemoteWebDriver.getWindowHandles(RemoteWebDriver.java:460)
	at com.kms.katalon.core.webui.common.WebUiCommonHelper.switchToWindowUsingTitle(WebUiCommonHelper.java:110)
	at com.kms.katalon.core.webui.keyword.builtin.SwitchToWindowTitleKeyword$_switchToWindowTitle_closure1.doCall(SwitchToWindowTitleKeyword.groovy:78)
	at com.kms.katalon.core.webui.keyword.builtin.SwitchToWindowTitleKeyword$_switchToWindowTitle_closure1.call(SwitchToWindowTitleKeyword.groovy)
	at com.kms.katalon.core.webui.keyword.internal.WebUIKeywordMain.runKeyword(WebUIKeywordMain.groovy:20)
	... 19 more]]></system-out>
      <system-err><![CDATA[2020-07-13 12:37:05 - [TEST_SUITE][FAILED] - 2.Add new the Opportunity information: Test Cases/Opportunity Test Case/2.Add new the Opportunity information with valid information FAILED.
Reason:
com.kms.katalon.core.exception.StepFailedException: Unable to switch to window with title: 'Inventory'
	at com.kms.katalon.core.webui.keyword.internal.WebUIKeywordMain.stepFailed(WebUIKeywordMain.groovy:64)
	at com.kms.katalon.core.webui.keyword.internal.WebUIKeywordMain.runKeyword(WebUIKeywordMain.groovy:26)
	at com.kms.katalon.core.webui.keyword.builtin.SwitchToWindowTitleKeyword.switchToWindowTitle(SwitchToWindowTitleKeyword.groovy:84)
	at com.kms.katalon.core.webui.keyword.builtin.SwitchToWindowTitleKeyword.execute(SwitchToWindowTitleKeyword.groovy:67)
	at com.kms.katalon.core.keyword.internal.KeywordExecutor.executeKeywordForPlatform(KeywordExecutor.groovy:72)
	at com.kms.katalon.core.webui.keyword.WebUiBuiltInKeywords.switchToWindowTitle(WebUiBuiltInKeywords.groovy:1779)
	at com.kms.katalon.core.webui.keyword.WebUiBuiltInKeywords$switchToWindowTitle$2.call(Unknown Source)
	at 2.Add new the Opportunity information with valid information.run(2.Add new the Opportunity information with valid information:82)
	at com.kms.katalon.core.main.ScriptEngine.run(ScriptEngine.java:194)
	at com.kms.katalon.core.main.ScriptEngine.runScriptAsRawText(ScriptEngine.java:119)
	at com.kms.katalon.core.main.TestCaseExecutor.runScript(TestCaseExecutor.java:337)
	at com.kms.katalon.core.main.TestCaseExecutor.doExecute(TestCaseExecutor.java:328)
	at com.kms.katalon.core.main.TestCaseExecutor.processExecutionPhase(TestCaseExecutor.java:307)
	at com.kms.katalon.core.main.TestCaseExecutor.accessMainPhase(TestCaseExecutor.java:299)
	at com.kms.katalon.core.main.TestCaseExecutor.execute(TestCaseExecutor.java:233)
	at com.kms.katalon.core.main.TestSuiteExecutor.accessTestCaseMainPhase(TestSuiteExecutor.java:169)
	at com.kms.katalon.core.main.TestSuiteExecutor.accessTestSuiteMainPhase(TestSuiteExecutor.java:142)
	at com.kms.katalon.core.main.TestSuiteExecutor.execute(TestSuiteExecutor.java:91)
	at com.kms.katalon.core.main.TestCaseMain.startTestSuite(TestCaseMain.java:157)
	at com.kms.katalon.core.main.TestCaseMain$startTestSuite$0.call(Unknown Source)
	at TempTestSuite1594618624327.run(TempTestSuite1594618624327.groovy:37)
Caused by: org.openqa.selenium.WebDriverException: chrome not reachable
  (Session info: chrome=83.0.4103.116)
Build info: version: '3.141.59', revision: 'e82be7d358', time: '2018-11-14T08:25:53'
System info: host: 'DESKTOP-0NVCT6K', ip: '192.168.1.2', os.name: 'Windows 10', os.arch: 'amd64', os.version: '10.0', java.version: '1.8.0_181'
Driver info: com.kms.katalon.selenium.driver.CChromeDriver
Capabilities {acceptInsecureCerts: false, browserName: chrome, browserVersion: 83.0.4103.116, chrome: {chromedriverVersion: 83.0.4103.39 (ccbf011cb2d2b..., userDataDir: C:\Users\WIN10\AppData\Loca...}, goog:chromeOptions: {debuggerAddress: localhost:52782}, javascriptEnabled: true, networkConnectionEnabled: false, pageLoadStrategy: normal, platform: WINDOWS, platformName: WINDOWS, proxy: Proxy(), setWindowRect: true, strictFileInteractability: false, timeouts: {implicit: 0, pageLoad: 300000, script: 30000}, unhandledPromptBehavior: dismiss and notify, webauthn:virtualAuthenticators: true}
Session ID: 7be79a66ee3b4f988061431d677f4023
	at org.openqa.selenium.remote.http.W3CHttpResponseCodec.createException(W3CHttpResponseCodec.java:187)
	at org.openqa.selenium.remote.http.W3CHttpResponseCodec.decode(W3CHttpResponseCodec.java:122)
	at org.openqa.selenium.remote.http.W3CHttpResponseCodec.decode(W3CHttpResponseCodec.java:49)
	at org.openqa.selenium.remote.HttpCommandExecutor.execute(HttpCommandExecutor.java:158)
	at org.openqa.selenium.remote.service.DriverCommandExecutor.execute(DriverCommandExecutor.java:83)
	at org.openqa.selenium.remote.RemoteWebDriver.execute(RemoteWebDriver.java:552)
	at com.kms.katalon.selenium.driver.CChromeDriver.execute(CChromeDriver.java:19)
	at org.openqa.selenium.remote.RemoteWebDriver.execute(RemoteWebDriver.java:609)
	at org.openqa.selenium.remote.RemoteWebDriver.getWindowHandles(RemoteWebDriver.java:460)
	at com.kms.katalon.core.webui.common.WebUiCommonHelper.switchToWindowUsingTitle(WebUiCommonHelper.java:110)
	at com.kms.katalon.core.webui.keyword.builtin.SwitchToWindowTitleKeyword$_switchToWindowTitle_closure1.doCall(SwitchToWindowTitleKeyword.groovy:78)
	at com.kms.katalon.core.webui.keyword.builtin.SwitchToWindowTitleKeyword$_switchToWindowTitle_closure1.call(SwitchToWindowTitleKeyword.groovy)
	at com.kms.katalon.core.webui.keyword.internal.WebUIKeywordMain.runKeyword(WebUIKeywordMain.groovy:20)
	... 19 more]]></system-err>
   </testsuite>
</testsuites>
