<?xml version="1.0" encoding="UTF-8"?>
<testsuites name="Usecase11" time="75.472" tests="5" failures="0" errors="1">
   <testsuite name="Usecase11" tests="5" failures="0" errors="1" time="75.472" timestamp="2563-06-17 14:56:18" hostname="ACER - DESKTOP-TSJL4HJ" id="Test Suites/Account Usecase/Usecase11">
      <properties>
         <property name="deviceName" value=""/>
         <property name="devicePlatform" value=""/>
         <property name="logFolder" value="C:\\Users\\ACER\\git\\Best-Project\\Reports\\25630617_145615\\Account Usecase\\Usecase11\\25630617_145615"/>
         <property name="logFiles" value="C:\\Users\\ACER\\git\\Best-Project\\Reports\\25630617_145615\\Account Usecase\\Usecase11\\25630617_145615\\execution0.log"/>
         <property name="attachments" value=""/>
         <property name="hostName" value="ACER - DESKTOP-TSJL4HJ"/>
         <property name="os" value="Windows 10 64bit"/>
         <property name="katalonVersion" value="7.5.2.1"/>
         <property name="browser" value="Chrome 83.0.4103.97"/>
         <property name="hostAddress" value="192.168.1.126"/>
         <property name="sessionId" value="b41737ce445932a0d8f3f30d17946f2b"/>
         <property name="seleniumVersion" value="3.141.59"/>
         <property name="proxyInformation" value="ProxyInformation { proxyOption=NO_PROXY, proxyServerType=HTTP, username=, password=********, proxyServerAddress=, proxyServerPort=0, executionList=\&quot;\&quot;, isApplyToDesiredCapabilities=true }"/>
         <property name="platform" value="Windows 10"/>
      </properties>
      <testcase name="Test Cases/Account Test Case/Test Case 1" time="14.169" classname="Test Cases/Account Test Case/Test Case 1" status="PASSED">
         <system-out><![CDATA[2563-06-17 14:56:19 - [TEST_CASE][PASSED] - Test Cases/Account Test Case/Test Case 1: Test Cases/Account Test Case/Test Case 1

2563-06-17 14:56:19 - [TEST_STEP][PASSED] - openBrowser("http://rthv1.opencloud.digital/"): Browser is opened with url: 'http://rthv1.opencloud.digital/'

2563-06-17 14:56:20 - [MESSAGE][INFO] - Starting 'Chrome' driver

2563-06-17 14:56:20 - [MESSAGE][INFO] - Action delay is set to 0 milliseconds

2563-06-17 14:56:26 - [MESSAGE][PASSED] - Browser is opened with url: 'http://rthv1.opencloud.digital/'

2563-06-17 14:56:26 - [TEST_STEP][PASSED] - maximizeWindow(): Current window maximized

2563-06-17 14:56:28 - [MESSAGE][PASSED] - Current window maximized

2563-06-17 14:56:28 - [TEST_STEP][PASSED] - setText(findTestObject("Account repository/Login/input_User name_username"), findTestData("Account Test Data/D1").getValue(1, 1)): Text 'Admin' is set on object 'Object Repository/Account repository/Login/input_User name_username'

2563-06-17 14:56:29 - [MESSAGE][PASSED] - Text 'Admin' is set on object 'Object Repository/Account repository/Login/input_User name_username'

2563-06-17 14:56:29 - [TEST_STEP][PASSED] - setText(findTestObject("Account repository/Login/input_Password_password"), findTestData("Account Test Data/D1").getValue(2, 1)): Text '1qaz2WSX3edc ' is set on object 'Object Repository/Account repository/Login/input_Password_password'

2563-06-17 14:56:29 - [MESSAGE][PASSED] - Text '1qaz2WSX3edc ' is set on object 'Object Repository/Account repository/Login/input_Password_password'

2563-06-17 14:56:29 - [TEST_STEP][PASSED] - click(findTestObject("Account repository/Login/button_Sign in")): Object: 'Object Repository/Account repository/Login/button_Sign in' is clicked on

2563-06-17 14:56:33 - [MESSAGE][PASSED] - Object: 'Object Repository/Account repository/Login/button_Sign in' is clicked on]]></system-out>
         <system-err><![CDATA[]]></system-err>
      </testcase>
      <testcase name="Test Cases/Account Test Case/Test Case 5" time="38.193" classname="Test Cases/Account Test Case/Test Case 5" status="PASSED">
         <system-out><![CDATA[2563-06-17 14:56:33 - [TEST_CASE][PASSED] - Test Cases/Account Test Case/Test Case 5: Test Cases/Account Test Case/Test Case 5

2563-06-17 14:56:33 - [TEST_STEP][PASSED] - click(findTestObject("Account repository/Page_Home/strong_Accounts")): Object: 'Object Repository/Account repository/Page_Home/strong_Accounts' is clicked on

2563-06-17 14:56:49 - [MESSAGE][PASSED] - Object: 'Object Repository/Account repository/Page_Home/strong_Accounts' is clicked on

2563-06-17 14:56:49 - [TEST_STEP][PASSED] - setText(findTestObject("Account repository/Page_Accounts/Search Account Name"), findTestData("Account Test Data/D4").getValue(1, 1)): Text 'บริษัท วี จี ไอ โกลบอล มีเดีย จำกัด (มหาชน) ' is set on object 'Object Repository/Account repository/Page_Accounts/Search Account Name'

2563-06-17 14:56:50 - [MESSAGE][PASSED] - Text 'บริษัท วี จี ไอ โกลบอล มีเดีย จำกัด (มหาชน) ' is set on object 'Object Repository/Account repository/Page_Accounts/Search Account Name'

2563-06-17 14:56:50 - [TEST_STEP][PASSED] - click(findTestObject("Account repository/Page_Accounts/button_Search")): Object: 'Object Repository/Account repository/Page_Accounts/button_Search' is clicked on

2563-06-17 14:56:51 - [MESSAGE][PASSED] - Object: 'Object Repository/Account repository/Page_Accounts/button_Search' is clicked on

2563-06-17 14:56:51 - [TEST_STEP][PASSED] - click(findTestObject("Account repository/Page_Accounts/click v g o")): Object: 'Object Repository/Account repository/Page_Accounts/click v g o' is clicked on

2563-06-17 14:57:11 - [MESSAGE][PASSED] - Object: 'Object Repository/Account repository/Page_Accounts/click v g o' is clicked on]]></system-out>
         <system-err><![CDATA[]]></system-err>
      </testcase>
      <testcase name="Test Cases/Account Test Case/Test Case 21" time="9.748" classname="Test Cases/Account Test Case/Test Case 21" status="PASSED">
         <system-out><![CDATA[2563-06-17 14:57:11 - [TEST_CASE][PASSED] - Test Cases/Account Test Case/Test Case 21: Test Cases/Account Test Case/Test Case 21

2563-06-17 14:57:11 - [TEST_STEP][PASSED] - click(findTestObject("Account repository/Page_Accounts/button_More account")): Object: 'Object Repository/Account repository/Page_Accounts/button_More account' is clicked on

2563-06-17 14:57:17 - [MESSAGE][PASSED] - Object: 'Object Repository/Account repository/Page_Accounts/button_More account' is clicked on

2563-06-17 14:57:17 - [TEST_STEP][PASSED] - click(findTestObject("Account repository/Page_Accounts Account/a_Add Activity")): Object: 'Object Repository/Account repository/Page_Accounts Account/a_Add Activity' is clicked on

2563-06-17 14:57:18 - [MESSAGE][PASSED] - Object: 'Object Repository/Account repository/Page_Accounts Account/a_Add Activity' is clicked on

2563-06-17 14:57:18 - [TEST_STEP][PASSED] - click(findTestObject("Account repository/Page_Calendar/button_Save acti"), STOP_ON_FAILURE): Object: 'Object Repository/Account repository/Page_Calendar/button_Save acti' is clicked on

2563-06-17 14:57:20 - [MESSAGE][PASSED] - Object: 'Object Repository/Account repository/Page_Calendar/button_Save acti' is clicked on

2563-06-17 14:57:20 - [TEST_STEP][PASSED] - delay(1): Delayed 1 second(s)

2563-06-17 14:57:21 - [MESSAGE][PASSED] - Delayed 1 second(s)]]></system-out>
         <system-err><![CDATA[]]></system-err>
      </testcase>
      <testcase name="Test Cases/Account Test Case/Test Case 20" time="4.415" classname="Test Cases/Account Test Case/Test Case 20" status="ERROR">
         <error type="ERROR" message="Test Cases/Account Test Case/Test Case 20 FAILED.
Reason:
java.lang.IllegalArgumentException: Cannot find test data with id 'Data Files/D12' because (of) 'java.lang.IllegalArgumentException: Test data with id 'Data Files/D12' does not exist'
	at com.kms.katalon.core.testdata.TestDataFactory.findTestData(TestDataFactory.java:131)
	at com.kms.katalon.core.testdata.TestDataFactory$findTestData.callStatic(Unknown Source)
	at Test Case 20.run(Test Case 20:25)
	at com.kms.katalon.core.main.ScriptEngine.run(ScriptEngine.java:194)
	at com.kms.katalon.core.main.ScriptEngine.runScriptAsRawText(ScriptEngine.java:119)
	at com.kms.katalon.core.main.TestCaseExecutor.runScript(TestCaseExecutor.java:337)
	at com.kms.katalon.core.main.TestCaseExecutor.doExecute(TestCaseExecutor.java:328)
	at com.kms.katalon.core.main.TestCaseExecutor.processExecutionPhase(TestCaseExecutor.java:307)
	at com.kms.katalon.core.main.TestCaseExecutor.accessMainPhase(TestCaseExecutor.java:299)
	at com.kms.katalon.core.main.TestCaseExecutor.execute(TestCaseExecutor.java:233)
	at com.kms.katalon.core.main.TestSuiteExecutor.accessTestCaseMainPhase(TestSuiteExecutor.java:169)
	at com.kms.katalon.core.main.TestSuiteExecutor.accessTestSuiteMainPhase(TestSuiteExecutor.java:142)
	at com.kms.katalon.core.main.TestSuiteExecutor.execute(TestSuiteExecutor.java:91)
	at com.kms.katalon.core.main.TestCaseMain.startTestSuite(TestCaseMain.java:157)
	at com.kms.katalon.core.main.TestCaseMain$startTestSuite$0.call(Unknown Source)
	at TempTestSuite1592380575870.run(TempTestSuite1592380575870.groovy:37)
"/>
         <system-out><![CDATA[2563-06-17 14:57:21 - [TEST_CASE][ERROR] - Test Cases/Account Test Case/Test Case 20: Test Cases/Account Test Case/Test Case 20 FAILED.
Reason:
java.lang.IllegalArgumentException: Cannot find test data with id 'Data Files/D12' because (of) 'java.lang.IllegalArgumentException: Test data with id 'Data Files/D12' does not exist'
	at com.kms.katalon.core.testdata.TestDataFactory.findTestData(TestDataFactory.java:131)
	at com.kms.katalon.core.testdata.TestDataFactory$findTestData.callStatic(Unknown Source)
	at Test Case 20.run(Test Case 20:25)
	at com.kms.katalon.core.main.ScriptEngine.run(ScriptEngine.java:194)
	at com.kms.katalon.core.main.ScriptEngine.runScriptAsRawText(ScriptEngine.java:119)
	at com.kms.katalon.core.main.TestCaseExecutor.runScript(TestCaseExecutor.java:337)
	at com.kms.katalon.core.main.TestCaseExecutor.doExecute(TestCaseExecutor.java:328)
	at com.kms.katalon.core.main.TestCaseExecutor.processExecutionPhase(TestCaseExecutor.java:307)
	at com.kms.katalon.core.main.TestCaseExecutor.accessMainPhase(TestCaseExecutor.java:299)
	at com.kms.katalon.core.main.TestCaseExecutor.execute(TestCaseExecutor.java:233)
	at com.kms.katalon.core.main.TestSuiteExecutor.accessTestCaseMainPhase(TestSuiteExecutor.java:169)
	at com.kms.katalon.core.main.TestSuiteExecutor.accessTestSuiteMainPhase(TestSuiteExecutor.java:142)
	at com.kms.katalon.core.main.TestSuiteExecutor.execute(TestSuiteExecutor.java:91)
	at com.kms.katalon.core.main.TestCaseMain.startTestSuite(TestCaseMain.java:157)
	at com.kms.katalon.core.main.TestCaseMain$startTestSuite$0.call(Unknown Source)
	at TempTestSuite1592380575870.run(TempTestSuite1592380575870.groovy:37)


2563-06-17 14:57:21 - [TEST_STEP][PASSED] - click(findTestObject("Account repository/Page_Calendar/clear acti")): Object: 'Object Repository/Account repository/Page_Calendar/clear acti' is clicked on

2563-06-17 14:57:22 - [MESSAGE][PASSED] - Object: 'Object Repository/Account repository/Page_Calendar/clear acti' is clicked on

2563-06-17 14:57:22 - [TEST_STEP][PASSED] - delay(3): Delayed 3 second(s)

2563-06-17 14:57:25 - [MESSAGE][PASSED] - Delayed 3 second(s)

2563-06-17 14:57:25 - [TEST_STEP][PASSED] - click(findTestObject("Account repository/Page_Calendar/ass to acti")): Object: 'Object Repository/Account repository/Page_Calendar/ass to acti' is clicked on

2563-06-17 14:57:25 - [MESSAGE][PASSED] - Object: 'Object Repository/Account repository/Page_Calendar/ass to acti' is clicked on

2563-06-17 14:57:25 - [TEST_STEP][PASSED] - setText(findTestObject("Account repository/Page_Calendar/input ass to acti New"), findTestData("D12").getValue(1, 1)): null]]></system-out>
         <system-err><![CDATA[2563-06-17 14:57:21 - [TEST_CASE][ERROR] - Test Cases/Account Test Case/Test Case 20: Test Cases/Account Test Case/Test Case 20 FAILED.
Reason:
java.lang.IllegalArgumentException: Cannot find test data with id 'Data Files/D12' because (of) 'java.lang.IllegalArgumentException: Test data with id 'Data Files/D12' does not exist'
	at com.kms.katalon.core.testdata.TestDataFactory.findTestData(TestDataFactory.java:131)
	at com.kms.katalon.core.testdata.TestDataFactory$findTestData.callStatic(Unknown Source)
	at Test Case 20.run(Test Case 20:25)
	at com.kms.katalon.core.main.ScriptEngine.run(ScriptEngine.java:194)
	at com.kms.katalon.core.main.ScriptEngine.runScriptAsRawText(ScriptEngine.java:119)
	at com.kms.katalon.core.main.TestCaseExecutor.runScript(TestCaseExecutor.java:337)
	at com.kms.katalon.core.main.TestCaseExecutor.doExecute(TestCaseExecutor.java:328)
	at com.kms.katalon.core.main.TestCaseExecutor.processExecutionPhase(TestCaseExecutor.java:307)
	at com.kms.katalon.core.main.TestCaseExecutor.accessMainPhase(TestCaseExecutor.java:299)
	at com.kms.katalon.core.main.TestCaseExecutor.execute(TestCaseExecutor.java:233)
	at com.kms.katalon.core.main.TestSuiteExecutor.accessTestCaseMainPhase(TestSuiteExecutor.java:169)
	at com.kms.katalon.core.main.TestSuiteExecutor.accessTestSuiteMainPhase(TestSuiteExecutor.java:142)
	at com.kms.katalon.core.main.TestSuiteExecutor.execute(TestSuiteExecutor.java:91)
	at com.kms.katalon.core.main.TestCaseMain.startTestSuite(TestCaseMain.java:157)
	at com.kms.katalon.core.main.TestCaseMain$startTestSuite$0.call(Unknown Source)
	at TempTestSuite1592380575870.run(TempTestSuite1592380575870.groovy:37)]]></system-err>
      </testcase>
      <testcase name="Test Cases/Account Test Case/Test Case 19" time="7.706" classname="Test Cases/Account Test Case/Test Case 19" status="PASSED">
         <system-out><![CDATA[2563-06-17 14:57:25 - [TEST_CASE][PASSED] - Test Cases/Account Test Case/Test Case 19: Test Cases/Account Test Case/Test Case 19

2563-06-17 14:57:25 - [TEST_STEP][PASSED] - click(findTestObject("Account repository/Page_Calendar/clear acti")): Object: 'Object Repository/Account repository/Page_Calendar/clear acti' is clicked on

2563-06-17 14:57:26 - [MESSAGE][PASSED] - Object: 'Object Repository/Account repository/Page_Calendar/clear acti' is clicked on

2563-06-17 14:57:26 - [TEST_STEP][PASSED] - delay(1): Delayed 1 second(s)

2563-06-17 14:57:27 - [MESSAGE][PASSED] - Delayed 1 second(s)

2563-06-17 14:57:27 - [TEST_STEP][PASSED] - setText(findTestObject("Account repository/Page_Calendar/input__subject acti"), findTestData("Account Test Data/D11").getValue(1, 1)): Text 'Anatomy' is set on object 'Object Repository/Account repository/Page_Calendar/input__subject acti'

2563-06-17 14:57:28 - [MESSAGE][PASSED] - Text 'Anatomy' is set on object 'Object Repository/Account repository/Page_Calendar/input__subject acti'

2563-06-17 14:57:28 - [TEST_STEP][PASSED] - click(findTestObject("Account repository/Page_Calendar/acti type")): Object: 'Object Repository/Account repository/Page_Calendar/acti type' is clicked on

2563-06-17 14:57:28 - [MESSAGE][PASSED] - Object: 'Object Repository/Account repository/Page_Calendar/acti type' is clicked on

2563-06-17 14:57:28 - [TEST_STEP][PASSED] - setText(findTestObject("Account repository/Page_Calendar/input acti type"), findTestData("Account Test Data/D11").getValue(2, 1)): Text 'Call' is set on object 'Object Repository/Account repository/Page_Calendar/input acti type'

2563-06-17 14:57:29 - [MESSAGE][PASSED] - Text 'Call' is set on object 'Object Repository/Account repository/Page_Calendar/input acti type'

2563-06-17 14:57:29 - [TEST_STEP][PASSED] - sendKeys(findTestObject("Account repository/Page_Calendar/input acti type"), Keys.chord(ENTER)): Keys 'ENTER + ' sent to object: 'Object Repository/Account repository/Page_Calendar/input acti type'

2563-06-17 14:57:30 - [MESSAGE][PASSED] - Keys 'ENTER + ' sent to object: 'Object Repository/Account repository/Page_Calendar/input acti type'

2563-06-17 14:57:30 - [TEST_STEP][PASSED] - click(findTestObject("Account repository/Page_Calendar/product group acti")): Object: 'Object Repository/Account repository/Page_Calendar/product group acti' is clicked on

2563-06-17 14:57:30 - [MESSAGE][PASSED] - Object: 'Object Repository/Account repository/Page_Calendar/product group acti' is clicked on

2563-06-17 14:57:30 - [TEST_STEP][PASSED] - setText(findTestObject("Account repository/Page_Calendar/input product group acti"), "No Product"): Text 'No Product' is set on object 'Object Repository/Account repository/Page_Calendar/input product group acti'

2563-06-17 14:57:31 - [MESSAGE][PASSED] - Text 'No Product' is set on object 'Object Repository/Account repository/Page_Calendar/input product group acti'

2563-06-17 14:57:31 - [TEST_STEP][PASSED] - sendKeys(findTestObject("Account repository/Page_Calendar/input product group acti"), Keys.chord(ENTER)): Keys 'ENTER + ' sent to object: 'Object Repository/Account repository/Page_Calendar/input product group acti'

2563-06-17 14:57:32 - [MESSAGE][PASSED] - Keys 'ENTER + ' sent to object: 'Object Repository/Account repository/Page_Calendar/input product group acti'

2563-06-17 14:57:32 - [TEST_STEP][PASSED] - click(findTestObject("Account repository/Page_Calendar/button_Save acti")): Object: 'Object Repository/Account repository/Page_Calendar/button_Save acti' is clicked on

2563-06-17 14:57:33 - [MESSAGE][PASSED] - Object: 'Object Repository/Account repository/Page_Calendar/button_Save acti' is clicked on]]></system-out>
         <system-err><![CDATA[]]></system-err>
      </testcase>
      <system-out><![CDATA[2563-06-17 14:56:18 - [TEST_SUITE][ERROR] - Usecase11: Test Cases/Account Test Case/Test Case 20 FAILED.
Reason:
java.lang.IllegalArgumentException: Cannot find test data with id 'Data Files/D12' because (of) 'java.lang.IllegalArgumentException: Test data with id 'Data Files/D12' does not exist'
	at com.kms.katalon.core.testdata.TestDataFactory.findTestData(TestDataFactory.java:131)
	at com.kms.katalon.core.testdata.TestDataFactory$findTestData.callStatic(Unknown Source)
	at Test Case 20.run(Test Case 20:25)
	at com.kms.katalon.core.main.ScriptEngine.run(ScriptEngine.java:194)
	at com.kms.katalon.core.main.ScriptEngine.runScriptAsRawText(ScriptEngine.java:119)
	at com.kms.katalon.core.main.TestCaseExecutor.runScript(TestCaseExecutor.java:337)
	at com.kms.katalon.core.main.TestCaseExecutor.doExecute(TestCaseExecutor.java:328)
	at com.kms.katalon.core.main.TestCaseExecutor.processExecutionPhase(TestCaseExecutor.java:307)
	at com.kms.katalon.core.main.TestCaseExecutor.accessMainPhase(TestCaseExecutor.java:299)
	at com.kms.katalon.core.main.TestCaseExecutor.execute(TestCaseExecutor.java:233)
	at com.kms.katalon.core.main.TestSuiteExecutor.accessTestCaseMainPhase(TestSuiteExecutor.java:169)
	at com.kms.katalon.core.main.TestSuiteExecutor.accessTestSuiteMainPhase(TestSuiteExecutor.java:142)
	at com.kms.katalon.core.main.TestSuiteExecutor.execute(TestSuiteExecutor.java:91)
	at com.kms.katalon.core.main.TestCaseMain.startTestSuite(TestCaseMain.java:157)
	at com.kms.katalon.core.main.TestCaseMain$startTestSuite$0.call(Unknown Source)
	at TempTestSuite1592380575870.run(TempTestSuite1592380575870.groovy:37)]]></system-out>
      <system-err><![CDATA[2563-06-17 14:56:18 - [TEST_SUITE][ERROR] - Usecase11: Test Cases/Account Test Case/Test Case 20 FAILED.
Reason:
java.lang.IllegalArgumentException: Cannot find test data with id 'Data Files/D12' because (of) 'java.lang.IllegalArgumentException: Test data with id 'Data Files/D12' does not exist'
	at com.kms.katalon.core.testdata.TestDataFactory.findTestData(TestDataFactory.java:131)
	at com.kms.katalon.core.testdata.TestDataFactory$findTestData.callStatic(Unknown Source)
	at Test Case 20.run(Test Case 20:25)
	at com.kms.katalon.core.main.ScriptEngine.run(ScriptEngine.java:194)
	at com.kms.katalon.core.main.ScriptEngine.runScriptAsRawText(ScriptEngine.java:119)
	at com.kms.katalon.core.main.TestCaseExecutor.runScript(TestCaseExecutor.java:337)
	at com.kms.katalon.core.main.TestCaseExecutor.doExecute(TestCaseExecutor.java:328)
	at com.kms.katalon.core.main.TestCaseExecutor.processExecutionPhase(TestCaseExecutor.java:307)
	at com.kms.katalon.core.main.TestCaseExecutor.accessMainPhase(TestCaseExecutor.java:299)
	at com.kms.katalon.core.main.TestCaseExecutor.execute(TestCaseExecutor.java:233)
	at com.kms.katalon.core.main.TestSuiteExecutor.accessTestCaseMainPhase(TestSuiteExecutor.java:169)
	at com.kms.katalon.core.main.TestSuiteExecutor.accessTestSuiteMainPhase(TestSuiteExecutor.java:142)
	at com.kms.katalon.core.main.TestSuiteExecutor.execute(TestSuiteExecutor.java:91)
	at com.kms.katalon.core.main.TestCaseMain.startTestSuite(TestCaseMain.java:157)
	at com.kms.katalon.core.main.TestCaseMain$startTestSuite$0.call(Unknown Source)
	at TempTestSuite1592380575870.run(TempTestSuite1592380575870.groovy:37)]]></system-err>
   </testsuite>
</testsuites>
