<?xml version="1.0" encoding="UTF-8"?>
<testsuites name="10" time="63.147" tests="5" failures="1" errors="0">
   <testsuite name="10" tests="5" failures="1" errors="0" time="63.147" timestamp="2020-07-08 08:17:32" hostname="WIN10 - DESKTOP-0NVCT6K" id="Test Suites/Opportunity Usecase/10">
      <properties>
         <property name="deviceName" value=""/>
         <property name="devicePlatform" value=""/>
         <property name="logFolder" value="C:\\Users\\WIN10\\git\\Best-Project\\Reports\\20200708_081731\\Opportunity Usecase\\10\\20200708_081731"/>
         <property name="logFiles" value="C:\\Users\\WIN10\\git\\Best-Project\\Reports\\20200708_081731\\Opportunity Usecase\\10\\20200708_081731\\execution0.log"/>
         <property name="attachments" value="C:\\Users\\WIN10\\git\\Best-Project\\Reports\\20200708_081731\\Opportunity Usecase\\10\\20200708_081731\\1594171094827.png"/>
         <property name="hostName" value="WIN10 - DESKTOP-0NVCT6K"/>
         <property name="os" value="Windows 10 64bit"/>
         <property name="katalonVersion" value="7.5.2.1"/>
         <property name="browser" value="Chrome 83.0.4103.116"/>
         <property name="hostAddress" value="192.168.1.2"/>
         <property name="sessionId" value="8b68a8e8f769c9cffee21cdaba069f20"/>
         <property name="seleniumVersion" value="3.141.59"/>
         <property name="proxyInformation" value="ProxyInformation { proxyOption=NO_PROXY, proxyServerType=HTTP, username=, password=********, proxyServerAddress=, proxyServerPort=0, executionList=\&quot;\&quot;, isApplyToDesiredCapabilities=true }"/>
         <property name="platform" value="Windows 10"/>
      </properties>
      <testcase name="Test Cases/Opportunity Test Case/1" time="16.505" classname="Test Cases/Opportunity Test Case/1" status="PASSED">
         <system-out><![CDATA[2020-07-08 08:17:33 - [TEST_CASE][PASSED] - Test Cases/Opportunity Test Case/1: Test Cases/Opportunity Test Case/1

2020-07-08 08:17:33 - [TEST_STEP][PASSED] - openBrowser("http://crmc.opencloud.digital:64216/index.php"): Browser is opened with url: 'http://crmc.opencloud.digital:64216/index.php'

2020-07-08 08:17:33 - [MESSAGE][INFO] - Starting 'Chrome' driver

2020-07-08 08:17:33 - [MESSAGE][INFO] - Action delay is set to 0 milliseconds

2020-07-08 08:17:38 - [MESSAGE][PASSED] - Browser is opened with url: 'http://crmc.opencloud.digital:64216/index.php'

2020-07-08 08:17:38 - [TEST_STEP][PASSED] - setText(findTestObject("Account repository/Login/input_User name_username"), findTestData("Opportunity Test Data/D1").getValue(1, 1)): Text 'Admin' is set on object 'Object Repository/Account repository/Login/input_User name_username'

2020-07-08 08:17:39 - [MESSAGE][PASSED] - Text 'Admin' is set on object 'Object Repository/Account repository/Login/input_User name_username'

2020-07-08 08:17:39 - [TEST_STEP][PASSED] - setText(findTestObject("Account repository/Login/input_Password_password"), findTestData("Opportunity Test Data/D1").getValue(2, 1)): Text '1qaz2WSX3edc ' is set on object 'Object Repository/Account repository/Login/input_Password_password'

2020-07-08 08:17:39 - [MESSAGE][PASSED] - Text '1qaz2WSX3edc ' is set on object 'Object Repository/Account repository/Login/input_Password_password'

2020-07-08 08:17:39 - [TEST_STEP][PASSED] - click(findTestObject("Account repository/Login/button_Sign in")): Object: 'Object Repository/Account repository/Login/button_Sign in' is clicked on

2020-07-08 08:17:41 - [MESSAGE][PASSED] - Object: 'Object Repository/Account repository/Login/button_Sign in' is clicked on

2020-07-08 08:17:41 - [TEST_STEP][PASSED] - click(findTestObject("Opportunity repository/Page_Home/a_Opportunities")): Object: 'Object Repository/Opportunity repository/Page_Home/a_Opportunities' is clicked on

2020-07-08 08:17:47 - [MESSAGE][PASSED] - Object: 'Object Repository/Opportunity repository/Page_Home/a_Opportunities' is clicked on

2020-07-08 08:17:47 - [TEST_STEP][PASSED] - delay(2): Delayed 2 second(s)

2020-07-08 08:17:49 - [MESSAGE][PASSED] - Delayed 2 second(s)]]></system-out>
         <system-err><![CDATA[]]></system-err>
      </testcase>
      <testcase name="Test Cases/Opportunity Test Case/5" time="7.705" classname="Test Cases/Opportunity Test Case/5" status="PASSED">
         <system-out><![CDATA[2020-07-08 08:17:49 - [TEST_CASE][PASSED] - Test Cases/Opportunity Test Case/5: Test Cases/Opportunity Test Case/5

2020-07-08 08:17:49 - [TEST_STEP][PASSED] - setText(findTestObject("Opportunity repository/Page_Opportunities/input_Contact Name_potentialname Search"), findTestData("Opportunity Test Data/D2").getValue(1, 1)): Text 'โครงการนำเสนอPro C751-บจก. ฐานการพิมพ์' is set on object 'Object Repository/Opportunity repository/Page_Opportunities/input_Contact Name_potentialname Search'

2020-07-08 08:17:50 - [MESSAGE][PASSED] - Text 'โครงการนำเสนอPro C751-บจก. ฐานการพิมพ์' is set on object 'Object Repository/Opportunity repository/Page_Opportunities/input_Contact Name_potentialname Search'

2020-07-08 08:17:50 - [TEST_STEP][PASSED] - click(findTestObject("Opportunity repository/Page_Opportunities/button_Search Oppotunity name")): Object: 'Object Repository/Opportunity repository/Page_Opportunities/button_Search Oppotunity name' is clicked on

2020-07-08 08:17:51 - [MESSAGE][PASSED] - Object: 'Object Repository/Opportunity repository/Page_Opportunities/button_Search Oppotunity name' is clicked on

2020-07-08 08:17:51 - [TEST_STEP][PASSED] - click(findTestObject("Opportunity repository/Page_Opportunities/a_Pro C751-")): Object: 'Object Repository/Opportunity repository/Page_Opportunities/a_Pro C751-' is clicked on

2020-07-08 08:17:55 - [MESSAGE][PASSED] - Object: 'Object Repository/Opportunity repository/Page_Opportunities/a_Pro C751-' is clicked on

2020-07-08 08:17:55 - [TEST_STEP][PASSED] - delay(2): Delayed 2 second(s)

2020-07-08 08:17:57 - [MESSAGE][PASSED] - Delayed 2 second(s)]]></system-out>
         <system-err><![CDATA[]]></system-err>
      </testcase>
      <testcase name="Test Cases/Opportunity Test Case/16" time="4.324" classname="Test Cases/Opportunity Test Case/16" status="PASSED">
         <system-out><![CDATA[2020-07-08 08:17:57 - [TEST_CASE][PASSED] - Test Cases/Opportunity Test Case/16: Test Cases/Opportunity Test Case/16

2020-07-08 08:17:57 - [TEST_STEP][PASSED] - click(findTestObject("Opportunity repository/Page_Opportunities/button_More opp")): Object: 'Object Repository/Opportunity repository/Page_Opportunities/button_More opp' is clicked on

2020-07-08 08:17:57 - [MESSAGE][PASSED] - Object: 'Object Repository/Opportunity repository/Page_Opportunities/button_More opp' is clicked on

2020-07-08 08:17:57 - [TEST_STEP][PASSED] - click(findTestObject("Opportunity repository/Page_Opportunities/a_Add Activity opp")): Object: 'Object Repository/Opportunity repository/Page_Opportunities/a_Add Activity opp' is clicked on

2020-07-08 08:17:58 - [MESSAGE][PASSED] - Object: 'Object Repository/Opportunity repository/Page_Opportunities/a_Add Activity opp' is clicked on

2020-07-08 08:17:58 - [TEST_STEP][PASSED] - click(findTestObject("Opportunity repository/Page_Calendar/button_Save Activity opp")): Object: 'Object Repository/Opportunity repository/Page_Calendar/button_Save Activity opp' is clicked on

2020-07-08 08:17:59 - [MESSAGE][PASSED] - Object: 'Object Repository/Opportunity repository/Page_Calendar/button_Save Activity opp' is clicked on

2020-07-08 08:17:59 - [TEST_STEP][PASSED] - delay(2): Delayed 2 second(s)

2020-07-08 08:18:01 - [MESSAGE][PASSED] - Delayed 2 second(s)]]></system-out>
         <system-err><![CDATA[]]></system-err>
      </testcase>
      <testcase name="Test Cases/Opportunity Test Case/15" time="13.581" classname="Test Cases/Opportunity Test Case/15" status="FAILED">
         <failure type="FAILED" message="Test Cases/Opportunity Test Case/15 FAILED.
Reason:
com.kms.katalon.core.exception.StepFailedException: Unable to click on object 'Object Repository/Opportunity repository/Page_Calendar/status result act opp'
	at com.kms.katalon.core.webui.keyword.internal.WebUIKeywordMain.stepFailed(WebUIKeywordMain.groovy:64)
	at com.kms.katalon.core.webui.keyword.internal.WebUIKeywordMain.runKeyword(WebUIKeywordMain.groovy:26)
	at com.kms.katalon.core.webui.keyword.builtin.ClickKeyword.click(ClickKeyword.groovy:76)
	at com.kms.katalon.core.webui.keyword.builtin.ClickKeyword.execute(ClickKeyword.groovy:43)
	at com.kms.katalon.core.keyword.internal.KeywordExecutor.executeKeywordForPlatform(KeywordExecutor.groovy:72)
	at com.kms.katalon.core.webui.keyword.WebUiBuiltInKeywords.click(WebUiBuiltInKeywords.groovy:616)
	at com.kms.katalon.core.webui.keyword.WebUiBuiltInKeywords$click$1.call(Unknown Source)
	at 15.run(15:51)
	at com.kms.katalon.core.main.ScriptEngine.run(ScriptEngine.java:194)
	at com.kms.katalon.core.main.ScriptEngine.runScriptAsRawText(ScriptEngine.java:119)
	at com.kms.katalon.core.main.TestCaseExecutor.runScript(TestCaseExecutor.java:337)
	at com.kms.katalon.core.main.TestCaseExecutor.doExecute(TestCaseExecutor.java:328)
	at com.kms.katalon.core.main.TestCaseExecutor.processExecutionPhase(TestCaseExecutor.java:307)
	at com.kms.katalon.core.main.TestCaseExecutor.accessMainPhase(TestCaseExecutor.java:299)
	at com.kms.katalon.core.main.TestCaseExecutor.execute(TestCaseExecutor.java:233)
	at com.kms.katalon.core.main.TestSuiteExecutor.accessTestCaseMainPhase(TestSuiteExecutor.java:169)
	at com.kms.katalon.core.main.TestSuiteExecutor.accessTestSuiteMainPhase(TestSuiteExecutor.java:142)
	at com.kms.katalon.core.main.TestSuiteExecutor.execute(TestSuiteExecutor.java:91)
	at com.kms.katalon.core.main.TestCaseMain.startTestSuite(TestCaseMain.java:157)
	at com.kms.katalon.core.main.TestCaseMain$startTestSuite$0.call(Unknown Source)
	at TempTestSuite1594171051110.run(TempTestSuite1594171051110.groovy:37)
Caused by: org.openqa.selenium.ElementClickInterceptedException: element click intercepted: Element &lt;div class=&quot;row-fluid&quot;>...&lt;/div> is not clickable at point (322, 345). Other element would receive the click: &lt;a href=&quot;#&quot;>...&lt;/a>
  (Session info: chrome=83.0.4103.116)
Build info: version: '3.141.59', revision: 'e82be7d358', time: '2018-11-14T08:25:53'
System info: host: 'DESKTOP-0NVCT6K', ip: '192.168.1.2', os.name: 'Windows 10', os.arch: 'amd64', os.version: '10.0', java.version: '1.8.0_181'
Driver info: com.kms.katalon.selenium.driver.CChromeDriver
Capabilities {acceptInsecureCerts: false, browserName: chrome, browserVersion: 83.0.4103.116, chrome: {chromedriverVersion: 83.0.4103.39 (ccbf011cb2d2b..., userDataDir: C:\Users\WIN10\AppData\Loca...}, goog:chromeOptions: {debuggerAddress: localhost:58754}, javascriptEnabled: true, networkConnectionEnabled: false, pageLoadStrategy: normal, platform: WINDOWS, platformName: WINDOWS, proxy: Proxy(), setWindowRect: true, strictFileInteractability: false, timeouts: {implicit: 0, pageLoad: 300000, script: 30000}, unhandledPromptBehavior: dismiss and notify, webauthn:virtualAuthenticators: true}
Session ID: 8b68a8e8f769c9cffee21cdaba069f20
	at org.openqa.selenium.remote.http.W3CHttpResponseCodec.createException(W3CHttpResponseCodec.java:187)
	at org.openqa.selenium.remote.http.W3CHttpResponseCodec.decode(W3CHttpResponseCodec.java:122)
	at org.openqa.selenium.remote.http.W3CHttpResponseCodec.decode(W3CHttpResponseCodec.java:49)
	at org.openqa.selenium.remote.HttpCommandExecutor.execute(HttpCommandExecutor.java:158)
	at org.openqa.selenium.remote.service.DriverCommandExecutor.execute(DriverCommandExecutor.java:83)
	at org.openqa.selenium.remote.RemoteWebDriver.execute(RemoteWebDriver.java:552)
	at com.kms.katalon.selenium.driver.CChromeDriver.execute(CChromeDriver.java:19)
	at org.openqa.selenium.remote.RemoteWebElement.execute(RemoteWebElement.java:285)
	at org.openqa.selenium.remote.RemoteWebElement.click(RemoteWebElement.java:84)
	at org.openqa.selenium.support.events.EventFiringWebDriver$EventFiringWebElement.lambda$new$0(EventFiringWebDriver.java:404)
	at com.sun.proxy.$Proxy9.click(Unknown Source)
	at org.openqa.selenium.support.events.EventFiringWebDriver$EventFiringWebElement.click(EventFiringWebDriver.java:417)
	at com.kms.katalon.core.webui.keyword.builtin.ClickKeyword$_click_closure1.doCall(ClickKeyword.groovy:69)
	at com.kms.katalon.core.webui.keyword.builtin.ClickKeyword$_click_closure1.call(ClickKeyword.groovy)
	at com.kms.katalon.core.webui.keyword.internal.WebUIKeywordMain.runKeyword(WebUIKeywordMain.groovy:20)
	... 19 more
"/>
         <system-out><![CDATA[2020-07-08 08:18:01 - [TEST_CASE][FAILED] - Test Cases/Opportunity Test Case/15: Test Cases/Opportunity Test Case/15 FAILED.
Reason:
com.kms.katalon.core.exception.StepFailedException: Unable to click on object 'Object Repository/Opportunity repository/Page_Calendar/status result act opp'
	at com.kms.katalon.core.webui.keyword.internal.WebUIKeywordMain.stepFailed(WebUIKeywordMain.groovy:64)
	at com.kms.katalon.core.webui.keyword.internal.WebUIKeywordMain.runKeyword(WebUIKeywordMain.groovy:26)
	at com.kms.katalon.core.webui.keyword.builtin.ClickKeyword.click(ClickKeyword.groovy:76)
	at com.kms.katalon.core.webui.keyword.builtin.ClickKeyword.execute(ClickKeyword.groovy:43)
	at com.kms.katalon.core.keyword.internal.KeywordExecutor.executeKeywordForPlatform(KeywordExecutor.groovy:72)
	at com.kms.katalon.core.webui.keyword.WebUiBuiltInKeywords.click(WebUiBuiltInKeywords.groovy:616)
	at com.kms.katalon.core.webui.keyword.WebUiBuiltInKeywords$click$1.call(Unknown Source)
	at 15.run(15:51)
	at com.kms.katalon.core.main.ScriptEngine.run(ScriptEngine.java:194)
	at com.kms.katalon.core.main.ScriptEngine.runScriptAsRawText(ScriptEngine.java:119)
	at com.kms.katalon.core.main.TestCaseExecutor.runScript(TestCaseExecutor.java:337)
	at com.kms.katalon.core.main.TestCaseExecutor.doExecute(TestCaseExecutor.java:328)
	at com.kms.katalon.core.main.TestCaseExecutor.processExecutionPhase(TestCaseExecutor.java:307)
	at com.kms.katalon.core.main.TestCaseExecutor.accessMainPhase(TestCaseExecutor.java:299)
	at com.kms.katalon.core.main.TestCaseExecutor.execute(TestCaseExecutor.java:233)
	at com.kms.katalon.core.main.TestSuiteExecutor.accessTestCaseMainPhase(TestSuiteExecutor.java:169)
	at com.kms.katalon.core.main.TestSuiteExecutor.accessTestSuiteMainPhase(TestSuiteExecutor.java:142)
	at com.kms.katalon.core.main.TestSuiteExecutor.execute(TestSuiteExecutor.java:91)
	at com.kms.katalon.core.main.TestCaseMain.startTestSuite(TestCaseMain.java:157)
	at com.kms.katalon.core.main.TestCaseMain$startTestSuite$0.call(Unknown Source)
	at TempTestSuite1594171051110.run(TempTestSuite1594171051110.groovy:37)
Caused by: org.openqa.selenium.ElementClickInterceptedException: element click intercepted: Element <div class="row-fluid">...</div> is not clickable at point (322, 345). Other element would receive the click: <a href="#">...</a>
  (Session info: chrome=83.0.4103.116)
Build info: version: '3.141.59', revision: 'e82be7d358', time: '2018-11-14T08:25:53'
System info: host: 'DESKTOP-0NVCT6K', ip: '192.168.1.2', os.name: 'Windows 10', os.arch: 'amd64', os.version: '10.0', java.version: '1.8.0_181'
Driver info: com.kms.katalon.selenium.driver.CChromeDriver
Capabilities {acceptInsecureCerts: false, browserName: chrome, browserVersion: 83.0.4103.116, chrome: {chromedriverVersion: 83.0.4103.39 (ccbf011cb2d2b..., userDataDir: C:\Users\WIN10\AppData\Loca...}, goog:chromeOptions: {debuggerAddress: localhost:58754}, javascriptEnabled: true, networkConnectionEnabled: false, pageLoadStrategy: normal, platform: WINDOWS, platformName: WINDOWS, proxy: Proxy(), setWindowRect: true, strictFileInteractability: false, timeouts: {implicit: 0, pageLoad: 300000, script: 30000}, unhandledPromptBehavior: dismiss and notify, webauthn:virtualAuthenticators: true}
Session ID: 8b68a8e8f769c9cffee21cdaba069f20
	at org.openqa.selenium.remote.http.W3CHttpResponseCodec.createException(W3CHttpResponseCodec.java:187)
	at org.openqa.selenium.remote.http.W3CHttpResponseCodec.decode(W3CHttpResponseCodec.java:122)
	at org.openqa.selenium.remote.http.W3CHttpResponseCodec.decode(W3CHttpResponseCodec.java:49)
	at org.openqa.selenium.remote.HttpCommandExecutor.execute(HttpCommandExecutor.java:158)
	at org.openqa.selenium.remote.service.DriverCommandExecutor.execute(DriverCommandExecutor.java:83)
	at org.openqa.selenium.remote.RemoteWebDriver.execute(RemoteWebDriver.java:552)
	at com.kms.katalon.selenium.driver.CChromeDriver.execute(CChromeDriver.java:19)
	at org.openqa.selenium.remote.RemoteWebElement.execute(RemoteWebElement.java:285)
	at org.openqa.selenium.remote.RemoteWebElement.click(RemoteWebElement.java:84)
	at org.openqa.selenium.support.events.EventFiringWebDriver$EventFiringWebElement.lambda$new$0(EventFiringWebDriver.java:404)
	at com.sun.proxy.$Proxy9.click(Unknown Source)
	at org.openqa.selenium.support.events.EventFiringWebDriver$EventFiringWebElement.click(EventFiringWebDriver.java:417)
	at com.kms.katalon.core.webui.keyword.builtin.ClickKeyword$_click_closure1.doCall(ClickKeyword.groovy:69)
	at com.kms.katalon.core.webui.keyword.builtin.ClickKeyword$_click_closure1.call(ClickKeyword.groovy)
	at com.kms.katalon.core.webui.keyword.internal.WebUIKeywordMain.runKeyword(WebUIKeywordMain.groovy:20)
	... 19 more


2020-07-08 08:18:01 - [TEST_STEP][PASSED] - click(findTestObject("Opportunity repository/Page_Calendar/assign to act opp")): Object: 'Object Repository/Opportunity repository/Page_Calendar/assign to act opp' is clicked on

2020-07-08 08:18:02 - [MESSAGE][PASSED] - Object: 'Object Repository/Opportunity repository/Page_Calendar/assign to act opp' is clicked on

2020-07-08 08:18:02 - [TEST_STEP][PASSED] - click(findTestObject("Opportunity repository/Page_Calendar/input__subject act opp")): Object: 'Object Repository/Opportunity repository/Page_Calendar/input__subject act opp' is clicked on

2020-07-08 08:18:03 - [MESSAGE][PASSED] - Object: 'Object Repository/Opportunity repository/Page_Calendar/input__subject act opp' is clicked on

2020-07-08 08:18:03 - [TEST_STEP][PASSED] - click(findTestObject("Opportunity repository/Page_Calendar/assign to act opp")): Object: 'Object Repository/Opportunity repository/Page_Calendar/assign to act opp' is clicked on

2020-07-08 08:18:04 - [MESSAGE][PASSED] - Object: 'Object Repository/Opportunity repository/Page_Calendar/assign to act opp' is clicked on

2020-07-08 08:18:04 - [TEST_STEP][PASSED] - setText(findTestObject("Opportunity repository/Page_Calendar/input assign to act opp"), findTestData("Opportunity Test Data/D7").getValue(3, 1)): Text 'RIS System' is set on object 'Object Repository/Opportunity repository/Page_Calendar/input assign to act opp'

2020-07-08 08:18:05 - [MESSAGE][PASSED] - Text 'RIS System' is set on object 'Object Repository/Opportunity repository/Page_Calendar/input assign to act opp'

2020-07-08 08:18:05 - [TEST_STEP][PASSED] - sendKeys(findTestObject("Opportunity repository/Page_Calendar/input assign to act opp"), Keys.chord(ENTER)): Keys 'ENTER + ' sent to object: 'Object Repository/Opportunity repository/Page_Calendar/input assign to act opp'

2020-07-08 08:18:05 - [MESSAGE][PASSED] - Keys 'ENTER + ' sent to object: 'Object Repository/Opportunity repository/Page_Calendar/input assign to act opp'

2020-07-08 08:18:05 - [TEST_STEP][PASSED] - click(findTestObject("Opportunity repository/Page_Calendar/sale type act opp")): Object: 'Object Repository/Opportunity repository/Page_Calendar/sale type act opp' is clicked on

2020-07-08 08:18:06 - [MESSAGE][PASSED] - Object: 'Object Repository/Opportunity repository/Page_Calendar/sale type act opp' is clicked on

2020-07-08 08:18:06 - [TEST_STEP][PASSED] - setText(findTestObject("Opportunity repository/Page_Calendar/input sale type act opp"), findTestData("Opportunity Test Data/D7").getValue(4, 1)): Text 'Pre-Sales' is set on object 'Object Repository/Opportunity repository/Page_Calendar/input sale type act opp'

2020-07-08 08:18:07 - [MESSAGE][PASSED] - Text 'Pre-Sales' is set on object 'Object Repository/Opportunity repository/Page_Calendar/input sale type act opp'

2020-07-08 08:18:07 - [TEST_STEP][PASSED] - sendKeys(findTestObject("Opportunity repository/Page_Calendar/input sale type act opp"), Keys.chord(ENTER)): Keys 'ENTER + ' sent to object: 'Object Repository/Opportunity repository/Page_Calendar/input sale type act opp'

2020-07-08 08:18:08 - [MESSAGE][PASSED] - Keys 'ENTER + ' sent to object: 'Object Repository/Opportunity repository/Page_Calendar/input sale type act opp'

2020-07-08 08:18:08 - [TEST_STEP][PASSED] - setText(findTestObject("Opportunity repository/Page_Calendar/input__date_start act opp"), findTestData("Opportunity Test Data/D7").getValue(7, 1)): Text '11/02/20' is set on object 'Object Repository/Opportunity repository/Page_Calendar/input__date_start act opp'

2020-07-08 08:18:09 - [MESSAGE][PASSED] - Text '11/02/20' is set on object 'Object Repository/Opportunity repository/Page_Calendar/input__date_start act opp'

2020-07-08 08:18:09 - [TEST_STEP][PASSED] - setText(findTestObject("Opportunity repository/Page_Calendar/input__time_start act opp"), findTestData("Opportunity Test Data/D7").getValue(8, 1)): Text '03:19 PM' is set on object 'Object Repository/Opportunity repository/Page_Calendar/input__time_start act opp'

2020-07-08 08:18:10 - [MESSAGE][PASSED] - Text '03:19 PM' is set on object 'Object Repository/Opportunity repository/Page_Calendar/input__time_start act opp'

2020-07-08 08:18:10 - [TEST_STEP][PASSED] - setText(findTestObject("Opportunity repository/Page_Calendar/input__due_date act opp"), findTestData("Opportunity Test Data/D7").getValue(9, 1)): Text '11/02/2020' is set on object 'Object Repository/Opportunity repository/Page_Calendar/input__due_date act opp'

2020-07-08 08:18:11 - [MESSAGE][PASSED] - Text '11/02/2020' is set on object 'Object Repository/Opportunity repository/Page_Calendar/input__due_date act opp'

2020-07-08 08:18:11 - [TEST_STEP][PASSED] - setText(findTestObject("Opportunity repository/Page_Calendar/input__time_end act opp"), findTestData("Opportunity Test Data/D7").getValue(10, 1)): Text '03:24 PM' is set on object 'Object Repository/Opportunity repository/Page_Calendar/input__time_end act opp'

2020-07-08 08:18:12 - [MESSAGE][PASSED] - Text '03:24 PM' is set on object 'Object Repository/Opportunity repository/Page_Calendar/input__time_end act opp'

2020-07-08 08:18:12 - [TEST_STEP][PASSED] - delay(1): Delayed 1 second(s)

2020-07-08 08:18:13 - [MESSAGE][PASSED] - Delayed 1 second(s)

2020-07-08 08:18:13 - [TEST_STEP][FAILED] - click(findTestObject("Opportunity repository/Page_Calendar/status result act opp")): Unable to click on object 'Object Repository/Opportunity repository/Page_Calendar/status result act opp' (Root cause: com.kms.katalon.core.exception.StepFailedException: Unable to click on object 'Object Repository/Opportunity repository/Page_Calendar/status result act opp'
	at com.kms.katalon.core.webui.keyword.internal.WebUIKeywordMain.stepFailed(WebUIKeywordMain.groovy:64)
	at com.kms.katalon.core.webui.keyword.internal.WebUIKeywordMain.runKeyword(WebUIKeywordMain.groovy:26)
	at com.kms.katalon.core.webui.keyword.builtin.ClickKeyword.click(ClickKeyword.groovy:76)
	at com.kms.katalon.core.webui.keyword.builtin.ClickKeyword.execute(ClickKeyword.groovy:43)
	at com.kms.katalon.core.keyword.internal.KeywordExecutor.executeKeywordForPlatform(KeywordExecutor.groovy:72)
	at com.kms.katalon.core.webui.keyword.WebUiBuiltInKeywords.click(WebUiBuiltInKeywords.groovy:616)
	at com.kms.katalon.core.webui.keyword.WebUiBuiltInKeywords$click$1.call(Unknown Source)
	at 15.run(15:51)
	at com.kms.katalon.core.main.ScriptEngine.run(ScriptEngine.java:194)
	at com.kms.katalon.core.main.ScriptEngine.runScriptAsRawText(ScriptEngine.java:119)
	at com.kms.katalon.core.main.TestCaseExecutor.runScript(TestCaseExecutor.java:337)
	at com.kms.katalon.core.main.TestCaseExecutor.doExecute(TestCaseExecutor.java:328)
	at com.kms.katalon.core.main.TestCaseExecutor.processExecutionPhase(TestCaseExecutor.java:307)
	at com.kms.katalon.core.main.TestCaseExecutor.accessMainPhase(TestCaseExecutor.java:299)
	at com.kms.katalon.core.main.TestCaseExecutor.execute(TestCaseExecutor.java:233)
	at com.kms.katalon.core.main.TestSuiteExecutor.accessTestCaseMainPhase(TestSuiteExecutor.java:169)
	at com.kms.katalon.core.main.TestSuiteExecutor.accessTestSuiteMainPhase(TestSuiteExecutor.java:142)
	at com.kms.katalon.core.main.TestSuiteExecutor.execute(TestSuiteExecutor.java:91)
	at com.kms.katalon.core.main.TestCaseMain.startTestSuite(TestCaseMain.java:157)
	at com.kms.katalon.core.main.TestCaseMain$startTestSuite$0.call(Unknown Source)
	at TempTestSuite1594171051110.run(TempTestSuite1594171051110.groovy:37)
Caused by: org.openqa.selenium.ElementClickInterceptedException: element click intercepted: Element <div class="row-fluid">...</div> is not clickable at point (322, 345). Other element would receive the click: <a href="#">...</a>
  (Session info: chrome=83.0.4103.116)
Build info: version: '3.141.59', revision: 'e82be7d358', time: '2018-11-14T08:25:53'
System info: host: 'DESKTOP-0NVCT6K', ip: '192.168.1.2', os.name: 'Windows 10', os.arch: 'amd64', os.version: '10.0', java.version: '1.8.0_181'
Driver info: com.kms.katalon.selenium.driver.CChromeDriver
Capabilities {acceptInsecureCerts: false, browserName: chrome, browserVersion: 83.0.4103.116, chrome: {chromedriverVersion: 83.0.4103.39 (ccbf011cb2d2b..., userDataDir: C:\Users\WIN10\AppData\Loca...}, goog:chromeOptions: {debuggerAddress: localhost:58754}, javascriptEnabled: true, networkConnectionEnabled: false, pageLoadStrategy: normal, platform: WINDOWS, platformName: WINDOWS, proxy: Proxy(), setWindowRect: true, strictFileInteractability: false, timeouts: {implicit: 0, pageLoad: 300000, script: 30000}, unhandledPromptBehavior: dismiss and notify, webauthn:virtualAuthenticators: true}
Session ID: 8b68a8e8f769c9cffee21cdaba069f20
	at org.openqa.selenium.remote.http.W3CHttpResponseCodec.createException(W3CHttpResponseCodec.java:187)
	at org.openqa.selenium.remote.http.W3CHttpResponseCodec.decode(W3CHttpResponseCodec.java:122)
	at org.openqa.selenium.remote.http.W3CHttpResponseCodec.decode(W3CHttpResponseCodec.java:49)
	at org.openqa.selenium.remote.HttpCommandExecutor.execute(HttpCommandExecutor.java:158)
	at org.openqa.selenium.remote.service.DriverCommandExecutor.execute(DriverCommandExecutor.java:83)
	at org.openqa.selenium.remote.RemoteWebDriver.execute(RemoteWebDriver.java:552)
	at com.kms.katalon.selenium.driver.CChromeDriver.execute(CChromeDriver.java:19)
	at org.openqa.selenium.remote.RemoteWebElement.execute(RemoteWebElement.java:285)
	at org.openqa.selenium.remote.RemoteWebElement.click(RemoteWebElement.java:84)
	at org.openqa.selenium.support.events.EventFiringWebDriver$EventFiringWebElement.lambda$new$0(EventFiringWebDriver.java:404)
	at com.sun.proxy.$Proxy9.click(Unknown Source)
	at org.openqa.selenium.support.events.EventFiringWebDriver$EventFiringWebElement.click(EventFiringWebDriver.java:417)
	at com.kms.katalon.core.webui.keyword.builtin.ClickKeyword$_click_closure1.doCall(ClickKeyword.groovy:69)
	at com.kms.katalon.core.webui.keyword.builtin.ClickKeyword$_click_closure1.call(ClickKeyword.groovy)
	at com.kms.katalon.core.webui.keyword.internal.WebUIKeywordMain.runKeyword(WebUIKeywordMain.groovy:20)
	at com.kms.katalon.core.webui.keyword.builtin.ClickKeyword.click(ClickKeyword.groovy:76)
	at com.kms.katalon.core.webui.keyword.builtin.ClickKeyword.execute(ClickKeyword.groovy:43)
	at com.kms.katalon.core.keyword.internal.KeywordExecutor.executeKeywordForPlatform(KeywordExecutor.groovy:72)
	at com.kms.katalon.core.webui.keyword.WebUiBuiltInKeywords.click(WebUiBuiltInKeywords.groovy:616)
	at com.kms.katalon.core.webui.keyword.WebUiBuiltInKeywords$click$1.call(Unknown Source)
	at Script1594168305419.run(Script1594168305419.groovy:51)
	... 13 more
)

2020-07-08 08:18:15 - [MESSAGE][FAILED] - Unable to click on object 'Object Repository/Opportunity repository/Page_Calendar/status result act opp' (Root cause: com.kms.katalon.core.exception.StepFailedException: Unable to click on object 'Object Repository/Opportunity repository/Page_Calendar/status result act opp'
	at com.kms.katalon.core.webui.keyword.internal.WebUIKeywordMain.stepFailed(WebUIKeywordMain.groovy:64)
	at com.kms.katalon.core.webui.keyword.internal.WebUIKeywordMain.runKeyword(WebUIKeywordMain.groovy:26)
	at com.kms.katalon.core.webui.keyword.builtin.ClickKeyword.click(ClickKeyword.groovy:76)
	at com.kms.katalon.core.webui.keyword.builtin.ClickKeyword.execute(ClickKeyword.groovy:43)
	at com.kms.katalon.core.keyword.internal.KeywordExecutor.executeKeywordForPlatform(KeywordExecutor.groovy:72)
	at com.kms.katalon.core.webui.keyword.WebUiBuiltInKeywords.click(WebUiBuiltInKeywords.groovy:616)
	at com.kms.katalon.core.webui.keyword.WebUiBuiltInKeywords$click$1.call(Unknown Source)
	at 15.run(15:51)
	at com.kms.katalon.core.main.ScriptEngine.run(ScriptEngine.java:194)
	at com.kms.katalon.core.main.ScriptEngine.runScriptAsRawText(ScriptEngine.java:119)
	at com.kms.katalon.core.main.TestCaseExecutor.runScript(TestCaseExecutor.java:337)
	at com.kms.katalon.core.main.TestCaseExecutor.doExecute(TestCaseExecutor.java:328)
	at com.kms.katalon.core.main.TestCaseExecutor.processExecutionPhase(TestCaseExecutor.java:307)
	at com.kms.katalon.core.main.TestCaseExecutor.accessMainPhase(TestCaseExecutor.java:299)
	at com.kms.katalon.core.main.TestCaseExecutor.execute(TestCaseExecutor.java:233)
	at com.kms.katalon.core.main.TestSuiteExecutor.accessTestCaseMainPhase(TestSuiteExecutor.java:169)
	at com.kms.katalon.core.main.TestSuiteExecutor.accessTestSuiteMainPhase(TestSuiteExecutor.java:142)
	at com.kms.katalon.core.main.TestSuiteExecutor.execute(TestSuiteExecutor.java:91)
	at com.kms.katalon.core.main.TestCaseMain.startTestSuite(TestCaseMain.java:157)
	at com.kms.katalon.core.main.TestCaseMain$startTestSuite$0.call(Unknown Source)
	at TempTestSuite1594171051110.run(TempTestSuite1594171051110.groovy:37)
Caused by: org.openqa.selenium.ElementClickInterceptedException: element click intercepted: Element <div class="row-fluid">...</div> is not clickable at point (322, 345). Other element would receive the click: <a href="#">...</a>
  (Session info: chrome=83.0.4103.116)
Build info: version: '3.141.59', revision: 'e82be7d358', time: '2018-11-14T08:25:53'
System info: host: 'DESKTOP-0NVCT6K', ip: '192.168.1.2', os.name: 'Windows 10', os.arch: 'amd64', os.version: '10.0', java.version: '1.8.0_181'
Driver info: com.kms.katalon.selenium.driver.CChromeDriver
Capabilities {acceptInsecureCerts: false, browserName: chrome, browserVersion: 83.0.4103.116, chrome: {chromedriverVersion: 83.0.4103.39 (ccbf011cb2d2b..., userDataDir: C:\Users\WIN10\AppData\Loca...}, goog:chromeOptions: {debuggerAddress: localhost:58754}, javascriptEnabled: true, networkConnectionEnabled: false, pageLoadStrategy: normal, platform: WINDOWS, platformName: WINDOWS, proxy: Proxy(), setWindowRect: true, strictFileInteractability: false, timeouts: {implicit: 0, pageLoad: 300000, script: 30000}, unhandledPromptBehavior: dismiss and notify, webauthn:virtualAuthenticators: true}
Session ID: 8b68a8e8f769c9cffee21cdaba069f20
	at org.openqa.selenium.remote.http.W3CHttpResponseCodec.createException(W3CHttpResponseCodec.java:187)
	at org.openqa.selenium.remote.http.W3CHttpResponseCodec.decode(W3CHttpResponseCodec.java:122)
	at org.openqa.selenium.remote.http.W3CHttpResponseCodec.decode(W3CHttpResponseCodec.java:49)
	at org.openqa.selenium.remote.HttpCommandExecutor.execute(HttpCommandExecutor.java:158)
	at org.openqa.selenium.remote.service.DriverCommandExecutor.execute(DriverCommandExecutor.java:83)
	at org.openqa.selenium.remote.RemoteWebDriver.execute(RemoteWebDriver.java:552)
	at com.kms.katalon.selenium.driver.CChromeDriver.execute(CChromeDriver.java:19)
	at org.openqa.selenium.remote.RemoteWebElement.execute(RemoteWebElement.java:285)
	at org.openqa.selenium.remote.RemoteWebElement.click(RemoteWebElement.java:84)
	at org.openqa.selenium.support.events.EventFiringWebDriver$EventFiringWebElement.lambda$new$0(EventFiringWebDriver.java:404)
	at com.sun.proxy.$Proxy9.click(Unknown Source)
	at org.openqa.selenium.support.events.EventFiringWebDriver$EventFiringWebElement.click(EventFiringWebDriver.java:417)
	at com.kms.katalon.core.webui.keyword.builtin.ClickKeyword$_click_closure1.doCall(ClickKeyword.groovy:69)
	at com.kms.katalon.core.webui.keyword.builtin.ClickKeyword$_click_closure1.call(ClickKeyword.groovy)
	at com.kms.katalon.core.webui.keyword.internal.WebUIKeywordMain.runKeyword(WebUIKeywordMain.groovy:20)
	at com.kms.katalon.core.webui.keyword.builtin.ClickKeyword.click(ClickKeyword.groovy:76)
	at com.kms.katalon.core.webui.keyword.builtin.ClickKeyword.execute(ClickKeyword.groovy:43)
	at com.kms.katalon.core.keyword.internal.KeywordExecutor.executeKeywordForPlatform(KeywordExecutor.groovy:72)
	at com.kms.katalon.core.webui.keyword.WebUiBuiltInKeywords.click(WebUiBuiltInKeywords.groovy:616)
	at com.kms.katalon.core.webui.keyword.WebUiBuiltInKeywords$click$1.call(Unknown Source)
	at Script1594168305419.run(Script1594168305419.groovy:51)
	... 13 more
)
[[ATTACHMENT|C:\\Users\\WIN10\\git\\Best-Project\\Reports\\20200708_081731\\Opportunity Usecase\\10\\20200708_081731\\1594171094827.png]]]]></system-out>
         <system-err><![CDATA[2020-07-08 08:18:01 - [TEST_CASE][FAILED] - Test Cases/Opportunity Test Case/15: Test Cases/Opportunity Test Case/15 FAILED.
Reason:
com.kms.katalon.core.exception.StepFailedException: Unable to click on object 'Object Repository/Opportunity repository/Page_Calendar/status result act opp'
	at com.kms.katalon.core.webui.keyword.internal.WebUIKeywordMain.stepFailed(WebUIKeywordMain.groovy:64)
	at com.kms.katalon.core.webui.keyword.internal.WebUIKeywordMain.runKeyword(WebUIKeywordMain.groovy:26)
	at com.kms.katalon.core.webui.keyword.builtin.ClickKeyword.click(ClickKeyword.groovy:76)
	at com.kms.katalon.core.webui.keyword.builtin.ClickKeyword.execute(ClickKeyword.groovy:43)
	at com.kms.katalon.core.keyword.internal.KeywordExecutor.executeKeywordForPlatform(KeywordExecutor.groovy:72)
	at com.kms.katalon.core.webui.keyword.WebUiBuiltInKeywords.click(WebUiBuiltInKeywords.groovy:616)
	at com.kms.katalon.core.webui.keyword.WebUiBuiltInKeywords$click$1.call(Unknown Source)
	at 15.run(15:51)
	at com.kms.katalon.core.main.ScriptEngine.run(ScriptEngine.java:194)
	at com.kms.katalon.core.main.ScriptEngine.runScriptAsRawText(ScriptEngine.java:119)
	at com.kms.katalon.core.main.TestCaseExecutor.runScript(TestCaseExecutor.java:337)
	at com.kms.katalon.core.main.TestCaseExecutor.doExecute(TestCaseExecutor.java:328)
	at com.kms.katalon.core.main.TestCaseExecutor.processExecutionPhase(TestCaseExecutor.java:307)
	at com.kms.katalon.core.main.TestCaseExecutor.accessMainPhase(TestCaseExecutor.java:299)
	at com.kms.katalon.core.main.TestCaseExecutor.execute(TestCaseExecutor.java:233)
	at com.kms.katalon.core.main.TestSuiteExecutor.accessTestCaseMainPhase(TestSuiteExecutor.java:169)
	at com.kms.katalon.core.main.TestSuiteExecutor.accessTestSuiteMainPhase(TestSuiteExecutor.java:142)
	at com.kms.katalon.core.main.TestSuiteExecutor.execute(TestSuiteExecutor.java:91)
	at com.kms.katalon.core.main.TestCaseMain.startTestSuite(TestCaseMain.java:157)
	at com.kms.katalon.core.main.TestCaseMain$startTestSuite$0.call(Unknown Source)
	at TempTestSuite1594171051110.run(TempTestSuite1594171051110.groovy:37)
Caused by: org.openqa.selenium.ElementClickInterceptedException: element click intercepted: Element <div class="row-fluid">...</div> is not clickable at point (322, 345). Other element would receive the click: <a href="#">...</a>
  (Session info: chrome=83.0.4103.116)
Build info: version: '3.141.59', revision: 'e82be7d358', time: '2018-11-14T08:25:53'
System info: host: 'DESKTOP-0NVCT6K', ip: '192.168.1.2', os.name: 'Windows 10', os.arch: 'amd64', os.version: '10.0', java.version: '1.8.0_181'
Driver info: com.kms.katalon.selenium.driver.CChromeDriver
Capabilities {acceptInsecureCerts: false, browserName: chrome, browserVersion: 83.0.4103.116, chrome: {chromedriverVersion: 83.0.4103.39 (ccbf011cb2d2b..., userDataDir: C:\Users\WIN10\AppData\Loca...}, goog:chromeOptions: {debuggerAddress: localhost:58754}, javascriptEnabled: true, networkConnectionEnabled: false, pageLoadStrategy: normal, platform: WINDOWS, platformName: WINDOWS, proxy: Proxy(), setWindowRect: true, strictFileInteractability: false, timeouts: {implicit: 0, pageLoad: 300000, script: 30000}, unhandledPromptBehavior: dismiss and notify, webauthn:virtualAuthenticators: true}
Session ID: 8b68a8e8f769c9cffee21cdaba069f20
	at org.openqa.selenium.remote.http.W3CHttpResponseCodec.createException(W3CHttpResponseCodec.java:187)
	at org.openqa.selenium.remote.http.W3CHttpResponseCodec.decode(W3CHttpResponseCodec.java:122)
	at org.openqa.selenium.remote.http.W3CHttpResponseCodec.decode(W3CHttpResponseCodec.java:49)
	at org.openqa.selenium.remote.HttpCommandExecutor.execute(HttpCommandExecutor.java:158)
	at org.openqa.selenium.remote.service.DriverCommandExecutor.execute(DriverCommandExecutor.java:83)
	at org.openqa.selenium.remote.RemoteWebDriver.execute(RemoteWebDriver.java:552)
	at com.kms.katalon.selenium.driver.CChromeDriver.execute(CChromeDriver.java:19)
	at org.openqa.selenium.remote.RemoteWebElement.execute(RemoteWebElement.java:285)
	at org.openqa.selenium.remote.RemoteWebElement.click(RemoteWebElement.java:84)
	at org.openqa.selenium.support.events.EventFiringWebDriver$EventFiringWebElement.lambda$new$0(EventFiringWebDriver.java:404)
	at com.sun.proxy.$Proxy9.click(Unknown Source)
	at org.openqa.selenium.support.events.EventFiringWebDriver$EventFiringWebElement.click(EventFiringWebDriver.java:417)
	at com.kms.katalon.core.webui.keyword.builtin.ClickKeyword$_click_closure1.doCall(ClickKeyword.groovy:69)
	at com.kms.katalon.core.webui.keyword.builtin.ClickKeyword$_click_closure1.call(ClickKeyword.groovy)
	at com.kms.katalon.core.webui.keyword.internal.WebUIKeywordMain.runKeyword(WebUIKeywordMain.groovy:20)
	... 19 more]]></system-err>
      </testcase>
      <testcase name="Test Cases/Opportunity Test Case/14" time="20.11" classname="Test Cases/Opportunity Test Case/14" status="PASSED">
         <system-out><![CDATA[2020-07-08 08:18:15 - [TEST_CASE][PASSED] - Test Cases/Opportunity Test Case/14: Test Cases/Opportunity Test Case/14

2020-07-08 08:18:15 - [TEST_STEP][PASSED] - click(findTestObject("Opportunity repository/Page_Calendar/act type opp")): Object: 'Object Repository/Opportunity repository/Page_Calendar/act type opp' is clicked on

2020-07-08 08:18:15 - [MESSAGE][PASSED] - Object: 'Object Repository/Opportunity repository/Page_Calendar/act type opp' is clicked on

2020-07-08 08:18:15 - [TEST_STEP][PASSED] - setText(findTestObject("Opportunity repository/Page_Calendar/input act type opp"), findTestData("Opportunity Test Data/D7").getValue(2, 1)): Text 'Call' is set on object 'Object Repository/Opportunity repository/Page_Calendar/input act type opp'

2020-07-08 08:18:16 - [MESSAGE][PASSED] - Text 'Call' is set on object 'Object Repository/Opportunity repository/Page_Calendar/input act type opp'

2020-07-08 08:18:16 - [TEST_STEP][PASSED] - sendKeys(findTestObject("Opportunity repository/Page_Calendar/input act type opp"), Keys.chord(ENTER)): Keys 'ENTER + ' sent to object: 'Object Repository/Opportunity repository/Page_Calendar/input act type opp'

2020-07-08 08:18:17 - [MESSAGE][PASSED] - Keys 'ENTER + ' sent to object: 'Object Repository/Opportunity repository/Page_Calendar/input act type opp'

2020-07-08 08:18:17 - [TEST_STEP][PASSED] - click(findTestObject("Opportunity repository/Page_Calendar/assign to act opp")): Object: 'Object Repository/Opportunity repository/Page_Calendar/assign to act opp' is clicked on

2020-07-08 08:18:17 - [MESSAGE][PASSED] - Object: 'Object Repository/Opportunity repository/Page_Calendar/assign to act opp' is clicked on

2020-07-08 08:18:17 - [TEST_STEP][PASSED] - setText(findTestObject("Opportunity repository/Page_Calendar/input assign to act opp"), findTestData("Opportunity Test Data/D7").getValue(3, 1)): Text 'RIS System' is set on object 'Object Repository/Opportunity repository/Page_Calendar/input assign to act opp'

2020-07-08 08:18:18 - [MESSAGE][PASSED] - Text 'RIS System' is set on object 'Object Repository/Opportunity repository/Page_Calendar/input assign to act opp'

2020-07-08 08:18:18 - [TEST_STEP][PASSED] - sendKeys(findTestObject("Opportunity repository/Page_Calendar/input assign to act opp"), Keys.chord(ENTER)): Keys 'ENTER + ' sent to object: 'Object Repository/Opportunity repository/Page_Calendar/input assign to act opp'

2020-07-08 08:18:19 - [MESSAGE][PASSED] - Keys 'ENTER + ' sent to object: 'Object Repository/Opportunity repository/Page_Calendar/input assign to act opp'

2020-07-08 08:18:19 - [TEST_STEP][PASSED] - click(findTestObject("Opportunity repository/Page_Calendar/sale type act opp")): Object: 'Object Repository/Opportunity repository/Page_Calendar/sale type act opp' is clicked on

2020-07-08 08:18:19 - [MESSAGE][PASSED] - Object: 'Object Repository/Opportunity repository/Page_Calendar/sale type act opp' is clicked on

2020-07-08 08:18:19 - [TEST_STEP][PASSED] - setText(findTestObject("Opportunity repository/Page_Calendar/input sale type act opp"), findTestData("Opportunity Test Data/D7").getValue(4, 1)): Text 'Pre-Sales' is set on object 'Object Repository/Opportunity repository/Page_Calendar/input sale type act opp'

2020-07-08 08:18:20 - [MESSAGE][PASSED] - Text 'Pre-Sales' is set on object 'Object Repository/Opportunity repository/Page_Calendar/input sale type act opp'

2020-07-08 08:18:20 - [TEST_STEP][PASSED] - sendKeys(findTestObject("Opportunity repository/Page_Calendar/input sale type act opp"), Keys.chord(ENTER)): Keys 'ENTER + ' sent to object: 'Object Repository/Opportunity repository/Page_Calendar/input sale type act opp'

2020-07-08 08:18:21 - [MESSAGE][PASSED] - Keys 'ENTER + ' sent to object: 'Object Repository/Opportunity repository/Page_Calendar/input sale type act opp'

2020-07-08 08:18:21 - [TEST_STEP][PASSED] - setText(findTestObject("Opportunity repository/Page_Calendar/input__date_start act opp"), findTestData("Opportunity Test Data/D7").getValue(7, 1)): Text '11/02/20' is set on object 'Object Repository/Opportunity repository/Page_Calendar/input__date_start act opp'

2020-07-08 08:18:22 - [MESSAGE][PASSED] - Text '11/02/20' is set on object 'Object Repository/Opportunity repository/Page_Calendar/input__date_start act opp'

2020-07-08 08:18:22 - [TEST_STEP][PASSED] - setText(findTestObject("Opportunity repository/Page_Calendar/input__time_start act opp"), findTestData("Opportunity Test Data/D7").getValue(8, 1)): Text '03:19 PM' is set on object 'Object Repository/Opportunity repository/Page_Calendar/input__time_start act opp'

2020-07-08 08:18:23 - [MESSAGE][PASSED] - Text '03:19 PM' is set on object 'Object Repository/Opportunity repository/Page_Calendar/input__time_start act opp'

2020-07-08 08:18:23 - [TEST_STEP][PASSED] - setText(findTestObject("Opportunity repository/Page_Calendar/input__due_date act opp"), findTestData("Opportunity Test Data/D7").getValue(9, 1)): Text '11/02/2020' is set on object 'Object Repository/Opportunity repository/Page_Calendar/input__due_date act opp'

2020-07-08 08:18:24 - [MESSAGE][PASSED] - Text '11/02/2020' is set on object 'Object Repository/Opportunity repository/Page_Calendar/input__due_date act opp'

2020-07-08 08:18:24 - [TEST_STEP][PASSED] - setText(findTestObject("Opportunity repository/Page_Calendar/input__time_end act opp"), findTestData("Opportunity Test Data/D7").getValue(10, 1)): Text '03:24 PM' is set on object 'Object Repository/Opportunity repository/Page_Calendar/input__time_end act opp'

2020-07-08 08:18:25 - [MESSAGE][PASSED] - Text '03:24 PM' is set on object 'Object Repository/Opportunity repository/Page_Calendar/input__time_end act opp'

2020-07-08 08:18:25 - [TEST_STEP][PASSED] - click(findTestObject("Opportunity repository/Page_Calendar/input__subject act opp")): Object: 'Object Repository/Opportunity repository/Page_Calendar/input__subject act opp' is clicked on

2020-07-08 08:18:26 - [MESSAGE][PASSED] - Object: 'Object Repository/Opportunity repository/Page_Calendar/input__subject act opp' is clicked on

2020-07-08 08:18:26 - [TEST_STEP][PASSED] - setText(findTestObject("Opportunity repository/Page_Calendar/input__subject act opp"), findTestData("Opportunity Test Data/D7").getValue(1, 1)): Text 'Anatomy' is set on object 'Object Repository/Opportunity repository/Page_Calendar/input__subject act opp'

2020-07-08 08:18:27 - [MESSAGE][PASSED] - Text 'Anatomy' is set on object 'Object Repository/Opportunity repository/Page_Calendar/input__subject act opp'

2020-07-08 08:18:27 - [TEST_STEP][PASSED] - delay(1): Delayed 1 second(s)

2020-07-08 08:18:28 - [MESSAGE][PASSED] - Delayed 1 second(s)

2020-07-08 08:18:28 - [TEST_STEP][PASSED] - click(findTestObject("Opportunity repository/Page_Calendar/status result act opp")): Object: 'Object Repository/Opportunity repository/Page_Calendar/status result act opp' is clicked on

2020-07-08 08:18:28 - [MESSAGE][PASSED] - Object: 'Object Repository/Opportunity repository/Page_Calendar/status result act opp' is clicked on

2020-07-08 08:18:28 - [TEST_STEP][PASSED] - setText(findTestObject("Opportunity repository/Page_Calendar/input status result act opp"), findTestData("Opportunity Test Data/D7").getValue(12, 1)): Text 'Done' is set on object 'Object Repository/Opportunity repository/Page_Calendar/input status result act opp'

2020-07-08 08:18:29 - [MESSAGE][PASSED] - Text 'Done' is set on object 'Object Repository/Opportunity repository/Page_Calendar/input status result act opp'

2020-07-08 08:18:29 - [TEST_STEP][PASSED] - sendKeys(findTestObject("Opportunity repository/Page_Calendar/input status result act opp"), Keys.chord(ENTER)): Keys 'ENTER + ' sent to object: 'Object Repository/Opportunity repository/Page_Calendar/input status result act opp'

2020-07-08 08:18:30 - [MESSAGE][PASSED] - Keys 'ENTER + ' sent to object: 'Object Repository/Opportunity repository/Page_Calendar/input status result act opp'

2020-07-08 08:18:30 - [TEST_STEP][PASSED] - click(findTestObject("Opportunity repository/Page_Calendar/product group act opp")): Object: 'Object Repository/Opportunity repository/Page_Calendar/product group act opp' is clicked on

2020-07-08 08:18:30 - [MESSAGE][PASSED] - Object: 'Object Repository/Opportunity repository/Page_Calendar/product group act opp' is clicked on

2020-07-08 08:18:30 - [TEST_STEP][PASSED] - setText(findTestObject("Opportunity repository/Page_Calendar/input product group act opp"), "No Product"): Text 'No Product' is set on object 'Object Repository/Opportunity repository/Page_Calendar/input product group act opp'

2020-07-08 08:18:31 - [MESSAGE][PASSED] - Text 'No Product' is set on object 'Object Repository/Opportunity repository/Page_Calendar/input product group act opp'

2020-07-08 08:18:31 - [TEST_STEP][PASSED] - sendKeys(findTestObject("Opportunity repository/Page_Calendar/input product group act opp"), Keys.chord(ENTER)): Keys 'ENTER + ' sent to object: 'Object Repository/Opportunity repository/Page_Calendar/input product group act opp'

2020-07-08 08:18:31 - [MESSAGE][PASSED] - Keys 'ENTER + ' sent to object: 'Object Repository/Opportunity repository/Page_Calendar/input product group act opp'

2020-07-08 08:18:31 - [TEST_STEP][PASSED] - click(findTestObject("Opportunity repository/Page_Calendar/show time as act opp")): Object: 'Object Repository/Opportunity repository/Page_Calendar/show time as act opp' is clicked on

2020-07-08 08:18:32 - [MESSAGE][PASSED] - Object: 'Object Repository/Opportunity repository/Page_Calendar/show time as act opp' is clicked on

2020-07-08 08:18:32 - [TEST_STEP][PASSED] - setText(findTestObject("Opportunity repository/Page_Calendar/input show time as act opp"), findTestData("Opportunity Test Data/D7").getValue(13, 1)): Text 'Out of Office' is set on object 'Object Repository/Opportunity repository/Page_Calendar/input show time as act opp'

2020-07-08 08:18:33 - [MESSAGE][PASSED] - Text 'Out of Office' is set on object 'Object Repository/Opportunity repository/Page_Calendar/input show time as act opp'

2020-07-08 08:18:33 - [TEST_STEP][PASSED] - sendKeys(findTestObject("Opportunity repository/Page_Calendar/input show time as act opp"), Keys.chord(ENTER)): Keys 'ENTER + ' sent to object: 'Object Repository/Opportunity repository/Page_Calendar/input show time as act opp'

2020-07-08 08:18:33 - [MESSAGE][PASSED] - Keys 'ENTER + ' sent to object: 'Object Repository/Opportunity repository/Page_Calendar/input show time as act opp'

2020-07-08 08:18:33 - [TEST_STEP][PASSED] - setText(findTestObject("Opportunity repository/Page_Calendar/textarea__description act opp"), findTestData("Opportunity Test Data/D7").getValue(14, 1)): Text 'Anatomy of Ultraman' is set on object 'Object Repository/Opportunity repository/Page_Calendar/textarea__description act opp'

2020-07-08 08:18:34 - [MESSAGE][PASSED] - Text 'Anatomy of Ultraman' is set on object 'Object Repository/Opportunity repository/Page_Calendar/textarea__description act opp'

2020-07-08 08:18:34 - [TEST_STEP][PASSED] - click(findTestObject("Opportunity repository/Page_Calendar/button_Save Activity opp")): Object: 'Object Repository/Opportunity repository/Page_Calendar/button_Save Activity opp' is clicked on

2020-07-08 08:18:35 - [MESSAGE][PASSED] - Object: 'Object Repository/Opportunity repository/Page_Calendar/button_Save Activity opp' is clicked on]]></system-out>
         <system-err><![CDATA[]]></system-err>
      </testcase>
      <system-out><![CDATA[2020-07-08 08:17:32 - [TEST_SUITE][FAILED] - 10: Test Cases/Opportunity Test Case/15 FAILED.
Reason:
com.kms.katalon.core.exception.StepFailedException: Unable to click on object 'Object Repository/Opportunity repository/Page_Calendar/status result act opp'
	at com.kms.katalon.core.webui.keyword.internal.WebUIKeywordMain.stepFailed(WebUIKeywordMain.groovy:64)
	at com.kms.katalon.core.webui.keyword.internal.WebUIKeywordMain.runKeyword(WebUIKeywordMain.groovy:26)
	at com.kms.katalon.core.webui.keyword.builtin.ClickKeyword.click(ClickKeyword.groovy:76)
	at com.kms.katalon.core.webui.keyword.builtin.ClickKeyword.execute(ClickKeyword.groovy:43)
	at com.kms.katalon.core.keyword.internal.KeywordExecutor.executeKeywordForPlatform(KeywordExecutor.groovy:72)
	at com.kms.katalon.core.webui.keyword.WebUiBuiltInKeywords.click(WebUiBuiltInKeywords.groovy:616)
	at com.kms.katalon.core.webui.keyword.WebUiBuiltInKeywords$click$1.call(Unknown Source)
	at 15.run(15:51)
	at com.kms.katalon.core.main.ScriptEngine.run(ScriptEngine.java:194)
	at com.kms.katalon.core.main.ScriptEngine.runScriptAsRawText(ScriptEngine.java:119)
	at com.kms.katalon.core.main.TestCaseExecutor.runScript(TestCaseExecutor.java:337)
	at com.kms.katalon.core.main.TestCaseExecutor.doExecute(TestCaseExecutor.java:328)
	at com.kms.katalon.core.main.TestCaseExecutor.processExecutionPhase(TestCaseExecutor.java:307)
	at com.kms.katalon.core.main.TestCaseExecutor.accessMainPhase(TestCaseExecutor.java:299)
	at com.kms.katalon.core.main.TestCaseExecutor.execute(TestCaseExecutor.java:233)
	at com.kms.katalon.core.main.TestSuiteExecutor.accessTestCaseMainPhase(TestSuiteExecutor.java:169)
	at com.kms.katalon.core.main.TestSuiteExecutor.accessTestSuiteMainPhase(TestSuiteExecutor.java:142)
	at com.kms.katalon.core.main.TestSuiteExecutor.execute(TestSuiteExecutor.java:91)
	at com.kms.katalon.core.main.TestCaseMain.startTestSuite(TestCaseMain.java:157)
	at com.kms.katalon.core.main.TestCaseMain$startTestSuite$0.call(Unknown Source)
	at TempTestSuite1594171051110.run(TempTestSuite1594171051110.groovy:37)
Caused by: org.openqa.selenium.ElementClickInterceptedException: element click intercepted: Element <div class="row-fluid">...</div> is not clickable at point (322, 345). Other element would receive the click: <a href="#">...</a>
  (Session info: chrome=83.0.4103.116)
Build info: version: '3.141.59', revision: 'e82be7d358', time: '2018-11-14T08:25:53'
System info: host: 'DESKTOP-0NVCT6K', ip: '192.168.1.2', os.name: 'Windows 10', os.arch: 'amd64', os.version: '10.0', java.version: '1.8.0_181'
Driver info: com.kms.katalon.selenium.driver.CChromeDriver
Capabilities {acceptInsecureCerts: false, browserName: chrome, browserVersion: 83.0.4103.116, chrome: {chromedriverVersion: 83.0.4103.39 (ccbf011cb2d2b..., userDataDir: C:\Users\WIN10\AppData\Loca...}, goog:chromeOptions: {debuggerAddress: localhost:58754}, javascriptEnabled: true, networkConnectionEnabled: false, pageLoadStrategy: normal, platform: WINDOWS, platformName: WINDOWS, proxy: Proxy(), setWindowRect: true, strictFileInteractability: false, timeouts: {implicit: 0, pageLoad: 300000, script: 30000}, unhandledPromptBehavior: dismiss and notify, webauthn:virtualAuthenticators: true}
Session ID: 8b68a8e8f769c9cffee21cdaba069f20
	at org.openqa.selenium.remote.http.W3CHttpResponseCodec.createException(W3CHttpResponseCodec.java:187)
	at org.openqa.selenium.remote.http.W3CHttpResponseCodec.decode(W3CHttpResponseCodec.java:122)
	at org.openqa.selenium.remote.http.W3CHttpResponseCodec.decode(W3CHttpResponseCodec.java:49)
	at org.openqa.selenium.remote.HttpCommandExecutor.execute(HttpCommandExecutor.java:158)
	at org.openqa.selenium.remote.service.DriverCommandExecutor.execute(DriverCommandExecutor.java:83)
	at org.openqa.selenium.remote.RemoteWebDriver.execute(RemoteWebDriver.java:552)
	at com.kms.katalon.selenium.driver.CChromeDriver.execute(CChromeDriver.java:19)
	at org.openqa.selenium.remote.RemoteWebElement.execute(RemoteWebElement.java:285)
	at org.openqa.selenium.remote.RemoteWebElement.click(RemoteWebElement.java:84)
	at org.openqa.selenium.support.events.EventFiringWebDriver$EventFiringWebElement.lambda$new$0(EventFiringWebDriver.java:404)
	at com.sun.proxy.$Proxy9.click(Unknown Source)
	at org.openqa.selenium.support.events.EventFiringWebDriver$EventFiringWebElement.click(EventFiringWebDriver.java:417)
	at com.kms.katalon.core.webui.keyword.builtin.ClickKeyword$_click_closure1.doCall(ClickKeyword.groovy:69)
	at com.kms.katalon.core.webui.keyword.builtin.ClickKeyword$_click_closure1.call(ClickKeyword.groovy)
	at com.kms.katalon.core.webui.keyword.internal.WebUIKeywordMain.runKeyword(WebUIKeywordMain.groovy:20)
	... 19 more]]></system-out>
      <system-err><![CDATA[2020-07-08 08:17:32 - [TEST_SUITE][FAILED] - 10: Test Cases/Opportunity Test Case/15 FAILED.
Reason:
com.kms.katalon.core.exception.StepFailedException: Unable to click on object 'Object Repository/Opportunity repository/Page_Calendar/status result act opp'
	at com.kms.katalon.core.webui.keyword.internal.WebUIKeywordMain.stepFailed(WebUIKeywordMain.groovy:64)
	at com.kms.katalon.core.webui.keyword.internal.WebUIKeywordMain.runKeyword(WebUIKeywordMain.groovy:26)
	at com.kms.katalon.core.webui.keyword.builtin.ClickKeyword.click(ClickKeyword.groovy:76)
	at com.kms.katalon.core.webui.keyword.builtin.ClickKeyword.execute(ClickKeyword.groovy:43)
	at com.kms.katalon.core.keyword.internal.KeywordExecutor.executeKeywordForPlatform(KeywordExecutor.groovy:72)
	at com.kms.katalon.core.webui.keyword.WebUiBuiltInKeywords.click(WebUiBuiltInKeywords.groovy:616)
	at com.kms.katalon.core.webui.keyword.WebUiBuiltInKeywords$click$1.call(Unknown Source)
	at 15.run(15:51)
	at com.kms.katalon.core.main.ScriptEngine.run(ScriptEngine.java:194)
	at com.kms.katalon.core.main.ScriptEngine.runScriptAsRawText(ScriptEngine.java:119)
	at com.kms.katalon.core.main.TestCaseExecutor.runScript(TestCaseExecutor.java:337)
	at com.kms.katalon.core.main.TestCaseExecutor.doExecute(TestCaseExecutor.java:328)
	at com.kms.katalon.core.main.TestCaseExecutor.processExecutionPhase(TestCaseExecutor.java:307)
	at com.kms.katalon.core.main.TestCaseExecutor.accessMainPhase(TestCaseExecutor.java:299)
	at com.kms.katalon.core.main.TestCaseExecutor.execute(TestCaseExecutor.java:233)
	at com.kms.katalon.core.main.TestSuiteExecutor.accessTestCaseMainPhase(TestSuiteExecutor.java:169)
	at com.kms.katalon.core.main.TestSuiteExecutor.accessTestSuiteMainPhase(TestSuiteExecutor.java:142)
	at com.kms.katalon.core.main.TestSuiteExecutor.execute(TestSuiteExecutor.java:91)
	at com.kms.katalon.core.main.TestCaseMain.startTestSuite(TestCaseMain.java:157)
	at com.kms.katalon.core.main.TestCaseMain$startTestSuite$0.call(Unknown Source)
	at TempTestSuite1594171051110.run(TempTestSuite1594171051110.groovy:37)
Caused by: org.openqa.selenium.ElementClickInterceptedException: element click intercepted: Element <div class="row-fluid">...</div> is not clickable at point (322, 345). Other element would receive the click: <a href="#">...</a>
  (Session info: chrome=83.0.4103.116)
Build info: version: '3.141.59', revision: 'e82be7d358', time: '2018-11-14T08:25:53'
System info: host: 'DESKTOP-0NVCT6K', ip: '192.168.1.2', os.name: 'Windows 10', os.arch: 'amd64', os.version: '10.0', java.version: '1.8.0_181'
Driver info: com.kms.katalon.selenium.driver.CChromeDriver
Capabilities {acceptInsecureCerts: false, browserName: chrome, browserVersion: 83.0.4103.116, chrome: {chromedriverVersion: 83.0.4103.39 (ccbf011cb2d2b..., userDataDir: C:\Users\WIN10\AppData\Loca...}, goog:chromeOptions: {debuggerAddress: localhost:58754}, javascriptEnabled: true, networkConnectionEnabled: false, pageLoadStrategy: normal, platform: WINDOWS, platformName: WINDOWS, proxy: Proxy(), setWindowRect: true, strictFileInteractability: false, timeouts: {implicit: 0, pageLoad: 300000, script: 30000}, unhandledPromptBehavior: dismiss and notify, webauthn:virtualAuthenticators: true}
Session ID: 8b68a8e8f769c9cffee21cdaba069f20
	at org.openqa.selenium.remote.http.W3CHttpResponseCodec.createException(W3CHttpResponseCodec.java:187)
	at org.openqa.selenium.remote.http.W3CHttpResponseCodec.decode(W3CHttpResponseCodec.java:122)
	at org.openqa.selenium.remote.http.W3CHttpResponseCodec.decode(W3CHttpResponseCodec.java:49)
	at org.openqa.selenium.remote.HttpCommandExecutor.execute(HttpCommandExecutor.java:158)
	at org.openqa.selenium.remote.service.DriverCommandExecutor.execute(DriverCommandExecutor.java:83)
	at org.openqa.selenium.remote.RemoteWebDriver.execute(RemoteWebDriver.java:552)
	at com.kms.katalon.selenium.driver.CChromeDriver.execute(CChromeDriver.java:19)
	at org.openqa.selenium.remote.RemoteWebElement.execute(RemoteWebElement.java:285)
	at org.openqa.selenium.remote.RemoteWebElement.click(RemoteWebElement.java:84)
	at org.openqa.selenium.support.events.EventFiringWebDriver$EventFiringWebElement.lambda$new$0(EventFiringWebDriver.java:404)
	at com.sun.proxy.$Proxy9.click(Unknown Source)
	at org.openqa.selenium.support.events.EventFiringWebDriver$EventFiringWebElement.click(EventFiringWebDriver.java:417)
	at com.kms.katalon.core.webui.keyword.builtin.ClickKeyword$_click_closure1.doCall(ClickKeyword.groovy:69)
	at com.kms.katalon.core.webui.keyword.builtin.ClickKeyword$_click_closure1.call(ClickKeyword.groovy)
	at com.kms.katalon.core.webui.keyword.internal.WebUIKeywordMain.runKeyword(WebUIKeywordMain.groovy:20)
	... 19 more]]></system-err>
   </testsuite>
</testsuites>
