<?xml version="1.0" encoding="UTF-8"?>
<testsuites name="15" time="42.487" tests="5" failures="0" errors="1">
   <testsuite name="15" tests="5" failures="0" errors="1" time="42.487" timestamp="2020-06-21 23:40:21" hostname="WIN10 - DESKTOP-0NVCT6K" id="Test Suites/15">
      <properties>
         <property name="deviceName" value=""/>
         <property name="devicePlatform" value=""/>
         <property name="logFolder" value="C:\\Users\\WIN10\\git\\Best-Project\\Reports\\20200621_234019\\15\\20200621_234019"/>
         <property name="logFiles" value="C:\\Users\\WIN10\\git\\Best-Project\\Reports\\20200621_234019\\15\\20200621_234019\\execution0.log"/>
         <property name="attachments" value=""/>
         <property name="hostName" value="WIN10 - DESKTOP-0NVCT6K"/>
         <property name="os" value="Windows 10 64bit"/>
         <property name="katalonVersion" value="7.5.2.1"/>
         <property name="browser" value="Chrome 83.0.4103.106"/>
         <property name="hostAddress" value="192.168.1.2"/>
         <property name="sessionId" value="25e8674889e3ac3610fc3bb0af683856"/>
         <property name="seleniumVersion" value="3.141.59"/>
         <property name="proxyInformation" value="ProxyInformation { proxyOption=NO_PROXY, proxyServerType=HTTP, username=, password=********, proxyServerAddress=, proxyServerPort=0, executionList=\&quot;\&quot;, isApplyToDesiredCapabilities=true }"/>
         <property name="platform" value="Windows 10"/>
      </properties>
      <testcase name="Test Cases/Account Test Case/1-View the layout information in the List View" time="9.613" classname="Test Cases/Account Test Case/1-View the layout information in the List View" status="PASSED">
         <system-out><![CDATA[2020-06-21 23:40:21 - [TEST_CASE][PASSED] - Test Cases/Account Test Case/1-View the layout information in the List View: Test Cases/Account Test Case/1-View the layout information in the List View

2020-06-21 23:40:21 - [TEST_STEP][PASSED] - openBrowser("http://crmc.opencloud.digital:64216/index.php"): Browser is opened with url: 'http://crmc.opencloud.digital:64216/index.php'

2020-06-21 23:40:21 - [MESSAGE][INFO] - Starting 'Chrome' driver

2020-06-21 23:40:21 - [MESSAGE][INFO] - Action delay is set to 0 milliseconds

2020-06-21 23:40:26 - [MESSAGE][PASSED] - Browser is opened with url: 'http://crmc.opencloud.digital:64216/index.php'

2020-06-21 23:40:26 - [TEST_STEP][PASSED] - maximizeWindow(): Current window maximized

2020-06-21 23:40:28 - [MESSAGE][PASSED] - Current window maximized

2020-06-21 23:40:28 - [TEST_STEP][PASSED] - setText(findTestObject("Account repository/Login/input_User name_username"), findTestData("Account Test Data/D1").getValue(1, 1)): Text 'Admin' is set on object 'Object Repository/Account repository/Login/input_User name_username'

2020-06-21 23:40:28 - [MESSAGE][PASSED] - Text 'Admin' is set on object 'Object Repository/Account repository/Login/input_User name_username'

2020-06-21 23:40:28 - [TEST_STEP][PASSED] - setText(findTestObject("Account repository/Login/input_Password_password"), findTestData("Account Test Data/D1").getValue(2, 1)): Text '1qaz2WSX3edc ' is set on object 'Object Repository/Account repository/Login/input_Password_password'

2020-06-21 23:40:29 - [MESSAGE][PASSED] - Text '1qaz2WSX3edc ' is set on object 'Object Repository/Account repository/Login/input_Password_password'

2020-06-21 23:40:29 - [TEST_STEP][PASSED] - click(findTestObject("Account repository/Login/button_Sign in")): Object: 'Object Repository/Account repository/Login/button_Sign in' is clicked on

2020-06-21 23:40:30 - [MESSAGE][PASSED] - Object: 'Object Repository/Account repository/Login/button_Sign in' is clicked on]]></system-out>
         <system-err><![CDATA[]]></system-err>
      </testcase>
      <testcase name="Test Cases/Account Test Case/5-View the Detail View information" time="14.022" classname="Test Cases/Account Test Case/5-View the Detail View information" status="PASSED">
         <system-out><![CDATA[2020-06-21 23:40:30 - [TEST_CASE][PASSED] - Test Cases/Account Test Case/5-View the Detail View information: Test Cases/Account Test Case/5-View the Detail View information

2020-06-21 23:40:31 - [TEST_STEP][PASSED] - click(findTestObject("Account repository/Page_Home/strong_Accounts")): Object: 'Object Repository/Account repository/Page_Home/strong_Accounts' is clicked on

2020-06-21 23:40:38 - [MESSAGE][PASSED] - Object: 'Object Repository/Account repository/Page_Home/strong_Accounts' is clicked on

2020-06-21 23:40:38 - [TEST_STEP][PASSED] - setText(findTestObject("Account repository/Page_Accounts/Search Account Name"), findTestData("Account Test Data/D4").getValue(1, 1)): Text 'บริษัท วี จี ไอ โกลบอล มีเดีย จำกัด (มหาชน) ' is set on object 'Object Repository/Account repository/Page_Accounts/Search Account Name'

2020-06-21 23:40:39 - [MESSAGE][PASSED] - Text 'บริษัท วี จี ไอ โกลบอล มีเดีย จำกัด (มหาชน) ' is set on object 'Object Repository/Account repository/Page_Accounts/Search Account Name'

2020-06-21 23:40:39 - [TEST_STEP][PASSED] - click(findTestObject("Account repository/Page_Accounts/button_Search")): Object: 'Object Repository/Account repository/Page_Accounts/button_Search' is clicked on

2020-06-21 23:40:39 - [MESSAGE][PASSED] - Object: 'Object Repository/Account repository/Page_Accounts/button_Search' is clicked on

2020-06-21 23:40:39 - [TEST_STEP][PASSED] - click(findTestObject("Account repository/Page_Accounts/click v g o")): Object: 'Object Repository/Account repository/Page_Accounts/click v g o' is clicked on

2020-06-21 23:40:44 - [MESSAGE][PASSED] - Object: 'Object Repository/Account repository/Page_Accounts/click v g o' is clicked on]]></system-out>
         <system-err><![CDATA[]]></system-err>
      </testcase>
      <testcase name="Test Cases/Account Test Case/31" time="4.195" classname="Test Cases/Account Test Case/31" status="PASSED">
         <system-out><![CDATA[2020-06-21 23:40:44 - [TEST_CASE][PASSED] - Test Cases/Account Test Case/31: Test Cases/Account Test Case/31

2020-06-21 23:40:45 - [TEST_STEP][PASSED] - click(findTestObject("Account repository/Page_Accounts Related/a_Contacts  5")): Object: 'Object Repository/Account repository/Page_Accounts Related/a_Contacts  5' is clicked on

2020-06-21 23:40:46 - [MESSAGE][PASSED] - Object: 'Object Repository/Account repository/Page_Accounts Related/a_Contacts  5' is clicked on

2020-06-21 23:40:46 - [TEST_STEP][PASSED] - click(findTestObject("Account repository/Page_Accounts Related/button_Add Contact")): Object: 'Object Repository/Account repository/Page_Accounts Related/button_Add Contact' is clicked on

2020-06-21 23:40:48 - [MESSAGE][PASSED] - Object: 'Object Repository/Account repository/Page_Accounts Related/button_Add Contact' is clicked on

2020-06-21 23:40:48 - [TEST_STEP][PASSED] - click(findTestObject("Account repository/Page_Contacts related/button_Save contact")): Object: 'Object Repository/Account repository/Page_Contacts related/button_Save contact' is clicked on

2020-06-21 23:40:49 - [MESSAGE][PASSED] - Object: 'Object Repository/Account repository/Page_Contacts related/button_Save contact' is clicked on]]></system-out>
         <system-err><![CDATA[]]></system-err>
      </testcase>
      <testcase name="Test Cases/Account Test Case/30" time="3.748" classname="Test Cases/Account Test Case/30" status="ERROR">
         <error type="ERROR" message="Test Cases/Account Test Case/30 FAILED.
Reason:
groovy.lang.MissingPropertyException: No such property: Keys for class: Script1592757559264
	at 30.run(30:29)
	at com.kms.katalon.core.main.ScriptEngine.run(ScriptEngine.java:194)
	at com.kms.katalon.core.main.ScriptEngine.runScriptAsRawText(ScriptEngine.java:119)
	at com.kms.katalon.core.main.TestCaseExecutor.runScript(TestCaseExecutor.java:337)
	at com.kms.katalon.core.main.TestCaseExecutor.doExecute(TestCaseExecutor.java:328)
	at com.kms.katalon.core.main.TestCaseExecutor.processExecutionPhase(TestCaseExecutor.java:307)
	at com.kms.katalon.core.main.TestCaseExecutor.accessMainPhase(TestCaseExecutor.java:299)
	at com.kms.katalon.core.main.TestCaseExecutor.execute(TestCaseExecutor.java:233)
	at com.kms.katalon.core.main.TestSuiteExecutor.accessTestCaseMainPhase(TestSuiteExecutor.java:169)
	at com.kms.katalon.core.main.TestSuiteExecutor.accessTestSuiteMainPhase(TestSuiteExecutor.java:142)
	at com.kms.katalon.core.main.TestSuiteExecutor.execute(TestSuiteExecutor.java:91)
	at com.kms.katalon.core.main.TestCaseMain.startTestSuite(TestCaseMain.java:157)
	at com.kms.katalon.core.main.TestCaseMain$startTestSuite$0.call(Unknown Source)
	at TempTestSuite1592757619572.run(TempTestSuite1592757619572.groovy:37)
"/>
         <system-out><![CDATA[2020-06-21 23:40:49 - [TEST_CASE][ERROR] - Test Cases/Account Test Case/30: Test Cases/Account Test Case/30 FAILED.
Reason:
groovy.lang.MissingPropertyException: No such property: Keys for class: Script1592757559264
	at 30.run(30:29)
	at com.kms.katalon.core.main.ScriptEngine.run(ScriptEngine.java:194)
	at com.kms.katalon.core.main.ScriptEngine.runScriptAsRawText(ScriptEngine.java:119)
	at com.kms.katalon.core.main.TestCaseExecutor.runScript(TestCaseExecutor.java:337)
	at com.kms.katalon.core.main.TestCaseExecutor.doExecute(TestCaseExecutor.java:328)
	at com.kms.katalon.core.main.TestCaseExecutor.processExecutionPhase(TestCaseExecutor.java:307)
	at com.kms.katalon.core.main.TestCaseExecutor.accessMainPhase(TestCaseExecutor.java:299)
	at com.kms.katalon.core.main.TestCaseExecutor.execute(TestCaseExecutor.java:233)
	at com.kms.katalon.core.main.TestSuiteExecutor.accessTestCaseMainPhase(TestSuiteExecutor.java:169)
	at com.kms.katalon.core.main.TestSuiteExecutor.accessTestSuiteMainPhase(TestSuiteExecutor.java:142)
	at com.kms.katalon.core.main.TestSuiteExecutor.execute(TestSuiteExecutor.java:91)
	at com.kms.katalon.core.main.TestCaseMain.startTestSuite(TestCaseMain.java:157)
	at com.kms.katalon.core.main.TestCaseMain$startTestSuite$0.call(Unknown Source)
	at TempTestSuite1592757619572.run(TempTestSuite1592757619572.groovy:37)


2020-06-21 23:40:49 - [TEST_STEP][PASSED] - delay(1): Delayed 1 second(s)

2020-06-21 23:40:50 - [MESSAGE][PASSED] - Delayed 1 second(s)

2020-06-21 23:40:50 - [TEST_STEP][PASSED] - click(findTestObject("Account repository/Page_Contacts related/clear contact")): Object: 'Object Repository/Account repository/Page_Contacts related/clear contact' is clicked on

2020-06-21 23:40:50 - [MESSAGE][PASSED] - Object: 'Object Repository/Account repository/Page_Contacts related/clear contact' is clicked on

2020-06-21 23:40:50 - [TEST_STEP][PASSED] - delay(1): Delayed 1 second(s)

2020-06-21 23:40:51 - [MESSAGE][PASSED] - Delayed 1 second(s)

2020-06-21 23:40:51 - [TEST_STEP][PASSED] - click(findTestObject("Account repository/Page_Contacts related/Title contact")): Object: 'Object Repository/Account repository/Page_Contacts related/Title contact' is clicked on

2020-06-21 23:40:52 - [MESSAGE][PASSED] - Object: 'Object Repository/Account repository/Page_Contacts related/Title contact' is clicked on

2020-06-21 23:40:52 - [TEST_STEP][PASSED] - setText(findTestObject("Account repository/Page_Contacts related/input title contact"), findTestData("Account Test Data/D17").getValue(3, 1)): Text 'Mr.' is set on object 'Object Repository/Account repository/Page_Contacts related/input title contact'

2020-06-21 23:40:52 - [MESSAGE][PASSED] - Text 'Mr.' is set on object 'Object Repository/Account repository/Page_Contacts related/input title contact'

2020-06-21 23:40:52 - [TEST_STEP][PASSED] - sendKeys(findTestObject("Account repository/Page_Contacts related/input title contact"), Keys.chord(ENTER)): null]]></system-out>
         <system-err><![CDATA[2020-06-21 23:40:49 - [TEST_CASE][ERROR] - Test Cases/Account Test Case/30: Test Cases/Account Test Case/30 FAILED.
Reason:
groovy.lang.MissingPropertyException: No such property: Keys for class: Script1592757559264
	at 30.run(30:29)
	at com.kms.katalon.core.main.ScriptEngine.run(ScriptEngine.java:194)
	at com.kms.katalon.core.main.ScriptEngine.runScriptAsRawText(ScriptEngine.java:119)
	at com.kms.katalon.core.main.TestCaseExecutor.runScript(TestCaseExecutor.java:337)
	at com.kms.katalon.core.main.TestCaseExecutor.doExecute(TestCaseExecutor.java:328)
	at com.kms.katalon.core.main.TestCaseExecutor.processExecutionPhase(TestCaseExecutor.java:307)
	at com.kms.katalon.core.main.TestCaseExecutor.accessMainPhase(TestCaseExecutor.java:299)
	at com.kms.katalon.core.main.TestCaseExecutor.execute(TestCaseExecutor.java:233)
	at com.kms.katalon.core.main.TestSuiteExecutor.accessTestCaseMainPhase(TestSuiteExecutor.java:169)
	at com.kms.katalon.core.main.TestSuiteExecutor.accessTestSuiteMainPhase(TestSuiteExecutor.java:142)
	at com.kms.katalon.core.main.TestSuiteExecutor.execute(TestSuiteExecutor.java:91)
	at com.kms.katalon.core.main.TestCaseMain.startTestSuite(TestCaseMain.java:157)
	at com.kms.katalon.core.main.TestCaseMain$startTestSuite$0.call(Unknown Source)
	at TempTestSuite1592757619572.run(TempTestSuite1592757619572.groovy:37)]]></system-err>
      </testcase>
      <testcase name="Test Cases/Account Test Case/29" time="10.059" classname="Test Cases/Account Test Case/29" status="PASSED">
         <system-out><![CDATA[2020-06-21 23:40:52 - [TEST_CASE][PASSED] - Test Cases/Account Test Case/29: Test Cases/Account Test Case/29

2020-06-21 23:40:53 - [TEST_STEP][PASSED] - delay(1): Delayed 1 second(s)

2020-06-21 23:40:54 - [MESSAGE][PASSED] - Delayed 1 second(s)

2020-06-21 23:40:54 - [TEST_STEP][PASSED] - click(findTestObject("Account repository/Page_Contacts related/clear contact")): Object: 'Object Repository/Account repository/Page_Contacts related/clear contact' is clicked on

2020-06-21 23:40:54 - [MESSAGE][PASSED] - Object: 'Object Repository/Account repository/Page_Contacts related/clear contact' is clicked on

2020-06-21 23:40:54 - [TEST_STEP][PASSED] - delay(1): Delayed 1 second(s)

2020-06-21 23:40:55 - [MESSAGE][PASSED] - Delayed 1 second(s)

2020-06-21 23:40:55 - [TEST_STEP][PASSED] - click(findTestObject("Account repository/Page_Contacts related/Title contact")): Object: 'Object Repository/Account repository/Page_Contacts related/Title contact' is clicked on

2020-06-21 23:40:55 - [MESSAGE][PASSED] - Object: 'Object Repository/Account repository/Page_Contacts related/Title contact' is clicked on

2020-06-21 23:40:55 - [TEST_STEP][PASSED] - setText(findTestObject("Account repository/Page_Contacts related/input title contact"), findTestData("Account Test Data/D17").getValue(3, 1)): Text 'Mr.' is set on object 'Object Repository/Account repository/Page_Contacts related/input title contact'

2020-06-21 23:40:56 - [MESSAGE][PASSED] - Text 'Mr.' is set on object 'Object Repository/Account repository/Page_Contacts related/input title contact'

2020-06-21 23:40:56 - [TEST_STEP][PASSED] - sendKeys(findTestObject("Account repository/Page_Contacts related/input title contact"), Keys.chord(ENTER)): Keys 'ENTER + ' sent to object: 'Object Repository/Account repository/Page_Contacts related/input title contact'

2020-06-21 23:40:57 - [MESSAGE][PASSED] - Keys 'ENTER + ' sent to object: 'Object Repository/Account repository/Page_Contacts related/input title contact'

2020-06-21 23:40:57 - [TEST_STEP][PASSED] - setText(findTestObject("Account repository/Page_Contacts related/input__job position contact"), findTestData("Account Test Data/D17").getValue(4, 1)): Text 'IT Manager' is set on object 'Object Repository/Account repository/Page_Contacts related/input__job position contact'

2020-06-21 23:40:58 - [MESSAGE][PASSED] - Text 'IT Manager' is set on object 'Object Repository/Account repository/Page_Contacts related/input__job position contact'

2020-06-21 23:40:58 - [TEST_STEP][PASSED] - setText(findTestObject("Account repository/Page_Contacts related/input__firstname contact"), findTestData("Account Test Data/D17").getValue(5, 1)): Text 'Peetikorn' is set on object 'Object Repository/Account repository/Page_Contacts related/input__firstname contact'

2020-06-21 23:40:58 - [MESSAGE][PASSED] - Text 'Peetikorn' is set on object 'Object Repository/Account repository/Page_Contacts related/input__firstname contact'

2020-06-21 23:40:58 - [TEST_STEP][PASSED] - setText(findTestObject("Account repository/Page_Contacts related/input__homephone contact"), findTestData("Account Test Data/D17").getValue(12, 1)): Text '023239041 #148' is set on object 'Object Repository/Account repository/Page_Contacts related/input__homephone contact'

2020-06-21 23:40:59 - [MESSAGE][PASSED] - Text '023239041 #148' is set on object 'Object Repository/Account repository/Page_Contacts related/input__homephone contact'

2020-06-21 23:40:59 - [TEST_STEP][PASSED] - setText(findTestObject("Account repository/Page_Contacts related/input__email contact"), findTestData("Account Test Data/D17").getValue(13, 1)): Text 'peetikorn_s@ykk.co.th' is set on object 'Object Repository/Account repository/Page_Contacts related/input__email contact'

2020-06-21 23:41:00 - [MESSAGE][PASSED] - Text 'peetikorn_s@ykk.co.th' is set on object 'Object Repository/Account repository/Page_Contacts related/input__email contact'

2020-06-21 23:41:00 - [TEST_STEP][PASSED] - click(findTestObject("Account repository/Page_Contacts related/EDM contact")): Object: 'Object Repository/Account repository/Page_Contacts related/EDM contact' is clicked on

2020-06-21 23:41:01 - [MESSAGE][PASSED] - Object: 'Object Repository/Account repository/Page_Contacts related/EDM contact' is clicked on

2020-06-21 23:41:01 - [TEST_STEP][PASSED] - setText(findTestObject("Account repository/Page_Contacts related/input EDM contact"), findTestData("Account Test Data/D17").getValue(14, 1)): Text 'Yes' is set on object 'Object Repository/Account repository/Page_Contacts related/input EDM contact'

2020-06-21 23:41:01 - [MESSAGE][PASSED] - Text 'Yes' is set on object 'Object Repository/Account repository/Page_Contacts related/input EDM contact'

2020-06-21 23:41:01 - [TEST_STEP][PASSED] - sendKeys(findTestObject("Account repository/Page_Contacts related/input EDM contact"), Keys.chord(ENTER)): Keys 'ENTER + ' sent to object: 'Object Repository/Account repository/Page_Contacts related/input EDM contact'

2020-06-21 23:41:02 - [MESSAGE][PASSED] - Keys 'ENTER + ' sent to object: 'Object Repository/Account repository/Page_Contacts related/input EDM contact'

2020-06-21 23:41:02 - [TEST_STEP][PASSED] - click(findTestObject("Account repository/Page_Contacts related/button_Save contact")): Object: 'Object Repository/Account repository/Page_Contacts related/button_Save contact' is clicked on

2020-06-21 23:41:02 - [MESSAGE][PASSED] - Object: 'Object Repository/Account repository/Page_Contacts related/button_Save contact' is clicked on]]></system-out>
         <system-err><![CDATA[]]></system-err>
      </testcase>
      <system-out><![CDATA[2020-06-21 23:40:21 - [TEST_SUITE][ERROR] - 15: Test Cases/Account Test Case/30 FAILED.
Reason:
groovy.lang.MissingPropertyException: No such property: Keys for class: Script1592757559264
	at 30.run(30:29)
	at com.kms.katalon.core.main.ScriptEngine.run(ScriptEngine.java:194)
	at com.kms.katalon.core.main.ScriptEngine.runScriptAsRawText(ScriptEngine.java:119)
	at com.kms.katalon.core.main.TestCaseExecutor.runScript(TestCaseExecutor.java:337)
	at com.kms.katalon.core.main.TestCaseExecutor.doExecute(TestCaseExecutor.java:328)
	at com.kms.katalon.core.main.TestCaseExecutor.processExecutionPhase(TestCaseExecutor.java:307)
	at com.kms.katalon.core.main.TestCaseExecutor.accessMainPhase(TestCaseExecutor.java:299)
	at com.kms.katalon.core.main.TestCaseExecutor.execute(TestCaseExecutor.java:233)
	at com.kms.katalon.core.main.TestSuiteExecutor.accessTestCaseMainPhase(TestSuiteExecutor.java:169)
	at com.kms.katalon.core.main.TestSuiteExecutor.accessTestSuiteMainPhase(TestSuiteExecutor.java:142)
	at com.kms.katalon.core.main.TestSuiteExecutor.execute(TestSuiteExecutor.java:91)
	at com.kms.katalon.core.main.TestCaseMain.startTestSuite(TestCaseMain.java:157)
	at com.kms.katalon.core.main.TestCaseMain$startTestSuite$0.call(Unknown Source)
	at TempTestSuite1592757619572.run(TempTestSuite1592757619572.groovy:37)]]></system-out>
      <system-err><![CDATA[2020-06-21 23:40:21 - [TEST_SUITE][ERROR] - 15: Test Cases/Account Test Case/30 FAILED.
Reason:
groovy.lang.MissingPropertyException: No such property: Keys for class: Script1592757559264
	at 30.run(30:29)
	at com.kms.katalon.core.main.ScriptEngine.run(ScriptEngine.java:194)
	at com.kms.katalon.core.main.ScriptEngine.runScriptAsRawText(ScriptEngine.java:119)
	at com.kms.katalon.core.main.TestCaseExecutor.runScript(TestCaseExecutor.java:337)
	at com.kms.katalon.core.main.TestCaseExecutor.doExecute(TestCaseExecutor.java:328)
	at com.kms.katalon.core.main.TestCaseExecutor.processExecutionPhase(TestCaseExecutor.java:307)
	at com.kms.katalon.core.main.TestCaseExecutor.accessMainPhase(TestCaseExecutor.java:299)
	at com.kms.katalon.core.main.TestCaseExecutor.execute(TestCaseExecutor.java:233)
	at com.kms.katalon.core.main.TestSuiteExecutor.accessTestCaseMainPhase(TestSuiteExecutor.java:169)
	at com.kms.katalon.core.main.TestSuiteExecutor.accessTestSuiteMainPhase(TestSuiteExecutor.java:142)
	at com.kms.katalon.core.main.TestSuiteExecutor.execute(TestSuiteExecutor.java:91)
	at com.kms.katalon.core.main.TestCaseMain.startTestSuite(TestCaseMain.java:157)
	at com.kms.katalon.core.main.TestCaseMain$startTestSuite$0.call(Unknown Source)
	at TempTestSuite1592757619572.run(TempTestSuite1592757619572.groovy:37)]]></system-err>
   </testsuite>
</testsuites>
